Compiling the C compiler identification source file "CMakeCCompilerId.c" failed.
Compiler: /home/liaoheng/android-ndk/toolchains/aarch64-linux-android-4.9/prebuilt/linux-x86_64/bin/aarch64-linux-android-gcc 
Build flags: 
Id flags:  

The output was:
1
/home/liaoheng/android-ndk-r13b/toolchains/aarch64-linux-android-4.9/prebuilt/linux-x86_64/bin/../lib/gcc/aarch64-linux-android/4.9.x/../../../../aarch64-linux-android/bin/ld: cannot find crtbegin_dynamic.o: 没有那个文件或目录
/home/liaoheng/android-ndk-r13b/toolchains/aarch64-linux-android-4.9/prebuilt/linux-x86_64/bin/../lib/gcc/aarch64-linux-android/4.9.x/../../../../aarch64-linux-android/bin/ld: cannot find -lc
/home/liaoheng/android-ndk-r13b/toolchains/aarch64-linux-android-4.9/prebuilt/linux-x86_64/bin/../lib/gcc/aarch64-linux-android/4.9.x/../../../../aarch64-linux-android/bin/ld: cannot find -ldl
/home/liaoheng/android-ndk-r13b/toolchains/aarch64-linux-android-4.9/prebuilt/linux-x86_64/bin/../lib/gcc/aarch64-linux-android/4.9.x/../../../../aarch64-linux-android/bin/ld: cannot find crtend_android.o: 没有那个文件或目录
collect2: error: ld returned 1 exit status


Compiling the CXX compiler identification source file "CMakeCXXCompilerId.cpp" failed.
Compiler: /home/liaoheng/android-ndk/toolchains/aarch64-linux-android-4.9/prebuilt/linux-x86_64/bin/aarch64-linux-android-g++ 
Build flags: 
Id flags:  

The output was:
1
/home/liaoheng/android-ndk-r13b/toolchains/aarch64-linux-android-4.9/prebuilt/linux-x86_64/bin/../lib/gcc/aarch64-linux-android/4.9.x/../../../../aarch64-linux-android/bin/ld: cannot find crtbegin_dynamic.o: 没有那个文件或目录
/home/liaoheng/android-ndk-r13b/toolchains/aarch64-linux-android-4.9/prebuilt/linux-x86_64/bin/../lib/gcc/aarch64-linux-android/4.9.x/../../../../aarch64-linux-android/bin/ld: cannot find -lstdc++
/home/liaoheng/android-ndk-r13b/toolchains/aarch64-linux-android-4.9/prebuilt/linux-x86_64/bin/../lib/gcc/aarch64-linux-android/4.9.x/../../../../aarch64-linux-android/bin/ld: cannot find -lm
/home/liaoheng/android-ndk-r13b/toolchains/aarch64-linux-android-4.9/prebuilt/linux-x86_64/bin/../lib/gcc/aarch64-linux-android/4.9.x/../../../../aarch64-linux-android/bin/ld: cannot find -lc
/home/liaoheng/android-ndk-r13b/toolchains/aarch64-linux-android-4.9/prebuilt/linux-x86_64/bin/../lib/gcc/aarch64-linux-android/4.9.x/../../../../aarch64-linux-android/bin/ld: cannot find -ldl
/home/liaoheng/android-ndk-r13b/toolchains/aarch64-linux-android-4.9/prebuilt/linux-x86_64/bin/../lib/gcc/aarch64-linux-android/4.9.x/../../../../aarch64-linux-android/bin/ld: cannot find crtend_android.o: 没有那个文件或目录
collect2: error: ld returned 1 exit status


Performing C++ SOURCE FILE Test CC_HAS_STACK_REALIGN failed with the following output:
Change Dir: /home/liaoheng/ffmpeg-3.4.5/x265_2.7/build/android/temp/arm64-v8a/CMakeFiles/CMakeTmp

Run Build Command:"/usr/bin/make" "cmTC_86e6d/fast"
/usr/bin/make -f CMakeFiles/cmTC_86e6d.dir/build.make CMakeFiles/cmTC_86e6d.dir/build
make[1]: Entering directory '/home/liaoheng/ffmpeg-3.4.5/x265_2.7/build/android/temp/arm64-v8a/CMakeFiles/CMakeTmp'
Building CXX object CMakeFiles/cmTC_86e6d.dir/src.cxx.o
/home/liaoheng/android-ndk/toolchains/aarch64-linux-android-4.9/prebuilt/linux-x86_64/bin/aarch64-linux-android-g++ --sysroot=/home/liaoheng/android-ndk/platforms/android-21/arch-arm64   -isystem /home/liaoheng/android-ndk/sources/cxx-stl/gnu-libstdc++/4.9/include -isystem /home/liaoheng/android-ndk/sources/cxx-stl/gnu-libstdc++/4.9/libs/arm64-v8a/include -isystem /home/liaoheng/android-ndk/sources/cxx-stl/gnu-libstdc++/4.9/include/backward -isystem /home/liaoheng/android-ndk/platforms/android-21/arch-arm64/usr/include  -funwind-tables -no-canonical-prefixes -fexceptions -frtti -DCC_HAS_STACK_REALIGN -g -fPIE   -mstackrealign -o CMakeFiles/cmTC_86e6d.dir/src.cxx.o -c /home/liaoheng/ffmpeg-3.4.5/x265_2.7/build/android/temp/arm64-v8a/CMakeFiles/CMakeTmp/src.cxx
aarch64-linux-android-g++: error: unrecognized command line option '-mstackrealign'
CMakeFiles/cmTC_86e6d.dir/build.make:65: recipe for target 'CMakeFiles/cmTC_86e6d.dir/src.cxx.o' failed
make[1]: *** [CMakeFiles/cmTC_86e6d.dir/src.cxx.o] Error 1
make[1]: Leaving directory '/home/liaoheng/ffmpeg-3.4.5/x265_2.7/build/android/temp/arm64-v8a/CMakeFiles/CMakeTmp'
Makefile:126: recipe for target 'cmTC_86e6d/fast' failed
make: *** [cmTC_86e6d/fast] Error 2

Source file was:
int main() { return 0; }
