The target system is: Android - 21 - aarch64
The host system is: Linux - 4.15.0-88-generic - x86_64
Compiling the C compiler identification source file "CMakeCCompilerId.c" succeeded.
Compiler: /home/liaoheng/android-ndk/toolchains/aarch64-linux-android-4.9/prebuilt/linux-x86_64/bin/aarch64-linux-android-gcc 
Build flags: 
Id flags: -c 

The output was:
0


Compilation of the C compiler identification source "CMakeCCompilerId.c" produced "CMakeCCompilerId.o"

The C compiler identification is GNU, found in "/home/liaoheng/ffmpeg-3.4.5/x265_2.7/build/android/temp/arm64-v8a/CMakeFiles/3.10.2/CompilerIdC/CMakeCCompilerId.o"

Compiling the CXX compiler identification source file "CMakeCXXCompilerId.cpp" succeeded.
Compiler: /home/liaoheng/android-ndk/toolchains/aarch64-linux-android-4.9/prebuilt/linux-x86_64/bin/aarch64-linux-android-g++ 
Build flags: 
Id flags: -c 

The output was:
0


Compilation of the CXX compiler identification source "CMakeCXXCompilerId.cpp" produced "CMakeCXXCompilerId.o"

The CXX compiler identification is GNU, found in "/home/liaoheng/ffmpeg-3.4.5/x265_2.7/build/android/temp/arm64-v8a/CMakeFiles/3.10.2/CompilerIdCXX/CMakeCXXCompilerId.o"

Determining if the C compiler works passed with the following output:
Change Dir: /home/liaoheng/ffmpeg-3.4.5/x265_2.7/build/android/temp/arm64-v8a/CMakeFiles/CMakeTmp

Run Build Command:"/usr/bin/make" "cmTC_91d3f/fast"
/usr/bin/make -f CMakeFiles/cmTC_91d3f.dir/build.make CMakeFiles/cmTC_91d3f.dir/build
make[1]: 进入目录“/home/liaoheng/ffmpeg-3.4.5/x265_2.7/build/android/temp/arm64-v8a/CMakeFiles/CMakeTmp”
Building C object CMakeFiles/cmTC_91d3f.dir/testCCompiler.c.o
/home/liaoheng/android-ndk/toolchains/aarch64-linux-android-4.9/prebuilt/linux-x86_64/bin/aarch64-linux-android-gcc --sysroot=/home/liaoheng/android-ndk/platforms/android-21/arch-arm64  -isystem /home/liaoheng/android-ndk/platforms/android-21/arch-arm64/usr/include  -funwind-tables -no-canonical-prefixes -fexceptions  -g -fPIE   -o CMakeFiles/cmTC_91d3f.dir/testCCompiler.c.o   -c /home/liaoheng/ffmpeg-3.4.5/x265_2.7/build/android/temp/arm64-v8a/CMakeFiles/CMakeTmp/testCCompiler.c
Linking C executable cmTC_91d3f
/usr/bin/cmake -E cmake_link_script CMakeFiles/cmTC_91d3f.dir/link.txt --verbose=1
/home/liaoheng/android-ndk/toolchains/aarch64-linux-android-4.9/prebuilt/linux-x86_64/bin/aarch64-linux-android-gcc --sysroot=/home/liaoheng/android-ndk/platforms/android-21/arch-arm64 -funwind-tables -no-canonical-prefixes -fexceptions  -g  -fPIE -pie -Wl,--gc-sections  CMakeFiles/cmTC_91d3f.dir/testCCompiler.c.o  -o cmTC_91d3f 
make[1]: 离开目录“/home/liaoheng/ffmpeg-3.4.5/x265_2.7/build/android/temp/arm64-v8a/CMakeFiles/CMakeTmp”


Detecting C compiler ABI info compiled with the following output:
Change Dir: /home/liaoheng/ffmpeg-3.4.5/x265_2.7/build/android/temp/arm64-v8a/CMakeFiles/CMakeTmp

Run Build Command:"/usr/bin/make" "cmTC_64deb/fast"
/usr/bin/make -f CMakeFiles/cmTC_64deb.dir/build.make CMakeFiles/cmTC_64deb.dir/build
make[1]: 进入目录“/home/liaoheng/ffmpeg-3.4.5/x265_2.7/build/android/temp/arm64-v8a/CMakeFiles/CMakeTmp”
Building C object CMakeFiles/cmTC_64deb.dir/CMakeCCompilerABI.c.o
/home/liaoheng/android-ndk/toolchains/aarch64-linux-android-4.9/prebuilt/linux-x86_64/bin/aarch64-linux-android-gcc --sysroot=/home/liaoheng/android-ndk/platforms/android-21/arch-arm64  -isystem /home/liaoheng/android-ndk/platforms/android-21/arch-arm64/usr/include  -funwind-tables -no-canonical-prefixes -fexceptions  -g -fPIE   -o CMakeFiles/cmTC_64deb.dir/CMakeCCompilerABI.c.o   -c /usr/share/cmake-3.10/Modules/CMakeCCompilerABI.c
Linking C executable cmTC_64deb
/usr/bin/cmake -E cmake_link_script CMakeFiles/cmTC_64deb.dir/link.txt --verbose=1
/home/liaoheng/android-ndk/toolchains/aarch64-linux-android-4.9/prebuilt/linux-x86_64/bin/aarch64-linux-android-gcc --sysroot=/home/liaoheng/android-ndk/platforms/android-21/arch-arm64 -funwind-tables -no-canonical-prefixes -fexceptions  -g  -fPIE -pie -Wl,--gc-sections -v CMakeFiles/cmTC_64deb.dir/CMakeCCompilerABI.c.o  -o cmTC_64deb 
Using built-in specs.
COLLECT_GCC=/home/liaoheng/android-ndk/toolchains/aarch64-linux-android-4.9/prebuilt/linux-x86_64/bin/aarch64-linux-android-gcc
COLLECT_LTO_WRAPPER=/home/liaoheng/android-ndk/toolchains/aarch64-linux-android-4.9/prebuilt/linux-x86_64/bin/../libexec/gcc/aarch64-linux-android/4.9.x/lto-wrapper
Target: aarch64-linux-android
Configured with: /usr/local/google/buildbot/src/android/gcc/toolchain/build/../gcc/gcc-4.9/configure --prefix=/tmp/8ee0b8157b3409c4b84fff35696d6c90 --target=aarch64-linux-android --host=x86_64-linux-gnu --build=x86_64-linux-gnu --with-gnu-as --with-gnu-ld --enable-languages=c,c++ --with-gmp=/buildbot/tmp/build/toolchain/temp-install --with-mpfr=/buildbot/tmp/build/toolchain/temp-install --with-mpc=/buildbot/tmp/build/toolchain/temp-install --with-cloog=/buildbot/tmp/build/toolchain/temp-install --with-isl=/buildbot/tmp/build/toolchain/temp-install --with-ppl=/buildbot/tmp/build/toolchain/temp-install --disable-ppl-version-check --disable-cloog-version-check --disable-isl-version-check --enable-cloog-backend=isl --with-host-libstdcxx='-static-libgcc -Wl,-Bstatic,-lstdc++,-Bdynamic -lm' --disable-libssp --enable-threads --disable-nls --disable-libmudflap --disable-libgomp --disable-libstdc__-v3 --disable-sjlj-exceptions --disable-shared --disable-tls --disable-libitm --enable-bionic-libs --enable-libatomic-ifuncs=no --enable-initfini-array --disable-nls --prefix=/tmp/8ee0b8157b3409c4b84fff35696d6c90 --with-sysroot=/tmp/8ee0b8157b3409c4b84fff35696d6c90/sysroot --with-binutils-version=2.25 --with-mpfr-version=3.1.1 --with-mpc-version=1.0.1 --with-gmp-version=5.0.5 --with-gcc-version=4.9 --with-gdb-version=none --with-gxx-include-dir=/tmp/8ee0b8157b3409c4b84fff35696d6c90/include/c++/4.9.x --with-bugurl=http://source.android.com/source/report-bugs.html --enable-languages=c,c++ --disable-bootstrap --enable-plugins --enable-libgomp --enable-gnu-indirect-function --disable-libsanitizer --enable-gold --enable-ld=default --enable-threads --enable-eh-frame-hdr-for-static --enable-fix-cortex-a53-835769 --enable-graphite=yes --with-isl-version=0.11.1 --with-cloog-version=0.18.0 --program-transform-name='s&^&aarch64-linux-android-&' --enable-gold
Thread model: posix
gcc version 4.9.x 20150123 (prerelease) (GCC) 
COMPILER_PATH=/home/liaoheng/android-ndk/toolchains/aarch64-linux-android-4.9/prebuilt/linux-x86_64/bin/../libexec/gcc/aarch64-linux-android/4.9.x/:/home/liaoheng/android-ndk/toolchains/aarch64-linux-android-4.9/prebuilt/linux-x86_64/bin/../libexec/gcc/:/home/liaoheng/android-ndk/toolchains/aarch64-linux-android-4.9/prebuilt/linux-x86_64/bin/../lib/gcc/aarch64-linux-android/4.9.x/../../../../aarch64-linux-android/bin/
LIBRARY_PATH=/home/liaoheng/android-ndk/toolchains/aarch64-linux-android-4.9/prebuilt/linux-x86_64/bin/../lib/gcc/aarch64-linux-android/4.9.x/:/home/liaoheng/android-ndk/toolchains/aarch64-linux-android-4.9/prebuilt/linux-x86_64/bin/../lib/gcc/:/home/liaoheng/android-ndk/toolchains/aarch64-linux-android-4.9/prebuilt/linux-x86_64/bin/../lib/gcc/aarch64-linux-android/4.9.x/../../../../aarch64-linux-android/lib/../lib64/:/home/liaoheng/android-ndk/toolchains/aarch64-linux-android-4.9/prebuilt/linux-x86_64/bin/../lib/gcc/aarch64-linux-android/4.9.x/../../../../aarch64-linux-android/lib/:/home/liaoheng/android-ndk/platforms/android-21/arch-arm64/usr/lib/
COLLECT_GCC_OPTIONS='-funwind-tables' '-fexceptions' '-g' '-fPIE' '-pie' '-v' '-o' 'cmTC_64deb' '-mlittle-endian' '-mabi=lp64'
 /home/liaoheng/android-ndk/toolchains/aarch64-linux-android-4.9/prebuilt/linux-x86_64/bin/../libexec/gcc/aarch64-linux-android/4.9.x/collect2 -plugin /home/liaoheng/android-ndk/toolchains/aarch64-linux-android-4.9/prebuilt/linux-x86_64/bin/../libexec/gcc/aarch64-linux-android/4.9.x/liblto_plugin.so -plugin-opt=/home/liaoheng/android-ndk/toolchains/aarch64-linux-android-4.9/prebuilt/linux-x86_64/bin/../libexec/gcc/aarch64-linux-android/4.9.x/lto-wrapper -plugin-opt=-fresolution=/tmp/ccklZQxW.res -plugin-opt=-pass-through=-lgcc -plugin-opt=-pass-through=-lc -plugin-opt=-pass-through=-ldl -plugin-opt=-pass-through=-lgcc --sysroot=/home/liaoheng/android-ndk/platforms/android-21/arch-arm64 --eh-frame-hdr -dynamic-linker /system/bin/linker64 -X -EL -maarch64linux --fix-cortex-a53-835769 --fix-cortex-a53-843419 -z noexecstack -z relro -z now -pie -o cmTC_64deb /home/liaoheng/android-ndk/platforms/android-21/arch-arm64/usr/lib/crtbegin_dynamic.o -L/home/liaoheng/android-ndk/toolchains/aarch64-linux-android-4.9/prebuilt/linux-x86_64/bin/../lib/gcc/aarch64-linux-android/4.9.x -L/home/liaoheng/android-ndk/toolchains/aarch64-linux-android-4.9/prebuilt/linux-x86_64/bin/../lib/gcc -L/home/liaoheng/android-ndk/toolchains/aarch64-linux-android-4.9/prebuilt/linux-x86_64/bin/../lib/gcc/aarch64-linux-android/4.9.x/../../../../aarch64-linux-android/lib/../lib64 -L/home/liaoheng/android-ndk/toolchains/aarch64-linux-android-4.9/prebuilt/linux-x86_64/bin/../lib/gcc/aarch64-linux-android/4.9.x/../../../../aarch64-linux-android/lib -L/home/liaoheng/android-ndk/platforms/android-21/arch-arm64/usr/lib --gc-sections CMakeFiles/cmTC_64deb.dir/CMakeCCompilerABI.c.o -lgcc -lc -ldl -lgcc /home/liaoheng/android-ndk/platforms/android-21/arch-arm64/usr/lib/crtend_android.o
make[1]: 离开目录“/home/liaoheng/ffmpeg-3.4.5/x265_2.7/build/android/temp/arm64-v8a/CMakeFiles/CMakeTmp”


Parsed C implicit link information from above output:
  link line regex: [^( *|.*[/\])(aarch64-linux-android-ld|CMAKE_LINK_STARTFILE-NOTFOUND|([^/\]+-)?ld|collect2)[^/\]*( |$)]
  ignore line: [Change Dir: /home/liaoheng/ffmpeg-3.4.5/x265_2.7/build/android/temp/arm64-v8a/CMakeFiles/CMakeTmp]
  ignore line: []
  ignore line: [Run Build Command:"/usr/bin/make" "cmTC_64deb/fast"]
  ignore line: [/usr/bin/make -f CMakeFiles/cmTC_64deb.dir/build.make CMakeFiles/cmTC_64deb.dir/build]
  ignore line: [make[1]: 进入目录“/home/liaoheng/ffmpeg-3.4.5/x265_2.7/build/android/temp/arm64-v8a/CMakeFiles/CMakeTmp”]
  ignore line: [Building C object CMakeFiles/cmTC_64deb.dir/CMakeCCompilerABI.c.o]
  ignore line: [/home/liaoheng/android-ndk/toolchains/aarch64-linux-android-4.9/prebuilt/linux-x86_64/bin/aarch64-linux-android-gcc --sysroot=/home/liaoheng/android-ndk/platforms/android-21/arch-arm64  -isystem /home/liaoheng/android-ndk/platforms/android-21/arch-arm64/usr/include  -funwind-tables -no-canonical-prefixes -fexceptions  -g -fPIE   -o CMakeFiles/cmTC_64deb.dir/CMakeCCompilerABI.c.o   -c /usr/share/cmake-3.10/Modules/CMakeCCompilerABI.c]
  ignore line: [Linking C executable cmTC_64deb]
  ignore line: [/usr/bin/cmake -E cmake_link_script CMakeFiles/cmTC_64deb.dir/link.txt --verbose=1]
  ignore line: [/home/liaoheng/android-ndk/toolchains/aarch64-linux-android-4.9/prebuilt/linux-x86_64/bin/aarch64-linux-android-gcc --sysroot=/home/liaoheng/android-ndk/platforms/android-21/arch-arm64 -funwind-tables -no-canonical-prefixes -fexceptions  -g  -fPIE -pie -Wl,--gc-sections -v CMakeFiles/cmTC_64deb.dir/CMakeCCompilerABI.c.o  -o cmTC_64deb ]
  ignore line: [Using built-in specs.]
  ignore line: [COLLECT_GCC=/home/liaoheng/android-ndk/toolchains/aarch64-linux-android-4.9/prebuilt/linux-x86_64/bin/aarch64-linux-android-gcc]
  ignore line: [COLLECT_LTO_WRAPPER=/home/liaoheng/android-ndk/toolchains/aarch64-linux-android-4.9/prebuilt/linux-x86_64/bin/../libexec/gcc/aarch64-linux-android/4.9.x/lto-wrapper]
  ignore line: [Target: aarch64-linux-android]
  ignore line: [Configured with: /usr/local/google/buildbot/src/android/gcc/toolchain/build/../gcc/gcc-4.9/configure --prefix=/tmp/8ee0b8157b3409c4b84fff35696d6c90 --target=aarch64-linux-android --host=x86_64-linux-gnu --build=x86_64-linux-gnu --with-gnu-as --with-gnu-ld --enable-languages=c,c++ --with-gmp=/buildbot/tmp/build/toolchain/temp-install --with-mpfr=/buildbot/tmp/build/toolchain/temp-install --with-mpc=/buildbot/tmp/build/toolchain/temp-install --with-cloog=/buildbot/tmp/build/toolchain/temp-install --with-isl=/buildbot/tmp/build/toolchain/temp-install --with-ppl=/buildbot/tmp/build/toolchain/temp-install --disable-ppl-version-check --disable-cloog-version-check --disable-isl-version-check --enable-cloog-backend=isl --with-host-libstdcxx='-static-libgcc -Wl,-Bstatic,-lstdc++,-Bdynamic -lm' --disable-libssp --enable-threads --disable-nls --disable-libmudflap --disable-libgomp --disable-libstdc__-v3 --disable-sjlj-exceptions --disable-shared --disable-tls --disable-libitm --enable-bionic-libs --enable-libatomic-ifuncs=no --enable-initfini-array --disable-nls --prefix=/tmp/8ee0b8157b3409c4b84fff35696d6c90 --with-sysroot=/tmp/8ee0b8157b3409c4b84fff35696d6c90/sysroot --with-binutils-version=2.25 --with-mpfr-version=3.1.1 --with-mpc-version=1.0.1 --with-gmp-version=5.0.5 --with-gcc-version=4.9 --with-gdb-version=none --with-gxx-include-dir=/tmp/8ee0b8157b3409c4b84fff35696d6c90/include/c++/4.9.x --with-bugurl=http://source.android.com/source/report-bugs.html --enable-languages=c,c++ --disable-bootstrap --enable-plugins --enable-libgomp --enable-gnu-indirect-function --disable-libsanitizer --enable-gold --enable-ld=default --enable-threads --enable-eh-frame-hdr-for-static --enable-fix-cortex-a53-835769 --enable-graphite=yes --with-isl-version=0.11.1 --with-cloog-version=0.18.0 --program-transform-name='s&^&aarch64-linux-android-&' --enable-gold]
  ignore line: [Thread model: posix]
  ignore line: [gcc version 4.9.x 20150123 (prerelease) (GCC) ]
  ignore line: [COMPILER_PATH=/home/liaoheng/android-ndk/toolchains/aarch64-linux-android-4.9/prebuilt/linux-x86_64/bin/../libexec/gcc/aarch64-linux-android/4.9.x/:/home/liaoheng/android-ndk/toolchains/aarch64-linux-android-4.9/prebuilt/linux-x86_64/bin/../libexec/gcc/:/home/liaoheng/android-ndk/toolchains/aarch64-linux-android-4.9/prebuilt/linux-x86_64/bin/../lib/gcc/aarch64-linux-android/4.9.x/../../../../aarch64-linux-android/bin/]
  ignore line: [LIBRARY_PATH=/home/liaoheng/android-ndk/toolchains/aarch64-linux-android-4.9/prebuilt/linux-x86_64/bin/../lib/gcc/aarch64-linux-android/4.9.x/:/home/liaoheng/android-ndk/toolchains/aarch64-linux-android-4.9/prebuilt/linux-x86_64/bin/../lib/gcc/:/home/liaoheng/android-ndk/toolchains/aarch64-linux-android-4.9/prebuilt/linux-x86_64/bin/../lib/gcc/aarch64-linux-android/4.9.x/../../../../aarch64-linux-android/lib/../lib64/:/home/liaoheng/android-ndk/toolchains/aarch64-linux-android-4.9/prebuilt/linux-x86_64/bin/../lib/gcc/aarch64-linux-android/4.9.x/../../../../aarch64-linux-android/lib/:/home/liaoheng/android-ndk/platforms/android-21/arch-arm64/usr/lib/]
  ignore line: [COLLECT_GCC_OPTIONS='-funwind-tables' '-fexceptions' '-g' '-fPIE' '-pie' '-v' '-o' 'cmTC_64deb' '-mlittle-endian' '-mabi=lp64']
  link line: [ /home/liaoheng/android-ndk/toolchains/aarch64-linux-android-4.9/prebuilt/linux-x86_64/bin/../libexec/gcc/aarch64-linux-android/4.9.x/collect2 -plugin /home/liaoheng/android-ndk/toolchains/aarch64-linux-android-4.9/prebuilt/linux-x86_64/bin/../libexec/gcc/aarch64-linux-android/4.9.x/liblto_plugin.so -plugin-opt=/home/liaoheng/android-ndk/toolchains/aarch64-linux-android-4.9/prebuilt/linux-x86_64/bin/../libexec/gcc/aarch64-linux-android/4.9.x/lto-wrapper -plugin-opt=-fresolution=/tmp/ccklZQxW.res -plugin-opt=-pass-through=-lgcc -plugin-opt=-pass-through=-lc -plugin-opt=-pass-through=-ldl -plugin-opt=-pass-through=-lgcc --sysroot=/home/liaoheng/android-ndk/platforms/android-21/arch-arm64 --eh-frame-hdr -dynamic-linker /system/bin/linker64 -X -EL -maarch64linux --fix-cortex-a53-835769 --fix-cortex-a53-843419 -z noexecstack -z relro -z now -pie -o cmTC_64deb /home/liaoheng/android-ndk/platforms/android-21/arch-arm64/usr/lib/crtbegin_dynamic.o -L/home/liaoheng/android-ndk/toolchains/aarch64-linux-android-4.9/prebuilt/linux-x86_64/bin/../lib/gcc/aarch64-linux-android/4.9.x -L/home/liaoheng/android-ndk/toolchains/aarch64-linux-android-4.9/prebuilt/linux-x86_64/bin/../lib/gcc -L/home/liaoheng/android-ndk/toolchains/aarch64-linux-android-4.9/prebuilt/linux-x86_64/bin/../lib/gcc/aarch64-linux-android/4.9.x/../../../../aarch64-linux-android/lib/../lib64 -L/home/liaoheng/android-ndk/toolchains/aarch64-linux-android-4.9/prebuilt/linux-x86_64/bin/../lib/gcc/aarch64-linux-android/4.9.x/../../../../aarch64-linux-android/lib -L/home/liaoheng/android-ndk/platforms/android-21/arch-arm64/usr/lib --gc-sections CMakeFiles/cmTC_64deb.dir/CMakeCCompilerABI.c.o -lgcc -lc -ldl -lgcc /home/liaoheng/android-ndk/platforms/android-21/arch-arm64/usr/lib/crtend_android.o]
    arg [/home/liaoheng/android-ndk/toolchains/aarch64-linux-android-4.9/prebuilt/linux-x86_64/bin/../libexec/gcc/aarch64-linux-android/4.9.x/collect2] ==> ignore
    arg [-plugin] ==> ignore
    arg [/home/liaoheng/android-ndk/toolchains/aarch64-linux-android-4.9/prebuilt/linux-x86_64/bin/../libexec/gcc/aarch64-linux-android/4.9.x/liblto_plugin.so] ==> ignore
    arg [-plugin-opt=/home/liaoheng/android-ndk/toolchains/aarch64-linux-android-4.9/prebuilt/linux-x86_64/bin/../libexec/gcc/aarch64-linux-android/4.9.x/lto-wrapper] ==> ignore
    arg [-plugin-opt=-fresolution=/tmp/ccklZQxW.res] ==> ignore
    arg [-plugin-opt=-pass-through=-lgcc] ==> ignore
    arg [-plugin-opt=-pass-through=-lc] ==> ignore
    arg [-plugin-opt=-pass-through=-ldl] ==> ignore
    arg [-plugin-opt=-pass-through=-lgcc] ==> ignore
    arg [--sysroot=/home/liaoheng/android-ndk/platforms/android-21/arch-arm64] ==> ignore
    arg [--eh-frame-hdr] ==> ignore
    arg [-dynamic-linker] ==> ignore
    arg [/system/bin/linker64] ==> ignore
    arg [-X] ==> ignore
    arg [-EL] ==> ignore
    arg [-maarch64linux] ==> ignore
    arg [--fix-cortex-a53-835769] ==> ignore
    arg [--fix-cortex-a53-843419] ==> ignore
    arg [-znoexecstack] ==> ignore
    arg [-zrelro] ==> ignore
    arg [-znow] ==> ignore
    arg [-pie] ==> ignore
    arg [-o] ==> ignore
    arg [cmTC_64deb] ==> ignore
    arg [/home/liaoheng/android-ndk/platforms/android-21/arch-arm64/usr/lib/crtbegin_dynamic.o] ==> ignore
    arg [-L/home/liaoheng/android-ndk/toolchains/aarch64-linux-android-4.9/prebuilt/linux-x86_64/bin/../lib/gcc/aarch64-linux-android/4.9.x] ==> dir [/home/liaoheng/android-ndk/toolchains/aarch64-linux-android-4.9/prebuilt/linux-x86_64/bin/../lib/gcc/aarch64-linux-android/4.9.x]
    arg [-L/home/liaoheng/android-ndk/toolchains/aarch64-linux-android-4.9/prebuilt/linux-x86_64/bin/../lib/gcc] ==> dir [/home/liaoheng/android-ndk/toolchains/aarch64-linux-android-4.9/prebuilt/linux-x86_64/bin/../lib/gcc]
    arg [-L/home/liaoheng/android-ndk/toolchains/aarch64-linux-android-4.9/prebuilt/linux-x86_64/bin/../lib/gcc/aarch64-linux-android/4.9.x/../../../../aarch64-linux-android/lib/../lib64] ==> dir [/home/liaoheng/android-ndk/toolchains/aarch64-linux-android-4.9/prebuilt/linux-x86_64/bin/../lib/gcc/aarch64-linux-android/4.9.x/../../../../aarch64-linux-android/lib/../lib64]
    arg [-L/home/liaoheng/android-ndk/toolchains/aarch64-linux-android-4.9/prebuilt/linux-x86_64/bin/../lib/gcc/aarch64-linux-android/4.9.x/../../../../aarch64-linux-android/lib] ==> dir [/home/liaoheng/android-ndk/toolchains/aarch64-linux-android-4.9/prebuilt/linux-x86_64/bin/../lib/gcc/aarch64-linux-android/4.9.x/../../../../aarch64-linux-android/lib]
    arg [-L/home/liaoheng/android-ndk/platforms/android-21/arch-arm64/usr/lib] ==> dir [/home/liaoheng/android-ndk/platforms/android-21/arch-arm64/usr/lib]
    arg [--gc-sections] ==> ignore
    arg [CMakeFiles/cmTC_64deb.dir/CMakeCCompilerABI.c.o] ==> ignore
    arg [-lgcc] ==> lib [gcc]
    arg [-lc] ==> lib [c]
    arg [-ldl] ==> lib [dl]
    arg [-lgcc] ==> lib [gcc]
    arg [/home/liaoheng/android-ndk/platforms/android-21/arch-arm64/usr/lib/crtend_android.o] ==> ignore
  collapse library dir [/home/liaoheng/android-ndk/toolchains/aarch64-linux-android-4.9/prebuilt/linux-x86_64/bin/../lib/gcc/aarch64-linux-android/4.9.x] ==> [/home/liaoheng/android-ndk/toolchains/aarch64-linux-android-4.9/prebuilt/linux-x86_64/lib/gcc/aarch64-linux-android/4.9.x]
  collapse library dir [/home/liaoheng/android-ndk/toolchains/aarch64-linux-android-4.9/prebuilt/linux-x86_64/bin/../lib/gcc] ==> [/home/liaoheng/android-ndk/toolchains/aarch64-linux-android-4.9/prebuilt/linux-x86_64/lib/gcc]
  collapse library dir [/home/liaoheng/android-ndk/toolchains/aarch64-linux-android-4.9/prebuilt/linux-x86_64/bin/../lib/gcc/aarch64-linux-android/4.9.x/../../../../aarch64-linux-android/lib/../lib64] ==> [/home/liaoheng/android-ndk/toolchains/aarch64-linux-android-4.9/prebuilt/linux-x86_64/aarch64-linux-android/lib64]
  collapse library dir [/home/liaoheng/android-ndk/toolchains/aarch64-linux-android-4.9/prebuilt/linux-x86_64/bin/../lib/gcc/aarch64-linux-android/4.9.x/../../../../aarch64-linux-android/lib] ==> [/home/liaoheng/android-ndk/toolchains/aarch64-linux-android-4.9/prebuilt/linux-x86_64/aarch64-linux-android/lib]
  collapse library dir [/home/liaoheng/android-ndk/platforms/android-21/arch-arm64/usr/lib] ==> [/home/liaoheng/android-ndk/platforms/android-21/arch-arm64/usr/lib]
  implicit libs: [gcc;c;dl;gcc]
  implicit dirs: [/home/liaoheng/android-ndk/toolchains/aarch64-linux-android-4.9/prebuilt/linux-x86_64/lib/gcc/aarch64-linux-android/4.9.x;/home/liaoheng/android-ndk/toolchains/aarch64-linux-android-4.9/prebuilt/linux-x86_64/lib/gcc;/home/liaoheng/android-ndk/toolchains/aarch64-linux-android-4.9/prebuilt/linux-x86_64/aarch64-linux-android/lib64;/home/liaoheng/android-ndk/toolchains/aarch64-linux-android-4.9/prebuilt/linux-x86_64/aarch64-linux-android/lib;/home/liaoheng/android-ndk/platforms/android-21/arch-arm64/usr/lib]
  implicit fwks: []




Detecting C [-std=c11] compiler features compiled with the following output:
Change Dir: /home/liaoheng/ffmpeg-3.4.5/x265_2.7/build/android/temp/arm64-v8a/CMakeFiles/CMakeTmp

Run Build Command:"/usr/bin/make" "cmTC_a4ca9/fast"
/usr/bin/make -f CMakeFiles/cmTC_a4ca9.dir/build.make CMakeFiles/cmTC_a4ca9.dir/build
make[1]: 进入目录“/home/liaoheng/ffmpeg-3.4.5/x265_2.7/build/android/temp/arm64-v8a/CMakeFiles/CMakeTmp”
Building C object CMakeFiles/cmTC_a4ca9.dir/feature_tests.c.o
/home/liaoheng/android-ndk/toolchains/aarch64-linux-android-4.9/prebuilt/linux-x86_64/bin/aarch64-linux-android-gcc --sysroot=/home/liaoheng/android-ndk/platforms/android-21/arch-arm64  -isystem /home/liaoheng/android-ndk/platforms/android-21/arch-arm64/usr/include  -funwind-tables -no-canonical-prefixes -fexceptions  -g -fPIE   -std=c11 -o CMakeFiles/cmTC_a4ca9.dir/feature_tests.c.o   -c /home/liaoheng/ffmpeg-3.4.5/x265_2.7/build/android/temp/arm64-v8a/CMakeFiles/feature_tests.c
Linking C executable cmTC_a4ca9
/usr/bin/cmake -E cmake_link_script CMakeFiles/cmTC_a4ca9.dir/link.txt --verbose=1
/home/liaoheng/android-ndk/toolchains/aarch64-linux-android-4.9/prebuilt/linux-x86_64/bin/aarch64-linux-android-gcc --sysroot=/home/liaoheng/android-ndk/platforms/android-21/arch-arm64 -funwind-tables -no-canonical-prefixes -fexceptions  -g  -fPIE -pie -Wl,--gc-sections  CMakeFiles/cmTC_a4ca9.dir/feature_tests.c.o  -o cmTC_a4ca9 
make[1]: 离开目录“/home/liaoheng/ffmpeg-3.4.5/x265_2.7/build/android/temp/arm64-v8a/CMakeFiles/CMakeTmp”


    Feature record: C_FEATURE:1c_function_prototypes
    Feature record: C_FEATURE:1c_restrict
    Feature record: C_FEATURE:1c_static_assert
    Feature record: C_FEATURE:1c_variadic_macros


Detecting C [-std=c99] compiler features compiled with the following output:
Change Dir: /home/liaoheng/ffmpeg-3.4.5/x265_2.7/build/android/temp/arm64-v8a/CMakeFiles/CMakeTmp

Run Build Command:"/usr/bin/make" "cmTC_f171f/fast"
/usr/bin/make -f CMakeFiles/cmTC_f171f.dir/build.make CMakeFiles/cmTC_f171f.dir/build
make[1]: 进入目录“/home/liaoheng/ffmpeg-3.4.5/x265_2.7/build/android/temp/arm64-v8a/CMakeFiles/CMakeTmp”
Building C object CMakeFiles/cmTC_f171f.dir/feature_tests.c.o
/home/liaoheng/android-ndk/toolchains/aarch64-linux-android-4.9/prebuilt/linux-x86_64/bin/aarch64-linux-android-gcc --sysroot=/home/liaoheng/android-ndk/platforms/android-21/arch-arm64  -isystem /home/liaoheng/android-ndk/platforms/android-21/arch-arm64/usr/include  -funwind-tables -no-canonical-prefixes -fexceptions  -g -fPIE   -std=c99 -o CMakeFiles/cmTC_f171f.dir/feature_tests.c.o   -c /home/liaoheng/ffmpeg-3.4.5/x265_2.7/build/android/temp/arm64-v8a/CMakeFiles/feature_tests.c
Linking C executable cmTC_f171f
/usr/bin/cmake -E cmake_link_script CMakeFiles/cmTC_f171f.dir/link.txt --verbose=1
/home/liaoheng/android-ndk/toolchains/aarch64-linux-android-4.9/prebuilt/linux-x86_64/bin/aarch64-linux-android-gcc --sysroot=/home/liaoheng/android-ndk/platforms/android-21/arch-arm64 -funwind-tables -no-canonical-prefixes -fexceptions  -g  -fPIE -pie -Wl,--gc-sections  CMakeFiles/cmTC_f171f.dir/feature_tests.c.o  -o cmTC_f171f 
make[1]: 离开目录“/home/liaoheng/ffmpeg-3.4.5/x265_2.7/build/android/temp/arm64-v8a/CMakeFiles/CMakeTmp”


    Feature record: C_FEATURE:1c_function_prototypes
    Feature record: C_FEATURE:1c_restrict
    Feature record: C_FEATURE:0c_static_assert
    Feature record: C_FEATURE:1c_variadic_macros


Detecting C [-std=c90] compiler features compiled with the following output:
Change Dir: /home/liaoheng/ffmpeg-3.4.5/x265_2.7/build/android/temp/arm64-v8a/CMakeFiles/CMakeTmp

Run Build Command:"/usr/bin/make" "cmTC_a1a47/fast"
/usr/bin/make -f CMakeFiles/cmTC_a1a47.dir/build.make CMakeFiles/cmTC_a1a47.dir/build
make[1]: 进入目录“/home/liaoheng/ffmpeg-3.4.5/x265_2.7/build/android/temp/arm64-v8a/CMakeFiles/CMakeTmp”
Building C object CMakeFiles/cmTC_a1a47.dir/feature_tests.c.o
/home/liaoheng/android-ndk/toolchains/aarch64-linux-android-4.9/prebuilt/linux-x86_64/bin/aarch64-linux-android-gcc --sysroot=/home/liaoheng/android-ndk/platforms/android-21/arch-arm64  -isystem /home/liaoheng/android-ndk/platforms/android-21/arch-arm64/usr/include  -funwind-tables -no-canonical-prefixes -fexceptions  -g -fPIE   -std=c90 -o CMakeFiles/cmTC_a1a47.dir/feature_tests.c.o   -c /home/liaoheng/ffmpeg-3.4.5/x265_2.7/build/android/temp/arm64-v8a/CMakeFiles/feature_tests.c
Linking C executable cmTC_a1a47
/usr/bin/cmake -E cmake_link_script CMakeFiles/cmTC_a1a47.dir/link.txt --verbose=1
/home/liaoheng/android-ndk/toolchains/aarch64-linux-android-4.9/prebuilt/linux-x86_64/bin/aarch64-linux-android-gcc --sysroot=/home/liaoheng/android-ndk/platforms/android-21/arch-arm64 -funwind-tables -no-canonical-prefixes -fexceptions  -g  -fPIE -pie -Wl,--gc-sections  CMakeFiles/cmTC_a1a47.dir/feature_tests.c.o  -o cmTC_a1a47 
make[1]: 离开目录“/home/liaoheng/ffmpeg-3.4.5/x265_2.7/build/android/temp/arm64-v8a/CMakeFiles/CMakeTmp”


    Feature record: C_FEATURE:1c_function_prototypes
    Feature record: C_FEATURE:0c_restrict
    Feature record: C_FEATURE:0c_static_assert
    Feature record: C_FEATURE:0c_variadic_macros
Determining if the CXX compiler works passed with the following output:
Change Dir: /home/liaoheng/ffmpeg-3.4.5/x265_2.7/build/android/temp/arm64-v8a/CMakeFiles/CMakeTmp

Run Build Command:"/usr/bin/make" "cmTC_5423d/fast"
/usr/bin/make -f CMakeFiles/cmTC_5423d.dir/build.make CMakeFiles/cmTC_5423d.dir/build
make[1]: 进入目录“/home/liaoheng/ffmpeg-3.4.5/x265_2.7/build/android/temp/arm64-v8a/CMakeFiles/CMakeTmp”
Building CXX object CMakeFiles/cmTC_5423d.dir/testCXXCompiler.cxx.o
/home/liaoheng/android-ndk/toolchains/aarch64-linux-android-4.9/prebuilt/linux-x86_64/bin/aarch64-linux-android-g++ --sysroot=/home/liaoheng/android-ndk/platforms/android-21/arch-arm64   -isystem /home/liaoheng/android-ndk/sources/cxx-stl/gnu-libstdc++/4.9/include -isystem /home/liaoheng/android-ndk/sources/cxx-stl/gnu-libstdc++/4.9/libs/arm64-v8a/include -isystem /home/liaoheng/android-ndk/sources/cxx-stl/gnu-libstdc++/4.9/include/backward -isystem /home/liaoheng/android-ndk/platforms/android-21/arch-arm64/usr/include  -funwind-tables -no-canonical-prefixes -fexceptions -frtti  -g -fPIE   -o CMakeFiles/cmTC_5423d.dir/testCXXCompiler.cxx.o -c /home/liaoheng/ffmpeg-3.4.5/x265_2.7/build/android/temp/arm64-v8a/CMakeFiles/CMakeTmp/testCXXCompiler.cxx
Linking CXX executable cmTC_5423d
/usr/bin/cmake -E cmake_link_script CMakeFiles/cmTC_5423d.dir/link.txt --verbose=1
/home/liaoheng/android-ndk/toolchains/aarch64-linux-android-4.9/prebuilt/linux-x86_64/bin/aarch64-linux-android-g++ --sysroot=/home/liaoheng/android-ndk/platforms/android-21/arch-arm64  -funwind-tables -no-canonical-prefixes -fexceptions -frtti  -g  -fPIE -pie -Wl,--gc-sections  CMakeFiles/cmTC_5423d.dir/testCXXCompiler.cxx.o  -o cmTC_5423d  "/home/liaoheng/android-ndk/sources/cxx-stl/gnu-libstdc++/4.9/libs/arm64-v8a/libgnustl_static.a" 
make[1]: 离开目录“/home/liaoheng/ffmpeg-3.4.5/x265_2.7/build/android/temp/arm64-v8a/CMakeFiles/CMakeTmp”


Detecting CXX compiler ABI info compiled with the following output:
Change Dir: /home/liaoheng/ffmpeg-3.4.5/x265_2.7/build/android/temp/arm64-v8a/CMakeFiles/CMakeTmp

Run Build Command:"/usr/bin/make" "cmTC_39965/fast"
/usr/bin/make -f CMakeFiles/cmTC_39965.dir/build.make CMakeFiles/cmTC_39965.dir/build
make[1]: 进入目录“/home/liaoheng/ffmpeg-3.4.5/x265_2.7/build/android/temp/arm64-v8a/CMakeFiles/CMakeTmp”
Building CXX object CMakeFiles/cmTC_39965.dir/CMakeCXXCompilerABI.cpp.o
/home/liaoheng/android-ndk/toolchains/aarch64-linux-android-4.9/prebuilt/linux-x86_64/bin/aarch64-linux-android-g++ --sysroot=/home/liaoheng/android-ndk/platforms/android-21/arch-arm64   -isystem /home/liaoheng/android-ndk/sources/cxx-stl/gnu-libstdc++/4.9/include -isystem /home/liaoheng/android-ndk/sources/cxx-stl/gnu-libstdc++/4.9/libs/arm64-v8a/include -isystem /home/liaoheng/android-ndk/sources/cxx-stl/gnu-libstdc++/4.9/include/backward -isystem /home/liaoheng/android-ndk/platforms/android-21/arch-arm64/usr/include  -funwind-tables -no-canonical-prefixes -fexceptions -frtti  -g -fPIE   -o CMakeFiles/cmTC_39965.dir/CMakeCXXCompilerABI.cpp.o -c /usr/share/cmake-3.10/Modules/CMakeCXXCompilerABI.cpp
Linking CXX executable cmTC_39965
/usr/bin/cmake -E cmake_link_script CMakeFiles/cmTC_39965.dir/link.txt --verbose=1
/home/liaoheng/android-ndk/toolchains/aarch64-linux-android-4.9/prebuilt/linux-x86_64/bin/aarch64-linux-android-g++ --sysroot=/home/liaoheng/android-ndk/platforms/android-21/arch-arm64  -funwind-tables -no-canonical-prefixes -fexceptions -frtti  -g  -fPIE -pie -Wl,--gc-sections -v CMakeFiles/cmTC_39965.dir/CMakeCXXCompilerABI.cpp.o  -o cmTC_39965  "/home/liaoheng/android-ndk/sources/cxx-stl/gnu-libstdc++/4.9/libs/arm64-v8a/libgnustl_static.a" 
Using built-in specs.
COLLECT_GCC=/home/liaoheng/android-ndk/toolchains/aarch64-linux-android-4.9/prebuilt/linux-x86_64/bin/aarch64-linux-android-g++
COLLECT_LTO_WRAPPER=/home/liaoheng/android-ndk/toolchains/aarch64-linux-android-4.9/prebuilt/linux-x86_64/bin/../libexec/gcc/aarch64-linux-android/4.9.x/lto-wrapper
Target: aarch64-linux-android
Configured with: /usr/local/google/buildbot/src/android/gcc/toolchain/build/../gcc/gcc-4.9/configure --prefix=/tmp/8ee0b8157b3409c4b84fff35696d6c90 --target=aarch64-linux-android --host=x86_64-linux-gnu --build=x86_64-linux-gnu --with-gnu-as --with-gnu-ld --enable-languages=c,c++ --with-gmp=/buildbot/tmp/build/toolchain/temp-install --with-mpfr=/buildbot/tmp/build/toolchain/temp-install --with-mpc=/buildbot/tmp/build/toolchain/temp-install --with-cloog=/buildbot/tmp/build/toolchain/temp-install --with-isl=/buildbot/tmp/build/toolchain/temp-install --with-ppl=/buildbot/tmp/build/toolchain/temp-install --disable-ppl-version-check --disable-cloog-version-check --disable-isl-version-check --enable-cloog-backend=isl --with-host-libstdcxx='-static-libgcc -Wl,-Bstatic,-lstdc++,-Bdynamic -lm' --disable-libssp --enable-threads --disable-nls --disable-libmudflap --disable-libgomp --disable-libstdc__-v3 --disable-sjlj-exceptions --disable-shared --disable-tls --disable-libitm --enable-bionic-libs --enable-libatomic-ifuncs=no --enable-initfini-array --disable-nls --prefix=/tmp/8ee0b8157b3409c4b84fff35696d6c90 --with-sysroot=/tmp/8ee0b8157b3409c4b84fff35696d6c90/sysroot --with-binutils-version=2.25 --with-mpfr-version=3.1.1 --with-mpc-version=1.0.1 --with-gmp-version=5.0.5 --with-gcc-version=4.9 --with-gdb-version=none --with-gxx-include-dir=/tmp/8ee0b8157b3409c4b84fff35696d6c90/include/c++/4.9.x --with-bugurl=http://source.android.com/source/report-bugs.html --enable-languages=c,c++ --disable-bootstrap --enable-plugins --enable-libgomp --enable-gnu-indirect-function --disable-libsanitizer --enable-gold --enable-ld=default --enable-threads --enable-eh-frame-hdr-for-static --enable-fix-cortex-a53-835769 --enable-graphite=yes --with-isl-version=0.11.1 --with-cloog-version=0.18.0 --program-transform-name='s&^&aarch64-linux-android-&' --enable-gold
Thread model: posix
gcc version 4.9.x 20150123 (prerelease) (GCC) 
COMPILER_PATH=/home/liaoheng/android-ndk/toolchains/aarch64-linux-android-4.9/prebuilt/linux-x86_64/bin/../libexec/gcc/aarch64-linux-android/4.9.x/:/home/liaoheng/android-ndk/toolchains/aarch64-linux-android-4.9/prebuilt/linux-x86_64/bin/../libexec/gcc/:/home/liaoheng/android-ndk/toolchains/aarch64-linux-android-4.9/prebuilt/linux-x86_64/bin/../lib/gcc/aarch64-linux-android/4.9.x/../../../../aarch64-linux-android/bin/
LIBRARY_PATH=/home/liaoheng/android-ndk/toolchains/aarch64-linux-android-4.9/prebuilt/linux-x86_64/bin/../lib/gcc/aarch64-linux-android/4.9.x/:/home/liaoheng/android-ndk/toolchains/aarch64-linux-android-4.9/prebuilt/linux-x86_64/bin/../lib/gcc/:/home/liaoheng/android-ndk/toolchains/aarch64-linux-android-4.9/prebuilt/linux-x86_64/bin/../lib/gcc/aarch64-linux-android/4.9.x/../../../../aarch64-linux-android/lib/../lib64/:/home/liaoheng/android-ndk/toolchains/aarch64-linux-android-4.9/prebuilt/linux-x86_64/bin/../lib/gcc/aarch64-linux-android/4.9.x/../../../../aarch64-linux-android/lib/:/home/liaoheng/android-ndk/platforms/android-21/arch-arm64/usr/lib/
COLLECT_GCC_OPTIONS='-funwind-tables' '-fexceptions' '-frtti' '-g' '-fPIE' '-pie' '-v' '-o' 'cmTC_39965' '-mlittle-endian' '-mabi=lp64'
 /home/liaoheng/android-ndk/toolchains/aarch64-linux-android-4.9/prebuilt/linux-x86_64/bin/../libexec/gcc/aarch64-linux-android/4.9.x/collect2 -plugin /home/liaoheng/android-ndk/toolchains/aarch64-linux-android-4.9/prebuilt/linux-x86_64/bin/../libexec/gcc/aarch64-linux-android/4.9.x/liblto_plugin.so -plugin-opt=/home/liaoheng/android-ndk/toolchains/aarch64-linux-android-4.9/prebuilt/linux-x86_64/bin/../libexec/gcc/aarch64-linux-android/4.9.x/lto-wrapper -plugin-opt=-fresolution=/tmp/ccfKgsuq.res -plugin-opt=-pass-through=-lgcc -plugin-opt=-pass-through=-lc -plugin-opt=-pass-through=-ldl -plugin-opt=-pass-through=-lgcc --sysroot=/home/liaoheng/android-ndk/platforms/android-21/arch-arm64 --eh-frame-hdr -dynamic-linker /system/bin/linker64 -X -EL -maarch64linux --fix-cortex-a53-835769 --fix-cortex-a53-843419 -z noexecstack -z relro -z now -pie -o cmTC_39965 /home/liaoheng/android-ndk/platforms/android-21/arch-arm64/usr/lib/crtbegin_dynamic.o -L/home/liaoheng/android-ndk/toolchains/aarch64-linux-android-4.9/prebuilt/linux-x86_64/bin/../lib/gcc/aarch64-linux-android/4.9.x -L/home/liaoheng/android-ndk/toolchains/aarch64-linux-android-4.9/prebuilt/linux-x86_64/bin/../lib/gcc -L/home/liaoheng/android-ndk/toolchains/aarch64-linux-android-4.9/prebuilt/linux-x86_64/bin/../lib/gcc/aarch64-linux-android/4.9.x/../../../../aarch64-linux-android/lib/../lib64 -L/home/liaoheng/android-ndk/toolchains/aarch64-linux-android-4.9/prebuilt/linux-x86_64/bin/../lib/gcc/aarch64-linux-android/4.9.x/../../../../aarch64-linux-android/lib -L/home/liaoheng/android-ndk/platforms/android-21/arch-arm64/usr/lib --gc-sections CMakeFiles/cmTC_39965.dir/CMakeCXXCompilerABI.cpp.o /home/liaoheng/android-ndk/sources/cxx-stl/gnu-libstdc++/4.9/libs/arm64-v8a/libgnustl_static.a -lstdc++ -lm -lgcc -lc -ldl -lgcc /home/liaoheng/android-ndk/platforms/android-21/arch-arm64/usr/lib/crtend_android.o
make[1]: 离开目录“/home/liaoheng/ffmpeg-3.4.5/x265_2.7/build/android/temp/arm64-v8a/CMakeFiles/CMakeTmp”


Parsed CXX implicit link information from above output:
  link line regex: [^( *|.*[/\])(aarch64-linux-android-ld|CMAKE_LINK_STARTFILE-NOTFOUND|([^/\]+-)?ld|collect2)[^/\]*( |$)]
  ignore line: [Change Dir: /home/liaoheng/ffmpeg-3.4.5/x265_2.7/build/android/temp/arm64-v8a/CMakeFiles/CMakeTmp]
  ignore line: []
  ignore line: [Run Build Command:"/usr/bin/make" "cmTC_39965/fast"]
  ignore line: [/usr/bin/make -f CMakeFiles/cmTC_39965.dir/build.make CMakeFiles/cmTC_39965.dir/build]
  ignore line: [make[1]: 进入目录“/home/liaoheng/ffmpeg-3.4.5/x265_2.7/build/android/temp/arm64-v8a/CMakeFiles/CMakeTmp”]
  ignore line: [Building CXX object CMakeFiles/cmTC_39965.dir/CMakeCXXCompilerABI.cpp.o]
  ignore line: [/home/liaoheng/android-ndk/toolchains/aarch64-linux-android-4.9/prebuilt/linux-x86_64/bin/aarch64-linux-android-g++ --sysroot=/home/liaoheng/android-ndk/platforms/android-21/arch-arm64   -isystem /home/liaoheng/android-ndk/sources/cxx-stl/gnu-libstdc++/4.9/include -isystem /home/liaoheng/android-ndk/sources/cxx-stl/gnu-libstdc++/4.9/libs/arm64-v8a/include -isystem /home/liaoheng/android-ndk/sources/cxx-stl/gnu-libstdc++/4.9/include/backward -isystem /home/liaoheng/android-ndk/platforms/android-21/arch-arm64/usr/include  -funwind-tables -no-canonical-prefixes -fexceptions -frtti  -g -fPIE   -o CMakeFiles/cmTC_39965.dir/CMakeCXXCompilerABI.cpp.o -c /usr/share/cmake-3.10/Modules/CMakeCXXCompilerABI.cpp]
  ignore line: [Linking CXX executable cmTC_39965]
  ignore line: [/usr/bin/cmake -E cmake_link_script CMakeFiles/cmTC_39965.dir/link.txt --verbose=1]
  ignore line: [/home/liaoheng/android-ndk/toolchains/aarch64-linux-android-4.9/prebuilt/linux-x86_64/bin/aarch64-linux-android-g++ --sysroot=/home/liaoheng/android-ndk/platforms/android-21/arch-arm64  -funwind-tables -no-canonical-prefixes -fexceptions -frtti  -g  -fPIE -pie -Wl,--gc-sections -v CMakeFiles/cmTC_39965.dir/CMakeCXXCompilerABI.cpp.o  -o cmTC_39965  "/home/liaoheng/android-ndk/sources/cxx-stl/gnu-libstdc++/4.9/libs/arm64-v8a/libgnustl_static.a" ]
  ignore line: [Using built-in specs.]
  ignore line: [COLLECT_GCC=/home/liaoheng/android-ndk/toolchains/aarch64-linux-android-4.9/prebuilt/linux-x86_64/bin/aarch64-linux-android-g++]
  ignore line: [COLLECT_LTO_WRAPPER=/home/liaoheng/android-ndk/toolchains/aarch64-linux-android-4.9/prebuilt/linux-x86_64/bin/../libexec/gcc/aarch64-linux-android/4.9.x/lto-wrapper]
  ignore line: [Target: aarch64-linux-android]
  ignore line: [Configured with: /usr/local/google/buildbot/src/android/gcc/toolchain/build/../gcc/gcc-4.9/configure --prefix=/tmp/8ee0b8157b3409c4b84fff35696d6c90 --target=aarch64-linux-android --host=x86_64-linux-gnu --build=x86_64-linux-gnu --with-gnu-as --with-gnu-ld --enable-languages=c,c++ --with-gmp=/buildbot/tmp/build/toolchain/temp-install --with-mpfr=/buildbot/tmp/build/toolchain/temp-install --with-mpc=/buildbot/tmp/build/toolchain/temp-install --with-cloog=/buildbot/tmp/build/toolchain/temp-install --with-isl=/buildbot/tmp/build/toolchain/temp-install --with-ppl=/buildbot/tmp/build/toolchain/temp-install --disable-ppl-version-check --disable-cloog-version-check --disable-isl-version-check --enable-cloog-backend=isl --with-host-libstdcxx='-static-libgcc -Wl,-Bstatic,-lstdc++,-Bdynamic -lm' --disable-libssp --enable-threads --disable-nls --disable-libmudflap --disable-libgomp --disable-libstdc__-v3 --disable-sjlj-exceptions --disable-shared --disable-tls --disable-libitm --enable-bionic-libs --enable-libatomic-ifuncs=no --enable-initfini-array --disable-nls --prefix=/tmp/8ee0b8157b3409c4b84fff35696d6c90 --with-sysroot=/tmp/8ee0b8157b3409c4b84fff35696d6c90/sysroot --with-binutils-version=2.25 --with-mpfr-version=3.1.1 --with-mpc-version=1.0.1 --with-gmp-version=5.0.5 --with-gcc-version=4.9 --with-gdb-version=none --with-gxx-include-dir=/tmp/8ee0b8157b3409c4b84fff35696d6c90/include/c++/4.9.x --with-bugurl=http://source.android.com/source/report-bugs.html --enable-languages=c,c++ --disable-bootstrap --enable-plugins --enable-libgomp --enable-gnu-indirect-function --disable-libsanitizer --enable-gold --enable-ld=default --enable-threads --enable-eh-frame-hdr-for-static --enable-fix-cortex-a53-835769 --enable-graphite=yes --with-isl-version=0.11.1 --with-cloog-version=0.18.0 --program-transform-name='s&^&aarch64-linux-android-&' --enable-gold]
  ignore line: [Thread model: posix]
  ignore line: [gcc version 4.9.x 20150123 (prerelease) (GCC) ]
  ignore line: [COMPILER_PATH=/home/liaoheng/android-ndk/toolchains/aarch64-linux-android-4.9/prebuilt/linux-x86_64/bin/../libexec/gcc/aarch64-linux-android/4.9.x/:/home/liaoheng/android-ndk/toolchains/aarch64-linux-android-4.9/prebuilt/linux-x86_64/bin/../libexec/gcc/:/home/liaoheng/android-ndk/toolchains/aarch64-linux-android-4.9/prebuilt/linux-x86_64/bin/../lib/gcc/aarch64-linux-android/4.9.x/../../../../aarch64-linux-android/bin/]
  ignore line: [LIBRARY_PATH=/home/liaoheng/android-ndk/toolchains/aarch64-linux-android-4.9/prebuilt/linux-x86_64/bin/../lib/gcc/aarch64-linux-android/4.9.x/:/home/liaoheng/android-ndk/toolchains/aarch64-linux-android-4.9/prebuilt/linux-x86_64/bin/../lib/gcc/:/home/liaoheng/android-ndk/toolchains/aarch64-linux-android-4.9/prebuilt/linux-x86_64/bin/../lib/gcc/aarch64-linux-android/4.9.x/../../../../aarch64-linux-android/lib/../lib64/:/home/liaoheng/android-ndk/toolchains/aarch64-linux-android-4.9/prebuilt/linux-x86_64/bin/../lib/gcc/aarch64-linux-android/4.9.x/../../../../aarch64-linux-android/lib/:/home/liaoheng/android-ndk/platforms/android-21/arch-arm64/usr/lib/]
  ignore line: [COLLECT_GCC_OPTIONS='-funwind-tables' '-fexceptions' '-frtti' '-g' '-fPIE' '-pie' '-v' '-o' 'cmTC_39965' '-mlittle-endian' '-mabi=lp64']
  link line: [ /home/liaoheng/android-ndk/toolchains/aarch64-linux-android-4.9/prebuilt/linux-x86_64/bin/../libexec/gcc/aarch64-linux-android/4.9.x/collect2 -plugin /home/liaoheng/android-ndk/toolchains/aarch64-linux-android-4.9/prebuilt/linux-x86_64/bin/../libexec/gcc/aarch64-linux-android/4.9.x/liblto_plugin.so -plugin-opt=/home/liaoheng/android-ndk/toolchains/aarch64-linux-android-4.9/prebuilt/linux-x86_64/bin/../libexec/gcc/aarch64-linux-android/4.9.x/lto-wrapper -plugin-opt=-fresolution=/tmp/ccfKgsuq.res -plugin-opt=-pass-through=-lgcc -plugin-opt=-pass-through=-lc -plugin-opt=-pass-through=-ldl -plugin-opt=-pass-through=-lgcc --sysroot=/home/liaoheng/android-ndk/platforms/android-21/arch-arm64 --eh-frame-hdr -dynamic-linker /system/bin/linker64 -X -EL -maarch64linux --fix-cortex-a53-835769 --fix-cortex-a53-843419 -z noexecstack -z relro -z now -pie -o cmTC_39965 /home/liaoheng/android-ndk/platforms/android-21/arch-arm64/usr/lib/crtbegin_dynamic.o -L/home/liaoheng/android-ndk/toolchains/aarch64-linux-android-4.9/prebuilt/linux-x86_64/bin/../lib/gcc/aarch64-linux-android/4.9.x -L/home/liaoheng/android-ndk/toolchains/aarch64-linux-android-4.9/prebuilt/linux-x86_64/bin/../lib/gcc -L/home/liaoheng/android-ndk/toolchains/aarch64-linux-android-4.9/prebuilt/linux-x86_64/bin/../lib/gcc/aarch64-linux-android/4.9.x/../../../../aarch64-linux-android/lib/../lib64 -L/home/liaoheng/android-ndk/toolchains/aarch64-linux-android-4.9/prebuilt/linux-x86_64/bin/../lib/gcc/aarch64-linux-android/4.9.x/../../../../aarch64-linux-android/lib -L/home/liaoheng/android-ndk/platforms/android-21/arch-arm64/usr/lib --gc-sections CMakeFiles/cmTC_39965.dir/CMakeCXXCompilerABI.cpp.o /home/liaoheng/android-ndk/sources/cxx-stl/gnu-libstdc++/4.9/libs/arm64-v8a/libgnustl_static.a -lstdc++ -lm -lgcc -lc -ldl -lgcc /home/liaoheng/android-ndk/platforms/android-21/arch-arm64/usr/lib/crtend_android.o]
    arg [/home/liaoheng/android-ndk/toolchains/aarch64-linux-android-4.9/prebuilt/linux-x86_64/bin/../libexec/gcc/aarch64-linux-android/4.9.x/collect2] ==> ignore
    arg [-plugin] ==> ignore
    arg [/home/liaoheng/android-ndk/toolchains/aarch64-linux-android-4.9/prebuilt/linux-x86_64/bin/../libexec/gcc/aarch64-linux-android/4.9.x/liblto_plugin.so] ==> ignore
    arg [-plugin-opt=/home/liaoheng/android-ndk/toolchains/aarch64-linux-android-4.9/prebuilt/linux-x86_64/bin/../libexec/gcc/aarch64-linux-android/4.9.x/lto-wrapper] ==> ignore
    arg [-plugin-opt=-fresolution=/tmp/ccfKgsuq.res] ==> ignore
    arg [-plugin-opt=-pass-through=-lgcc] ==> ignore
    arg [-plugin-opt=-pass-through=-lc] ==> ignore
    arg [-plugin-opt=-pass-through=-ldl] ==> ignore
    arg [-plugin-opt=-pass-through=-lgcc] ==> ignore
    arg [--sysroot=/home/liaoheng/android-ndk/platforms/android-21/arch-arm64] ==> ignore
    arg [--eh-frame-hdr] ==> ignore
    arg [-dynamic-linker] ==> ignore
    arg [/system/bin/linker64] ==> ignore
    arg [-X] ==> ignore
    arg [-EL] ==> ignore
    arg [-maarch64linux] ==> ignore
    arg [--fix-cortex-a53-835769] ==> ignore
    arg [--fix-cortex-a53-843419] ==> ignore
    arg [-znoexecstack] ==> ignore
    arg [-zrelro] ==> ignore
    arg [-znow] ==> ignore
    arg [-pie] ==> ignore
    arg [-o] ==> ignore
    arg [cmTC_39965] ==> ignore
    arg [/home/liaoheng/android-ndk/platforms/android-21/arch-arm64/usr/lib/crtbegin_dynamic.o] ==> ignore
    arg [-L/home/liaoheng/android-ndk/toolchains/aarch64-linux-android-4.9/prebuilt/linux-x86_64/bin/../lib/gcc/aarch64-linux-android/4.9.x] ==> dir [/home/liaoheng/android-ndk/toolchains/aarch64-linux-android-4.9/prebuilt/linux-x86_64/bin/../lib/gcc/aarch64-linux-android/4.9.x]
    arg [-L/home/liaoheng/android-ndk/toolchains/aarch64-linux-android-4.9/prebuilt/linux-x86_64/bin/../lib/gcc] ==> dir [/home/liaoheng/android-ndk/toolchains/aarch64-linux-android-4.9/prebuilt/linux-x86_64/bin/../lib/gcc]
    arg [-L/home/liaoheng/android-ndk/toolchains/aarch64-linux-android-4.9/prebuilt/linux-x86_64/bin/../lib/gcc/aarch64-linux-android/4.9.x/../../../../aarch64-linux-android/lib/../lib64] ==> dir [/home/liaoheng/android-ndk/toolchains/aarch64-linux-android-4.9/prebuilt/linux-x86_64/bin/../lib/gcc/aarch64-linux-android/4.9.x/../../../../aarch64-linux-android/lib/../lib64]
    arg [-L/home/liaoheng/android-ndk/toolchains/aarch64-linux-android-4.9/prebuilt/linux-x86_64/bin/../lib/gcc/aarch64-linux-android/4.9.x/../../../../aarch64-linux-android/lib] ==> dir [/home/liaoheng/android-ndk/toolchains/aarch64-linux-android-4.9/prebuilt/linux-x86_64/bin/../lib/gcc/aarch64-linux-android/4.9.x/../../../../aarch64-linux-android/lib]
    arg [-L/home/liaoheng/android-ndk/platforms/android-21/arch-arm64/usr/lib] ==> dir [/home/liaoheng/android-ndk/platforms/android-21/arch-arm64/usr/lib]
    arg [--gc-sections] ==> ignore
    arg [CMakeFiles/cmTC_39965.dir/CMakeCXXCompilerABI.cpp.o] ==> ignore
    arg [/home/liaoheng/android-ndk/sources/cxx-stl/gnu-libstdc++/4.9/libs/arm64-v8a/libgnustl_static.a] ==> lib [/home/liaoheng/android-ndk/sources/cxx-stl/gnu-libstdc++/4.9/libs/arm64-v8a/libgnustl_static.a]
    arg [-lstdc++] ==> lib [stdc++]
    arg [-lm] ==> lib [m]
    arg [-lgcc] ==> lib [gcc]
    arg [-lc] ==> lib [c]
    arg [-ldl] ==> lib [dl]
    arg [-lgcc] ==> lib [gcc]
    arg [/home/liaoheng/android-ndk/platforms/android-21/arch-arm64/usr/lib/crtend_android.o] ==> ignore
  collapse library dir [/home/liaoheng/android-ndk/toolchains/aarch64-linux-android-4.9/prebuilt/linux-x86_64/bin/../lib/gcc/aarch64-linux-android/4.9.x] ==> [/home/liaoheng/android-ndk/toolchains/aarch64-linux-android-4.9/prebuilt/linux-x86_64/lib/gcc/aarch64-linux-android/4.9.x]
  collapse library dir [/home/liaoheng/android-ndk/toolchains/aarch64-linux-android-4.9/prebuilt/linux-x86_64/bin/../lib/gcc] ==> [/home/liaoheng/android-ndk/toolchains/aarch64-linux-android-4.9/prebuilt/linux-x86_64/lib/gcc]
  collapse library dir [/home/liaoheng/android-ndk/toolchains/aarch64-linux-android-4.9/prebuilt/linux-x86_64/bin/../lib/gcc/aarch64-linux-android/4.9.x/../../../../aarch64-linux-android/lib/../lib64] ==> [/home/liaoheng/android-ndk/toolchains/aarch64-linux-android-4.9/prebuilt/linux-x86_64/aarch64-linux-android/lib64]
  collapse library dir [/home/liaoheng/android-ndk/toolchains/aarch64-linux-android-4.9/prebuilt/linux-x86_64/bin/../lib/gcc/aarch64-linux-android/4.9.x/../../../../aarch64-linux-android/lib] ==> [/home/liaoheng/android-ndk/toolchains/aarch64-linux-android-4.9/prebuilt/linux-x86_64/aarch64-linux-android/lib]
  collapse library dir [/home/liaoheng/android-ndk/platforms/android-21/arch-arm64/usr/lib] ==> [/home/liaoheng/android-ndk/platforms/android-21/arch-arm64/usr/lib]
  implicit libs: [/home/liaoheng/android-ndk/sources/cxx-stl/gnu-libstdc++/4.9/libs/arm64-v8a/libgnustl_static.a;stdc++;m;gcc;c;dl;gcc]
  implicit dirs: [/home/liaoheng/android-ndk/toolchains/aarch64-linux-android-4.9/prebuilt/linux-x86_64/lib/gcc/aarch64-linux-android/4.9.x;/home/liaoheng/android-ndk/toolchains/aarch64-linux-android-4.9/prebuilt/linux-x86_64/lib/gcc;/home/liaoheng/android-ndk/toolchains/aarch64-linux-android-4.9/prebuilt/linux-x86_64/aarch64-linux-android/lib64;/home/liaoheng/android-ndk/toolchains/aarch64-linux-android-4.9/prebuilt/linux-x86_64/aarch64-linux-android/lib;/home/liaoheng/android-ndk/platforms/android-21/arch-arm64/usr/lib]
  implicit fwks: []




Detecting CXX [-std=c++14] compiler features compiled with the following output:
Change Dir: /home/liaoheng/ffmpeg-3.4.5/x265_2.7/build/android/temp/arm64-v8a/CMakeFiles/CMakeTmp

Run Build Command:"/usr/bin/make" "cmTC_0f05f/fast"
/usr/bin/make -f CMakeFiles/cmTC_0f05f.dir/build.make CMakeFiles/cmTC_0f05f.dir/build
make[1]: 进入目录“/home/liaoheng/ffmpeg-3.4.5/x265_2.7/build/android/temp/arm64-v8a/CMakeFiles/CMakeTmp”
Building CXX object CMakeFiles/cmTC_0f05f.dir/feature_tests.cxx.o
/home/liaoheng/android-ndk/toolchains/aarch64-linux-android-4.9/prebuilt/linux-x86_64/bin/aarch64-linux-android-g++ --sysroot=/home/liaoheng/android-ndk/platforms/android-21/arch-arm64   -isystem /home/liaoheng/android-ndk/sources/cxx-stl/gnu-libstdc++/4.9/include -isystem /home/liaoheng/android-ndk/sources/cxx-stl/gnu-libstdc++/4.9/libs/arm64-v8a/include -isystem /home/liaoheng/android-ndk/sources/cxx-stl/gnu-libstdc++/4.9/include/backward -isystem /home/liaoheng/android-ndk/platforms/android-21/arch-arm64/usr/include  -funwind-tables -no-canonical-prefixes -fexceptions -frtti  -g -fPIE   -std=c++14 -o CMakeFiles/cmTC_0f05f.dir/feature_tests.cxx.o -c /home/liaoheng/ffmpeg-3.4.5/x265_2.7/build/android/temp/arm64-v8a/CMakeFiles/feature_tests.cxx
Linking CXX executable cmTC_0f05f
/usr/bin/cmake -E cmake_link_script CMakeFiles/cmTC_0f05f.dir/link.txt --verbose=1
/home/liaoheng/android-ndk/toolchains/aarch64-linux-android-4.9/prebuilt/linux-x86_64/bin/aarch64-linux-android-g++ --sysroot=/home/liaoheng/android-ndk/platforms/android-21/arch-arm64  -funwind-tables -no-canonical-prefixes -fexceptions -frtti  -g  -fPIE -pie -Wl,--gc-sections  CMakeFiles/cmTC_0f05f.dir/feature_tests.cxx.o  -o cmTC_0f05f  "/home/liaoheng/android-ndk/sources/cxx-stl/gnu-libstdc++/4.9/libs/arm64-v8a/libgnustl_static.a" 
make[1]: 离开目录“/home/liaoheng/ffmpeg-3.4.5/x265_2.7/build/android/temp/arm64-v8a/CMakeFiles/CMakeTmp”


    Feature record: CXX_FEATURE:0cxx_aggregate_default_initializers
    Feature record: CXX_FEATURE:1cxx_alias_templates
    Feature record: CXX_FEATURE:1cxx_alignas
    Feature record: CXX_FEATURE:1cxx_alignof
    Feature record: CXX_FEATURE:1cxx_attributes
    Feature record: CXX_FEATURE:1cxx_attribute_deprecated
    Feature record: CXX_FEATURE:1cxx_auto_type
    Feature record: CXX_FEATURE:1cxx_binary_literals
    Feature record: CXX_FEATURE:1cxx_constexpr
    Feature record: CXX_FEATURE:1cxx_contextual_conversions
    Feature record: CXX_FEATURE:1cxx_decltype
    Feature record: CXX_FEATURE:1cxx_decltype_auto
    Feature record: CXX_FEATURE:1cxx_decltype_incomplete_return_types
    Feature record: CXX_FEATURE:1cxx_default_function_template_args
    Feature record: CXX_FEATURE:1cxx_defaulted_functions
    Feature record: CXX_FEATURE:1cxx_defaulted_move_initializers
    Feature record: CXX_FEATURE:1cxx_delegating_constructors
    Feature record: CXX_FEATURE:1cxx_deleted_functions
    Feature record: CXX_FEATURE:1cxx_digit_separators
    Feature record: CXX_FEATURE:1cxx_enum_forward_declarations
    Feature record: CXX_FEATURE:1cxx_explicit_conversions
    Feature record: CXX_FEATURE:1cxx_extended_friend_declarations
    Feature record: CXX_FEATURE:1cxx_extern_templates
    Feature record: CXX_FEATURE:1cxx_final
    Feature record: CXX_FEATURE:1cxx_func_identifier
    Feature record: CXX_FEATURE:1cxx_generalized_initializers
    Feature record: CXX_FEATURE:1cxx_generic_lambdas
    Feature record: CXX_FEATURE:1cxx_inheriting_constructors
    Feature record: CXX_FEATURE:1cxx_inline_namespaces
    Feature record: CXX_FEATURE:1cxx_lambdas
    Feature record: CXX_FEATURE:1cxx_lambda_init_captures
    Feature record: CXX_FEATURE:1cxx_local_type_template_args
    Feature record: CXX_FEATURE:1cxx_long_long_type
    Feature record: CXX_FEATURE:1cxx_noexcept
    Feature record: CXX_FEATURE:1cxx_nonstatic_member_init
    Feature record: CXX_FEATURE:1cxx_nullptr
    Feature record: CXX_FEATURE:1cxx_override
    Feature record: CXX_FEATURE:1cxx_range_for
    Feature record: CXX_FEATURE:1cxx_raw_string_literals
    Feature record: CXX_FEATURE:1cxx_reference_qualified_functions
    Feature record: CXX_FEATURE:0cxx_relaxed_constexpr
    Feature record: CXX_FEATURE:1cxx_return_type_deduction
    Feature record: CXX_FEATURE:1cxx_right_angle_brackets
    Feature record: CXX_FEATURE:1cxx_rvalue_references
    Feature record: CXX_FEATURE:1cxx_sizeof_member
    Feature record: CXX_FEATURE:1cxx_static_assert
    Feature record: CXX_FEATURE:1cxx_strong_enums
    Feature record: CXX_FEATURE:1cxx_template_template_parameters
    Feature record: CXX_FEATURE:1cxx_thread_local
    Feature record: CXX_FEATURE:1cxx_trailing_return_types
    Feature record: CXX_FEATURE:1cxx_unicode_literals
    Feature record: CXX_FEATURE:1cxx_uniform_initialization
    Feature record: CXX_FEATURE:1cxx_unrestricted_unions
    Feature record: CXX_FEATURE:1cxx_user_literals
    Feature record: CXX_FEATURE:0cxx_variable_templates
    Feature record: CXX_FEATURE:1cxx_variadic_macros
    Feature record: CXX_FEATURE:1cxx_variadic_templates


Detecting CXX [-std=c++11] compiler features compiled with the following output:
Change Dir: /home/liaoheng/ffmpeg-3.4.5/x265_2.7/build/android/temp/arm64-v8a/CMakeFiles/CMakeTmp

Run Build Command:"/usr/bin/make" "cmTC_8963c/fast"
/usr/bin/make -f CMakeFiles/cmTC_8963c.dir/build.make CMakeFiles/cmTC_8963c.dir/build
make[1]: 进入目录“/home/liaoheng/ffmpeg-3.4.5/x265_2.7/build/android/temp/arm64-v8a/CMakeFiles/CMakeTmp”
Building CXX object CMakeFiles/cmTC_8963c.dir/feature_tests.cxx.o
/home/liaoheng/android-ndk/toolchains/aarch64-linux-android-4.9/prebuilt/linux-x86_64/bin/aarch64-linux-android-g++ --sysroot=/home/liaoheng/android-ndk/platforms/android-21/arch-arm64   -isystem /home/liaoheng/android-ndk/sources/cxx-stl/gnu-libstdc++/4.9/include -isystem /home/liaoheng/android-ndk/sources/cxx-stl/gnu-libstdc++/4.9/libs/arm64-v8a/include -isystem /home/liaoheng/android-ndk/sources/cxx-stl/gnu-libstdc++/4.9/include/backward -isystem /home/liaoheng/android-ndk/platforms/android-21/arch-arm64/usr/include  -funwind-tables -no-canonical-prefixes -fexceptions -frtti  -g -fPIE   -std=c++11 -o CMakeFiles/cmTC_8963c.dir/feature_tests.cxx.o -c /home/liaoheng/ffmpeg-3.4.5/x265_2.7/build/android/temp/arm64-v8a/CMakeFiles/feature_tests.cxx
Linking CXX executable cmTC_8963c
/usr/bin/cmake -E cmake_link_script CMakeFiles/cmTC_8963c.dir/link.txt --verbose=1
/home/liaoheng/android-ndk/toolchains/aarch64-linux-android-4.9/prebuilt/linux-x86_64/bin/aarch64-linux-android-g++ --sysroot=/home/liaoheng/android-ndk/platforms/android-21/arch-arm64  -funwind-tables -no-canonical-prefixes -fexceptions -frtti  -g  -fPIE -pie -Wl,--gc-sections  CMakeFiles/cmTC_8963c.dir/feature_tests.cxx.o  -o cmTC_8963c  "/home/liaoheng/android-ndk/sources/cxx-stl/gnu-libstdc++/4.9/libs/arm64-v8a/libgnustl_static.a" 
make[1]: 离开目录“/home/liaoheng/ffmpeg-3.4.5/x265_2.7/build/android/temp/arm64-v8a/CMakeFiles/CMakeTmp”


    Feature record: CXX_FEATURE:0cxx_aggregate_default_initializers
    Feature record: CXX_FEATURE:1cxx_alias_templates
    Feature record: CXX_FEATURE:1cxx_alignas
    Feature record: CXX_FEATURE:1cxx_alignof
    Feature record: CXX_FEATURE:1cxx_attributes
    Feature record: CXX_FEATURE:0cxx_attribute_deprecated
    Feature record: CXX_FEATURE:1cxx_auto_type
    Feature record: CXX_FEATURE:0cxx_binary_literals
    Feature record: CXX_FEATURE:1cxx_constexpr
    Feature record: CXX_FEATURE:0cxx_contextual_conversions
    Feature record: CXX_FEATURE:1cxx_decltype
    Feature record: CXX_FEATURE:0cxx_decltype_auto
    Feature record: CXX_FEATURE:1cxx_decltype_incomplete_return_types
    Feature record: CXX_FEATURE:1cxx_default_function_template_args
    Feature record: CXX_FEATURE:1cxx_defaulted_functions
    Feature record: CXX_FEATURE:1cxx_defaulted_move_initializers
    Feature record: CXX_FEATURE:1cxx_delegating_constructors
    Feature record: CXX_FEATURE:1cxx_deleted_functions
    Feature record: CXX_FEATURE:0cxx_digit_separators
    Feature record: CXX_FEATURE:1cxx_enum_forward_declarations
    Feature record: CXX_FEATURE:1cxx_explicit_conversions
    Feature record: CXX_FEATURE:1cxx_extended_friend_declarations
    Feature record: CXX_FEATURE:1cxx_extern_templates
    Feature record: CXX_FEATURE:1cxx_final
    Feature record: CXX_FEATURE:1cxx_func_identifier
    Feature record: CXX_FEATURE:1cxx_generalized_initializers
    Feature record: CXX_FEATURE:0cxx_generic_lambdas
    Feature record: CXX_FEATURE:1cxx_inheriting_constructors
    Feature record: CXX_FEATURE:1cxx_inline_namespaces
    Feature record: CXX_FEATURE:1cxx_lambdas
    Feature record: CXX_FEATURE:0cxx_lambda_init_captures
    Feature record: CXX_FEATURE:1cxx_local_type_template_args
    Feature record: CXX_FEATURE:1cxx_long_long_type
    Feature record: CXX_FEATURE:1cxx_noexcept
    Feature record: CXX_FEATURE:1cxx_nonstatic_member_init
    Feature record: CXX_FEATURE:1cxx_nullptr
    Feature record: CXX_FEATURE:1cxx_override
    Feature record: CXX_FEATURE:1cxx_range_for
    Feature record: CXX_FEATURE:1cxx_raw_string_literals
    Feature record: CXX_FEATURE:1cxx_reference_qualified_functions
    Feature record: CXX_FEATURE:0cxx_relaxed_constexpr
    Feature record: CXX_FEATURE:0cxx_return_type_deduction
    Feature record: CXX_FEATURE:1cxx_right_angle_brackets
    Feature record: CXX_FEATURE:1cxx_rvalue_references
    Feature record: CXX_FEATURE:1cxx_sizeof_member
    Feature record: CXX_FEATURE:1cxx_static_assert
    Feature record: CXX_FEATURE:1cxx_strong_enums
    Feature record: CXX_FEATURE:1cxx_template_template_parameters
    Feature record: CXX_FEATURE:1cxx_thread_local
    Feature record: CXX_FEATURE:1cxx_trailing_return_types
    Feature record: CXX_FEATURE:1cxx_unicode_literals
    Feature record: CXX_FEATURE:1cxx_uniform_initialization
    Feature record: CXX_FEATURE:1cxx_unrestricted_unions
    Feature record: CXX_FEATURE:1cxx_user_literals
    Feature record: CXX_FEATURE:0cxx_variable_templates
    Feature record: CXX_FEATURE:1cxx_variadic_macros
    Feature record: CXX_FEATURE:1cxx_variadic_templates


Detecting CXX [-std=c++98] compiler features compiled with the following output:
Change Dir: /home/liaoheng/ffmpeg-3.4.5/x265_2.7/build/android/temp/arm64-v8a/CMakeFiles/CMakeTmp

Run Build Command:"/usr/bin/make" "cmTC_912e4/fast"
/usr/bin/make -f CMakeFiles/cmTC_912e4.dir/build.make CMakeFiles/cmTC_912e4.dir/build
make[1]: 进入目录“/home/liaoheng/ffmpeg-3.4.5/x265_2.7/build/android/temp/arm64-v8a/CMakeFiles/CMakeTmp”
Building CXX object CMakeFiles/cmTC_912e4.dir/feature_tests.cxx.o
/home/liaoheng/android-ndk/toolchains/aarch64-linux-android-4.9/prebuilt/linux-x86_64/bin/aarch64-linux-android-g++ --sysroot=/home/liaoheng/android-ndk/platforms/android-21/arch-arm64   -isystem /home/liaoheng/android-ndk/sources/cxx-stl/gnu-libstdc++/4.9/include -isystem /home/liaoheng/android-ndk/sources/cxx-stl/gnu-libstdc++/4.9/libs/arm64-v8a/include -isystem /home/liaoheng/android-ndk/sources/cxx-stl/gnu-libstdc++/4.9/include/backward -isystem /home/liaoheng/android-ndk/platforms/android-21/arch-arm64/usr/include  -funwind-tables -no-canonical-prefixes -fexceptions -frtti  -g -fPIE   -std=c++98 -o CMakeFiles/cmTC_912e4.dir/feature_tests.cxx.o -c /home/liaoheng/ffmpeg-3.4.5/x265_2.7/build/android/temp/arm64-v8a/CMakeFiles/feature_tests.cxx
Linking CXX executable cmTC_912e4
/usr/bin/cmake -E cmake_link_script CMakeFiles/cmTC_912e4.dir/link.txt --verbose=1
/home/liaoheng/android-ndk/toolchains/aarch64-linux-android-4.9/prebuilt/linux-x86_64/bin/aarch64-linux-android-g++ --sysroot=/home/liaoheng/android-ndk/platforms/android-21/arch-arm64  -funwind-tables -no-canonical-prefixes -fexceptions -frtti  -g  -fPIE -pie -Wl,--gc-sections  CMakeFiles/cmTC_912e4.dir/feature_tests.cxx.o  -o cmTC_912e4  "/home/liaoheng/android-ndk/sources/cxx-stl/gnu-libstdc++/4.9/libs/arm64-v8a/libgnustl_static.a" 
make[1]: 离开目录“/home/liaoheng/ffmpeg-3.4.5/x265_2.7/build/android/temp/arm64-v8a/CMakeFiles/CMakeTmp”


    Feature record: CXX_FEATURE:0cxx_aggregate_default_initializers
    Feature record: CXX_FEATURE:0cxx_alias_templates
    Feature record: CXX_FEATURE:0cxx_alignas
    Feature record: CXX_FEATURE:0cxx_alignof
    Feature record: CXX_FEATURE:0cxx_attributes
    Feature record: CXX_FEATURE:0cxx_attribute_deprecated
    Feature record: CXX_FEATURE:0cxx_auto_type
    Feature record: CXX_FEATURE:0cxx_binary_literals
    Feature record: CXX_FEATURE:0cxx_constexpr
    Feature record: CXX_FEATURE:0cxx_contextual_conversions
    Feature record: CXX_FEATURE:0cxx_decltype
    Feature record: CXX_FEATURE:0cxx_decltype_auto
    Feature record: CXX_FEATURE:0cxx_decltype_incomplete_return_types
    Feature record: CXX_FEATURE:0cxx_default_function_template_args
    Feature record: CXX_FEATURE:0cxx_defaulted_functions
    Feature record: CXX_FEATURE:0cxx_defaulted_move_initializers
    Feature record: CXX_FEATURE:0cxx_delegating_constructors
    Feature record: CXX_FEATURE:0cxx_deleted_functions
    Feature record: CXX_FEATURE:0cxx_digit_separators
    Feature record: CXX_FEATURE:0cxx_enum_forward_declarations
    Feature record: CXX_FEATURE:0cxx_explicit_conversions
    Feature record: CXX_FEATURE:0cxx_extended_friend_declarations
    Feature record: CXX_FEATURE:0cxx_extern_templates
    Feature record: CXX_FEATURE:0cxx_final
    Feature record: CXX_FEATURE:0cxx_func_identifier
    Feature record: CXX_FEATURE:0cxx_generalized_initializers
    Feature record: CXX_FEATURE:0cxx_generic_lambdas
    Feature record: CXX_FEATURE:0cxx_inheriting_constructors
    Feature record: CXX_FEATURE:0cxx_inline_namespaces
    Feature record: CXX_FEATURE:0cxx_lambdas
    Feature record: CXX_FEATURE:0cxx_lambda_init_captures
    Feature record: CXX_FEATURE:0cxx_local_type_template_args
    Feature record: CXX_FEATURE:0cxx_long_long_type
    Feature record: CXX_FEATURE:0cxx_noexcept
    Feature record: CXX_FEATURE:0cxx_nonstatic_member_init
    Feature record: CXX_FEATURE:0cxx_nullptr
    Feature record: CXX_FEATURE:0cxx_override
    Feature record: CXX_FEATURE:0cxx_range_for
    Feature record: CXX_FEATURE:0cxx_raw_string_literals
    Feature record: CXX_FEATURE:0cxx_reference_qualified_functions
    Feature record: CXX_FEATURE:0cxx_relaxed_constexpr
    Feature record: CXX_FEATURE:0cxx_return_type_deduction
    Feature record: CXX_FEATURE:0cxx_right_angle_brackets
    Feature record: CXX_FEATURE:0cxx_rvalue_references
    Feature record: CXX_FEATURE:0cxx_sizeof_member
    Feature record: CXX_FEATURE:0cxx_static_assert
    Feature record: CXX_FEATURE:0cxx_strong_enums
    Feature record: CXX_FEATURE:1cxx_template_template_parameters
    Feature record: CXX_FEATURE:0cxx_thread_local
    Feature record: CXX_FEATURE:0cxx_trailing_return_types
    Feature record: CXX_FEATURE:0cxx_unicode_literals
    Feature record: CXX_FEATURE:0cxx_uniform_initialization
    Feature record: CXX_FEATURE:0cxx_unrestricted_unions
    Feature record: CXX_FEATURE:0cxx_user_literals
    Feature record: CXX_FEATURE:0cxx_variable_templates
    Feature record: CXX_FEATURE:0cxx_variadic_macros
    Feature record: CXX_FEATURE:0cxx_variadic_templates
Determining if files inttypes.h exist passed with the following output:
Change Dir: /home/liaoheng/ffmpeg-3.4.5/x265_2.7/build/android/temp/arm64-v8a/CMakeFiles/CMakeTmp

Run Build Command:"/usr/bin/make" "cmTC_791ee/fast"
/usr/bin/make -f CMakeFiles/cmTC_791ee.dir/build.make CMakeFiles/cmTC_791ee.dir/build
make[1]: 进入目录“/home/liaoheng/ffmpeg-3.4.5/x265_2.7/build/android/temp/arm64-v8a/CMakeFiles/CMakeTmp”
Building C object CMakeFiles/cmTC_791ee.dir/CheckIncludeFiles.c.o
/home/liaoheng/android-ndk/toolchains/aarch64-linux-android-4.9/prebuilt/linux-x86_64/bin/aarch64-linux-android-gcc --sysroot=/home/liaoheng/android-ndk/platforms/android-21/arch-arm64  -isystem /home/liaoheng/android-ndk/platforms/android-21/arch-arm64/usr/include  -funwind-tables -no-canonical-prefixes -fexceptions  -g -fPIE   -o CMakeFiles/cmTC_791ee.dir/CheckIncludeFiles.c.o   -c /home/liaoheng/ffmpeg-3.4.5/x265_2.7/build/android/temp/arm64-v8a/CMakeFiles/CMakeTmp/CheckIncludeFiles.c
Linking C executable cmTC_791ee
/usr/bin/cmake -E cmake_link_script CMakeFiles/cmTC_791ee.dir/link.txt --verbose=1
/home/liaoheng/android-ndk/toolchains/aarch64-linux-android-4.9/prebuilt/linux-x86_64/bin/aarch64-linux-android-gcc --sysroot=/home/liaoheng/android-ndk/platforms/android-21/arch-arm64 -funwind-tables -no-canonical-prefixes -fexceptions  -g  -fPIE -pie -Wl,--gc-sections  CMakeFiles/cmTC_791ee.dir/CheckIncludeFiles.c.o  -o cmTC_791ee 
make[1]: 离开目录“/home/liaoheng/ffmpeg-3.4.5/x265_2.7/build/android/temp/arm64-v8a/CMakeFiles/CMakeTmp”


Performing C++ SOURCE FILE Test CC_HAS_NO_STRICT_OVERFLOW succeeded with the following output:
Change Dir: /home/liaoheng/ffmpeg-3.4.5/x265_2.7/build/android/temp/arm64-v8a/CMakeFiles/CMakeTmp

Run Build Command:"/usr/bin/make" "cmTC_02e77/fast"
/usr/bin/make -f CMakeFiles/cmTC_02e77.dir/build.make CMakeFiles/cmTC_02e77.dir/build
make[1]: Entering directory '/home/liaoheng/ffmpeg-3.4.5/x265_2.7/build/android/temp/arm64-v8a/CMakeFiles/CMakeTmp'
Building CXX object CMakeFiles/cmTC_02e77.dir/src.cxx.o
/home/liaoheng/android-ndk/toolchains/aarch64-linux-android-4.9/prebuilt/linux-x86_64/bin/aarch64-linux-android-g++ --sysroot=/home/liaoheng/android-ndk/platforms/android-21/arch-arm64   -isystem /home/liaoheng/android-ndk/sources/cxx-stl/gnu-libstdc++/4.9/include -isystem /home/liaoheng/android-ndk/sources/cxx-stl/gnu-libstdc++/4.9/libs/arm64-v8a/include -isystem /home/liaoheng/android-ndk/sources/cxx-stl/gnu-libstdc++/4.9/include/backward -isystem /home/liaoheng/android-ndk/platforms/android-21/arch-arm64/usr/include  -funwind-tables -no-canonical-prefixes -fexceptions -frtti -DCC_HAS_NO_STRICT_OVERFLOW -g -fPIE   -Wno-strict-overflow -o CMakeFiles/cmTC_02e77.dir/src.cxx.o -c /home/liaoheng/ffmpeg-3.4.5/x265_2.7/build/android/temp/arm64-v8a/CMakeFiles/CMakeTmp/src.cxx
Linking CXX executable cmTC_02e77
/usr/bin/cmake -E cmake_link_script CMakeFiles/cmTC_02e77.dir/link.txt --verbose=1
/home/liaoheng/android-ndk/toolchains/aarch64-linux-android-4.9/prebuilt/linux-x86_64/bin/aarch64-linux-android-g++ --sysroot=/home/liaoheng/android-ndk/platforms/android-21/arch-arm64  -funwind-tables -no-canonical-prefixes -fexceptions -frtti -DCC_HAS_NO_STRICT_OVERFLOW -g  -fPIE -pie -Wl,--gc-sections  CMakeFiles/cmTC_02e77.dir/src.cxx.o  -o cmTC_02e77  "/home/liaoheng/android-ndk/sources/cxx-stl/gnu-libstdc++/4.9/libs/arm64-v8a/libgnustl_static.a" 
make[1]: Leaving directory '/home/liaoheng/ffmpeg-3.4.5/x265_2.7/build/android/temp/arm64-v8a/CMakeFiles/CMakeTmp'

Source file was:
int main() { return 0; }
Performing C++ SOURCE FILE Test CC_HAS_NO_NARROWING succeeded with the following output:
Change Dir: /home/liaoheng/ffmpeg-3.4.5/x265_2.7/build/android/temp/arm64-v8a/CMakeFiles/CMakeTmp

Run Build Command:"/usr/bin/make" "cmTC_5fd02/fast"
/usr/bin/make -f CMakeFiles/cmTC_5fd02.dir/build.make CMakeFiles/cmTC_5fd02.dir/build
make[1]: Entering directory '/home/liaoheng/ffmpeg-3.4.5/x265_2.7/build/android/temp/arm64-v8a/CMakeFiles/CMakeTmp'
Building CXX object CMakeFiles/cmTC_5fd02.dir/src.cxx.o
/home/liaoheng/android-ndk/toolchains/aarch64-linux-android-4.9/prebuilt/linux-x86_64/bin/aarch64-linux-android-g++ --sysroot=/home/liaoheng/android-ndk/platforms/android-21/arch-arm64   -isystem /home/liaoheng/android-ndk/sources/cxx-stl/gnu-libstdc++/4.9/include -isystem /home/liaoheng/android-ndk/sources/cxx-stl/gnu-libstdc++/4.9/libs/arm64-v8a/include -isystem /home/liaoheng/android-ndk/sources/cxx-stl/gnu-libstdc++/4.9/include/backward -isystem /home/liaoheng/android-ndk/platforms/android-21/arch-arm64/usr/include  -funwind-tables -no-canonical-prefixes -fexceptions -frtti -DCC_HAS_NO_NARROWING -g -fPIE   -Wno-narrowing -o CMakeFiles/cmTC_5fd02.dir/src.cxx.o -c /home/liaoheng/ffmpeg-3.4.5/x265_2.7/build/android/temp/arm64-v8a/CMakeFiles/CMakeTmp/src.cxx
Linking CXX executable cmTC_5fd02
/usr/bin/cmake -E cmake_link_script CMakeFiles/cmTC_5fd02.dir/link.txt --verbose=1
/home/liaoheng/android-ndk/toolchains/aarch64-linux-android-4.9/prebuilt/linux-x86_64/bin/aarch64-linux-android-g++ --sysroot=/home/liaoheng/android-ndk/platforms/android-21/arch-arm64  -funwind-tables -no-canonical-prefixes -fexceptions -frtti -DCC_HAS_NO_NARROWING -g  -fPIE -pie -Wl,--gc-sections  CMakeFiles/cmTC_5fd02.dir/src.cxx.o  -o cmTC_5fd02  "/home/liaoheng/android-ndk/sources/cxx-stl/gnu-libstdc++/4.9/libs/arm64-v8a/libgnustl_static.a" 
make[1]: Leaving directory '/home/liaoheng/ffmpeg-3.4.5/x265_2.7/build/android/temp/arm64-v8a/CMakeFiles/CMakeTmp'

Source file was:
int main() { return 0; }
Performing C++ SOURCE FILE Test CC_HAS_NO_ARRAY_BOUNDS succeeded with the following output:
Change Dir: /home/liaoheng/ffmpeg-3.4.5/x265_2.7/build/android/temp/arm64-v8a/CMakeFiles/CMakeTmp

Run Build Command:"/usr/bin/make" "cmTC_17677/fast"
/usr/bin/make -f CMakeFiles/cmTC_17677.dir/build.make CMakeFiles/cmTC_17677.dir/build
make[1]: Entering directory '/home/liaoheng/ffmpeg-3.4.5/x265_2.7/build/android/temp/arm64-v8a/CMakeFiles/CMakeTmp'
Building CXX object CMakeFiles/cmTC_17677.dir/src.cxx.o
/home/liaoheng/android-ndk/toolchains/aarch64-linux-android-4.9/prebuilt/linux-x86_64/bin/aarch64-linux-android-g++ --sysroot=/home/liaoheng/android-ndk/platforms/android-21/arch-arm64   -isystem /home/liaoheng/android-ndk/sources/cxx-stl/gnu-libstdc++/4.9/include -isystem /home/liaoheng/android-ndk/sources/cxx-stl/gnu-libstdc++/4.9/libs/arm64-v8a/include -isystem /home/liaoheng/android-ndk/sources/cxx-stl/gnu-libstdc++/4.9/include/backward -isystem /home/liaoheng/android-ndk/platforms/android-21/arch-arm64/usr/include  -funwind-tables -no-canonical-prefixes -fexceptions -frtti -DCC_HAS_NO_ARRAY_BOUNDS -g -fPIE   -Wno-array-bounds -o CMakeFiles/cmTC_17677.dir/src.cxx.o -c /home/liaoheng/ffmpeg-3.4.5/x265_2.7/build/android/temp/arm64-v8a/CMakeFiles/CMakeTmp/src.cxx
Linking CXX executable cmTC_17677
/usr/bin/cmake -E cmake_link_script CMakeFiles/cmTC_17677.dir/link.txt --verbose=1
/home/liaoheng/android-ndk/toolchains/aarch64-linux-android-4.9/prebuilt/linux-x86_64/bin/aarch64-linux-android-g++ --sysroot=/home/liaoheng/android-ndk/platforms/android-21/arch-arm64  -funwind-tables -no-canonical-prefixes -fexceptions -frtti -DCC_HAS_NO_ARRAY_BOUNDS -g  -fPIE -pie -Wl,--gc-sections  CMakeFiles/cmTC_17677.dir/src.cxx.o  -o cmTC_17677  "/home/liaoheng/android-ndk/sources/cxx-stl/gnu-libstdc++/4.9/libs/arm64-v8a/libgnustl_static.a" 
make[1]: Leaving directory '/home/liaoheng/ffmpeg-3.4.5/x265_2.7/build/android/temp/arm64-v8a/CMakeFiles/CMakeTmp'

Source file was:
int main() { return 0; }
Performing C++ SOURCE FILE Test CC_HAS_FAST_MATH succeeded with the following output:
Change Dir: /home/liaoheng/ffmpeg-3.4.5/x265_2.7/build/android/temp/arm64-v8a/CMakeFiles/CMakeTmp

Run Build Command:"/usr/bin/make" "cmTC_733b0/fast"
/usr/bin/make -f CMakeFiles/cmTC_733b0.dir/build.make CMakeFiles/cmTC_733b0.dir/build
make[1]: Entering directory '/home/liaoheng/ffmpeg-3.4.5/x265_2.7/build/android/temp/arm64-v8a/CMakeFiles/CMakeTmp'
Building CXX object CMakeFiles/cmTC_733b0.dir/src.cxx.o
/home/liaoheng/android-ndk/toolchains/aarch64-linux-android-4.9/prebuilt/linux-x86_64/bin/aarch64-linux-android-g++ --sysroot=/home/liaoheng/android-ndk/platforms/android-21/arch-arm64   -isystem /home/liaoheng/android-ndk/sources/cxx-stl/gnu-libstdc++/4.9/include -isystem /home/liaoheng/android-ndk/sources/cxx-stl/gnu-libstdc++/4.9/libs/arm64-v8a/include -isystem /home/liaoheng/android-ndk/sources/cxx-stl/gnu-libstdc++/4.9/include/backward -isystem /home/liaoheng/android-ndk/platforms/android-21/arch-arm64/usr/include  -funwind-tables -no-canonical-prefixes -fexceptions -frtti -DCC_HAS_FAST_MATH -g -fPIE   -ffast-math -o CMakeFiles/cmTC_733b0.dir/src.cxx.o -c /home/liaoheng/ffmpeg-3.4.5/x265_2.7/build/android/temp/arm64-v8a/CMakeFiles/CMakeTmp/src.cxx
Linking CXX executable cmTC_733b0
/usr/bin/cmake -E cmake_link_script CMakeFiles/cmTC_733b0.dir/link.txt --verbose=1
/home/liaoheng/android-ndk/toolchains/aarch64-linux-android-4.9/prebuilt/linux-x86_64/bin/aarch64-linux-android-g++ --sysroot=/home/liaoheng/android-ndk/platforms/android-21/arch-arm64  -funwind-tables -no-canonical-prefixes -fexceptions -frtti -DCC_HAS_FAST_MATH -g  -fPIE -pie -Wl,--gc-sections  CMakeFiles/cmTC_733b0.dir/src.cxx.o  -o cmTC_733b0  "/home/liaoheng/android-ndk/sources/cxx-stl/gnu-libstdc++/4.9/libs/arm64-v8a/libgnustl_static.a" 
make[1]: Leaving directory '/home/liaoheng/ffmpeg-3.4.5/x265_2.7/build/android/temp/arm64-v8a/CMakeFiles/CMakeTmp'

Source file was:
int main() { return 0; }
Performing C++ SOURCE FILE Test CC_HAS_FNO_EXCEPTIONS_FLAG succeeded with the following output:
Change Dir: /home/liaoheng/ffmpeg-3.4.5/x265_2.7/build/android/temp/arm64-v8a/CMakeFiles/CMakeTmp

Run Build Command:"/usr/bin/make" "cmTC_91c91/fast"
/usr/bin/make -f CMakeFiles/cmTC_91c91.dir/build.make CMakeFiles/cmTC_91c91.dir/build
make[1]: Entering directory '/home/liaoheng/ffmpeg-3.4.5/x265_2.7/build/android/temp/arm64-v8a/CMakeFiles/CMakeTmp'
Building CXX object CMakeFiles/cmTC_91c91.dir/src.cxx.o
/home/liaoheng/android-ndk/toolchains/aarch64-linux-android-4.9/prebuilt/linux-x86_64/bin/aarch64-linux-android-g++ --sysroot=/home/liaoheng/android-ndk/platforms/android-21/arch-arm64   -isystem /home/liaoheng/android-ndk/sources/cxx-stl/gnu-libstdc++/4.9/include -isystem /home/liaoheng/android-ndk/sources/cxx-stl/gnu-libstdc++/4.9/libs/arm64-v8a/include -isystem /home/liaoheng/android-ndk/sources/cxx-stl/gnu-libstdc++/4.9/include/backward -isystem /home/liaoheng/android-ndk/platforms/android-21/arch-arm64/usr/include  -funwind-tables -no-canonical-prefixes -fexceptions -frtti -DCC_HAS_FNO_EXCEPTIONS_FLAG -g -fPIE   -fno-exceptions -o CMakeFiles/cmTC_91c91.dir/src.cxx.o -c /home/liaoheng/ffmpeg-3.4.5/x265_2.7/build/android/temp/arm64-v8a/CMakeFiles/CMakeTmp/src.cxx
Linking CXX executable cmTC_91c91
/usr/bin/cmake -E cmake_link_script CMakeFiles/cmTC_91c91.dir/link.txt --verbose=1
/home/liaoheng/android-ndk/toolchains/aarch64-linux-android-4.9/prebuilt/linux-x86_64/bin/aarch64-linux-android-g++ --sysroot=/home/liaoheng/android-ndk/platforms/android-21/arch-arm64  -funwind-tables -no-canonical-prefixes -fexceptions -frtti -DCC_HAS_FNO_EXCEPTIONS_FLAG -g  -fPIE -pie -Wl,--gc-sections  CMakeFiles/cmTC_91c91.dir/src.cxx.o  -o cmTC_91c91  "/home/liaoheng/android-ndk/sources/cxx-stl/gnu-libstdc++/4.9/libs/arm64-v8a/libgnustl_static.a" 
make[1]: Leaving directory '/home/liaoheng/ffmpeg-3.4.5/x265_2.7/build/android/temp/arm64-v8a/CMakeFiles/CMakeTmp'

Source file was:
int main() { return 0; }
Determining if the strtok_r exist passed with the following output:
Change Dir: /home/liaoheng/ffmpeg-3.4.5/x265_2.7/build/android/temp/arm64-v8a/CMakeFiles/CMakeTmp

Run Build Command:"/usr/bin/make" "cmTC_4b464/fast"
/usr/bin/make -f CMakeFiles/cmTC_4b464.dir/build.make CMakeFiles/cmTC_4b464.dir/build
make[1]: 进入目录“/home/liaoheng/ffmpeg-3.4.5/x265_2.7/build/android/temp/arm64-v8a/CMakeFiles/CMakeTmp”
Building C object CMakeFiles/cmTC_4b464.dir/CheckSymbolExists.c.o
/home/liaoheng/android-ndk/toolchains/aarch64-linux-android-4.9/prebuilt/linux-x86_64/bin/aarch64-linux-android-gcc --sysroot=/home/liaoheng/android-ndk/platforms/android-21/arch-arm64  -isystem /home/liaoheng/android-ndk/platforms/android-21/arch-arm64/usr/include  -funwind-tables -no-canonical-prefixes -fexceptions  -g -fPIE   -o CMakeFiles/cmTC_4b464.dir/CheckSymbolExists.c.o   -c /home/liaoheng/ffmpeg-3.4.5/x265_2.7/build/android/temp/arm64-v8a/CMakeFiles/CMakeTmp/CheckSymbolExists.c
Linking C executable cmTC_4b464
/usr/bin/cmake -E cmake_link_script CMakeFiles/cmTC_4b464.dir/link.txt --verbose=1
/home/liaoheng/android-ndk/toolchains/aarch64-linux-android-4.9/prebuilt/linux-x86_64/bin/aarch64-linux-android-gcc --sysroot=/home/liaoheng/android-ndk/platforms/android-21/arch-arm64 -funwind-tables -no-canonical-prefixes -fexceptions  -g  -fPIE -pie -Wl,--gc-sections  CMakeFiles/cmTC_4b464.dir/CheckSymbolExists.c.o  -o cmTC_4b464 
make[1]: 离开目录“/home/liaoheng/ffmpeg-3.4.5/x265_2.7/build/android/temp/arm64-v8a/CMakeFiles/CMakeTmp”

File /home/liaoheng/ffmpeg-3.4.5/x265_2.7/build/android/temp/arm64-v8a/CMakeFiles/CMakeTmp/CheckSymbolExists.c:
/* */
#include <string.h>

int main(int argc, char** argv)
{
  (void)argv;
#ifndef strtok_r
  return ((int*)(&strtok_r))[argc];
#else
  (void)argc;
  return 0;
#endif
}

Determining if files getopt.h exist passed with the following output:
Change Dir: /home/liaoheng/ffmpeg-3.4.5/x265_2.7/build/android/temp/arm64-v8a/CMakeFiles/CMakeTmp

Run Build Command:"/usr/bin/make" "cmTC_5af05/fast"
/usr/bin/make -f CMakeFiles/cmTC_5af05.dir/build.make CMakeFiles/cmTC_5af05.dir/build
make[1]: 进入目录“/home/liaoheng/ffmpeg-3.4.5/x265_2.7/build/android/temp/arm64-v8a/CMakeFiles/CMakeTmp”
Building C object CMakeFiles/cmTC_5af05.dir/CheckIncludeFiles.c.o
/home/liaoheng/android-ndk/toolchains/aarch64-linux-android-4.9/prebuilt/linux-x86_64/bin/aarch64-linux-android-gcc --sysroot=/home/liaoheng/android-ndk/platforms/android-21/arch-arm64  -isystem /home/liaoheng/android-ndk/platforms/android-21/arch-arm64/usr/include  -funwind-tables -no-canonical-prefixes -fexceptions  -g -fPIE   -o CMakeFiles/cmTC_5af05.dir/CheckIncludeFiles.c.o   -c /home/liaoheng/ffmpeg-3.4.5/x265_2.7/build/android/temp/arm64-v8a/CMakeFiles/CMakeTmp/CheckIncludeFiles.c
Linking C executable cmTC_5af05
/usr/bin/cmake -E cmake_link_script CMakeFiles/cmTC_5af05.dir/link.txt --verbose=1
/home/liaoheng/android-ndk/toolchains/aarch64-linux-android-4.9/prebuilt/linux-x86_64/bin/aarch64-linux-android-gcc --sysroot=/home/liaoheng/android-ndk/platforms/android-21/arch-arm64 -funwind-tables -no-canonical-prefixes -fexceptions  -g  -fPIE -pie -Wl,--gc-sections  CMakeFiles/cmTC_5af05.dir/CheckIncludeFiles.c.o  -o cmTC_5af05 
make[1]: 离开目录“/home/liaoheng/ffmpeg-3.4.5/x265_2.7/build/android/temp/arm64-v8a/CMakeFiles/CMakeTmp”


