This file contains any messages produced by compilers while
running configure, to aid debugging if configure makes a mistake.

It was created by fdk-aac configure 0.1.6, which was
generated by GNU Autoconf 2.69.  Invocation command line was

  $ ./configure --enable-static --host=x86_64-linux --target=android --enable-pic --enable-strip --prefix=/home/liaoheng/ffmpeg-3.4.5/fdk-aac-0.1.6/build/android/x86_64

## --------- ##
## Platform. ##
## --------- ##

hostname = liaoheng-VirtualBox
uname -m = x86_64
uname -r = 4.15.0-88-generic
uname -s = Linux
uname -v = #88-Ubuntu SMP Tue Feb 11 20:11:34 UTC 2020

/usr/bin/uname -p = unknown
/bin/uname -X     = unknown

/bin/arch              = unknown
/usr/bin/arch -k       = unknown
/usr/convex/getsysinfo = unknown
/usr/bin/hostinfo      = unknown
/bin/machine           = unknown
/usr/bin/oslevel       = unknown
/bin/universe          = unknown

PATH: /usr/local/sbin
PATH: /usr/local/bin
PATH: /usr/sbin
PATH: /usr/bin
PATH: /sbin
PATH: /bin
PATH: /usr/games
PATH: /usr/local/games
PATH: /snap/bin
PATH: /home/liaoheng/webrtc/depot_tools


## ----------- ##
## Core tests. ##
## ----------- ##

configure:2321: checking for a BSD-compatible install
configure:2389: result: /usr/bin/install -c
configure:2400: checking whether build environment is sane
configure:2455: result: yes
configure:2514: checking for x86_64-linux-strip
configure:2544: result: no
configure:2554: checking for strip
configure:2570: found /usr/bin/strip
configure:2581: result: strip
configure:2606: checking for a thread-safe mkdir -p
configure:2645: result: /bin/mkdir -p
configure:2652: checking for gawk
configure:2682: result: no
configure:2652: checking for mawk
configure:2668: found /usr/bin/mawk
configure:2679: result: mawk
configure:2690: checking whether make sets $(MAKE)
configure:2712: result: yes
configure:2741: checking whether make supports nested variables
configure:2758: result: yes
configure:2847: checking whether UID '1000' is supported by ustar format
configure:2850: result: yes
configure:2857: checking whether GID '1000' is supported by ustar format
configure:2860: result: yes
configure:2868: checking how to create a ustar tar archive
configure:2879: tar --version
tar (GNU tar) 1.29
Copyright (C) 2015 Free Software Foundation, Inc.
License GPLv3+: GNU GPL version 3 or later <http://gnu.org/licenses/gpl.html>.
This is free software: you are free to change and redistribute it.
There is NO WARRANTY, to the extent permitted by law.

Written by John Gilmore and Jay Fenlason.
configure:2882: $? = 0
configure:2922: tardir=conftest.dir && eval tar --format=ustar -chf - "$tardir" >conftest.tar
configure:2925: $? = 0
configure:2929: tar -xf - <conftest.tar
configure:2932: $? = 0
configure:2934: cat conftest.dir/file
GrepMe
configure:2937: $? = 0
configure:2950: result: gnutar
configure:3011: checking whether make supports nested variables
configure:3028: result: yes
configure:3065: checking for x86_64-linux-gcc
configure:3092: result: /home/liaoheng/android-ndk-r13b/toolchains/x86_64-4.9/prebuilt/linux-x86_64/bin/x86_64-linux-android-gcc --sysroot=/home/liaoheng/android-ndk-r13b/platforms/android-21/arch-x86_64
configure:3361: checking for C compiler version
configure:3370: /home/liaoheng/android-ndk-r13b/toolchains/x86_64-4.9/prebuilt/linux-x86_64/bin/x86_64-linux-android-gcc --sysroot=/home/liaoheng/android-ndk-r13b/platforms/android-21/arch-x86_64 --version >&5
x86_64-linux-android-gcc (GCC) 4.9.x 20150123 (prerelease)
Copyright (C) 2014 Free Software Foundation, Inc.
This is free software; see the source for copying conditions.  There is NO
warranty; not even for MERCHANTABILITY or FITNESS FOR A PARTICULAR PURPOSE.

configure:3381: $? = 0
configure:3370: /home/liaoheng/android-ndk-r13b/toolchains/x86_64-4.9/prebuilt/linux-x86_64/bin/x86_64-linux-android-gcc --sysroot=/home/liaoheng/android-ndk-r13b/platforms/android-21/arch-x86_64 -v >&5
Using built-in specs.
COLLECT_GCC=/home/liaoheng/android-ndk-r13b/toolchains/x86_64-4.9/prebuilt/linux-x86_64/bin/x86_64-linux-android-gcc
COLLECT_LTO_WRAPPER=/home/liaoheng/android-ndk-r13b/toolchains/x86_64-4.9/prebuilt/linux-x86_64/bin/../libexec/gcc/x86_64-linux-android/4.9.x/lto-wrapper
Target: x86_64-linux-android
Configured with: /usr/local/google/buildbot/src/android/gcc/toolchain/build/../gcc/gcc-4.9/configure --prefix=/tmp/ca8b1ea984a04012a16bb19760bc0d9a --target=x86_64-linux-android --host=x86_64-linux-gnu --build=x86_64-linux-gnu --with-gnu-as --with-gnu-ld --enable-languages=c,c++ --with-gmp=/buildbot/tmp/build/toolchain/temp-install --with-mpfr=/buildbot/tmp/build/toolchain/temp-install --with-mpc=/buildbot/tmp/build/toolchain/temp-install --with-cloog=/buildbot/tmp/build/toolchain/temp-install --with-isl=/buildbot/tmp/build/toolchain/temp-install --with-ppl=/buildbot/tmp/build/toolchain/temp-install --disable-ppl-version-check --disable-cloog-version-check --disable-isl-version-check --enable-cloog-backend=isl --with-host-libstdcxx='-static-libgcc -Wl,-Bstatic,-lstdc++,-Bdynamic -lm' --disable-libssp --enable-threads --disable-nls --disable-libmudflap --disable-libgomp --disable-libstdc__-v3 --disable-sjlj-exceptions --disable-shared --disable-tls --disable-libitm --with-arch=x86-64 --with-tune=intel --with-fpmath=sse --with-multilib-list=m32,m64,mx32 --enable-bionic-libs --enable-libatomic-ifuncs=no --enable-initfini-array --disable-nls --prefix=/tmp/ca8b1ea984a04012a16bb19760bc0d9a --with-sysroot=/tmp/ca8b1ea984a04012a16bb19760bc0d9a/sysroot --with-binutils-version=2.25 --with-mpfr-version=3.1.1 --with-mpc-version=1.0.1 --with-gmp-version=5.0.5 --with-gcc-version=4.9 --with-gdb-version=none --with-gxx-include-dir=/tmp/ca8b1ea984a04012a16bb19760bc0d9a/include/c++/4.9.x --with-bugurl=http://source.android.com/source/report-bugs.html --enable-languages=c,c++ --disable-bootstrap --enable-plugins --enable-libgomp --enable-gnu-indirect-function --disable-libcilkrts --disable-libsanitizer --enable-gold --enable-threads --enable-eh-frame-hdr-for-static --enable-graphite=yes --with-isl-version=0.11.1 --with-cloog-version=0.18.0 --program-transform-name='s&^&x86_64-linux-android-&' --enable-gold=default
Thread model: posix
gcc version 4.9.x 20150123 (prerelease) (GCC) 
configure:3381: $? = 0
configure:3370: /home/liaoheng/android-ndk-r13b/toolchains/x86_64-4.9/prebuilt/linux-x86_64/bin/x86_64-linux-android-gcc --sysroot=/home/liaoheng/android-ndk-r13b/platforms/android-21/arch-x86_64 -V >&5
x86_64-linux-android-gcc: error: unrecognized command line option '-V'
x86_64-linux-android-gcc: fatal error: no input files
compilation terminated.
configure:3381: $? = 1
configure:3370: /home/liaoheng/android-ndk-r13b/toolchains/x86_64-4.9/prebuilt/linux-x86_64/bin/x86_64-linux-android-gcc --sysroot=/home/liaoheng/android-ndk-r13b/platforms/android-21/arch-x86_64 -qversion >&5
x86_64-linux-android-gcc: error: unrecognized command line option '-qversion'
x86_64-linux-android-gcc: fatal error: no input files
compilation terminated.
configure:3381: $? = 1
configure:3401: checking whether the C compiler works
configure:3423: /home/liaoheng/android-ndk-r13b/toolchains/x86_64-4.9/prebuilt/linux-x86_64/bin/x86_64-linux-android-gcc --sysroot=/home/liaoheng/android-ndk-r13b/platforms/android-21/arch-x86_64    -L/home/liaoheng/android-ndk-r13b/platforms/android-21/arch-x86_64/usr/lib     conftest.c  >&5
/home/liaoheng/android-ndk-r13b/toolchains/x86_64-4.9/prebuilt/linux-x86_64/bin/../lib/gcc/x86_64-linux-android/4.9.x/../../../../x86_64-linux-android/bin/ld: warning: skipping incompatible /home/liaoheng/android-ndk-r13b/platforms/android-21/arch-x86_64/usr/lib/libc.so while searching for c
/home/liaoheng/android-ndk-r13b/toolchains/x86_64-4.9/prebuilt/linux-x86_64/bin/../lib/gcc/x86_64-linux-android/4.9.x/../../../../x86_64-linux-android/bin/ld: warning: skipping incompatible /home/liaoheng/android-ndk-r13b/platforms/android-21/arch-x86_64/usr/lib/libdl.so while searching for dl
configure:3427: $? = 0
configure:3475: result: yes
configure:3478: checking for C compiler default output file name
configure:3480: result: a.out
configure:3486: checking for suffix of executables
configure:3493: /home/liaoheng/android-ndk-r13b/toolchains/x86_64-4.9/prebuilt/linux-x86_64/bin/x86_64-linux-android-gcc --sysroot=/home/liaoheng/android-ndk-r13b/platforms/android-21/arch-x86_64 -o conftest    -L/home/liaoheng/android-ndk-r13b/platforms/android-21/arch-x86_64/usr/lib     conftest.c  >&5
/home/liaoheng/android-ndk-r13b/toolchains/x86_64-4.9/prebuilt/linux-x86_64/bin/../lib/gcc/x86_64-linux-android/4.9.x/../../../../x86_64-linux-android/bin/ld: warning: skipping incompatible /home/liaoheng/android-ndk-r13b/platforms/android-21/arch-x86_64/usr/lib/libc.so while searching for c
/home/liaoheng/android-ndk-r13b/toolchains/x86_64-4.9/prebuilt/linux-x86_64/bin/../lib/gcc/x86_64-linux-android/4.9.x/../../../../x86_64-linux-android/bin/ld: warning: skipping incompatible /home/liaoheng/android-ndk-r13b/platforms/android-21/arch-x86_64/usr/lib/libdl.so while searching for dl
configure:3497: $? = 0
configure:3519: result: 
configure:3541: checking whether we are cross compiling
configure:3549: /home/liaoheng/android-ndk-r13b/toolchains/x86_64-4.9/prebuilt/linux-x86_64/bin/x86_64-linux-android-gcc --sysroot=/home/liaoheng/android-ndk-r13b/platforms/android-21/arch-x86_64 -o conftest    -L/home/liaoheng/android-ndk-r13b/platforms/android-21/arch-x86_64/usr/lib     conftest.c  >&5
/home/liaoheng/android-ndk-r13b/toolchains/x86_64-4.9/prebuilt/linux-x86_64/bin/../lib/gcc/x86_64-linux-android/4.9.x/../../../../x86_64-linux-android/bin/ld: warning: skipping incompatible /home/liaoheng/android-ndk-r13b/platforms/android-21/arch-x86_64/usr/lib/libc.so while searching for c
/home/liaoheng/android-ndk-r13b/toolchains/x86_64-4.9/prebuilt/linux-x86_64/bin/../lib/gcc/x86_64-linux-android/4.9.x/../../../../x86_64-linux-android/bin/ld: warning: skipping incompatible /home/liaoheng/android-ndk-r13b/platforms/android-21/arch-x86_64/usr/lib/libdl.so while searching for dl
configure:3553: $? = 0
configure:3560: ./conftest
./configure: line 3562: ./conftest: No such file or directory
configure:3564: $? = 127
configure:3579: result: yes
configure:3584: checking for suffix of object files
configure:3606: /home/liaoheng/android-ndk-r13b/toolchains/x86_64-4.9/prebuilt/linux-x86_64/bin/x86_64-linux-android-gcc --sysroot=/home/liaoheng/android-ndk-r13b/platforms/android-21/arch-x86_64 -c   conftest.c >&5
configure:3610: $? = 0
configure:3631: result: o
configure:3635: checking whether we are using the GNU C compiler
configure:3654: /home/liaoheng/android-ndk-r13b/toolchains/x86_64-4.9/prebuilt/linux-x86_64/bin/x86_64-linux-android-gcc --sysroot=/home/liaoheng/android-ndk-r13b/platforms/android-21/arch-x86_64 -c   conftest.c >&5
configure:3654: $? = 0
configure:3663: result: yes
configure:3672: checking whether /home/liaoheng/android-ndk-r13b/toolchains/x86_64-4.9/prebuilt/linux-x86_64/bin/x86_64-linux-android-gcc --sysroot=/home/liaoheng/android-ndk-r13b/platforms/android-21/arch-x86_64 accepts -g
configure:3692: /home/liaoheng/android-ndk-r13b/toolchains/x86_64-4.9/prebuilt/linux-x86_64/bin/x86_64-linux-android-gcc --sysroot=/home/liaoheng/android-ndk-r13b/platforms/android-21/arch-x86_64 -c -g  conftest.c >&5
configure:3692: $? = 0
configure:3733: result: yes
configure:3750: checking for /home/liaoheng/android-ndk-r13b/toolchains/x86_64-4.9/prebuilt/linux-x86_64/bin/x86_64-linux-android-gcc --sysroot=/home/liaoheng/android-ndk-r13b/platforms/android-21/arch-x86_64 option to accept ISO C89
configure:3813: /home/liaoheng/android-ndk-r13b/toolchains/x86_64-4.9/prebuilt/linux-x86_64/bin/x86_64-linux-android-gcc --sysroot=/home/liaoheng/android-ndk-r13b/platforms/android-21/arch-x86_64  -c   conftest.c >&5
configure:3813: $? = 0
configure:3826: result: none needed
configure:3851: checking whether /home/liaoheng/android-ndk-r13b/toolchains/x86_64-4.9/prebuilt/linux-x86_64/bin/x86_64-linux-android-gcc --sysroot=/home/liaoheng/android-ndk-r13b/platforms/android-21/arch-x86_64 understands -c and -o together
configure:3873: /home/liaoheng/android-ndk-r13b/toolchains/x86_64-4.9/prebuilt/linux-x86_64/bin/x86_64-linux-android-gcc --sysroot=/home/liaoheng/android-ndk-r13b/platforms/android-21/arch-x86_64 -c conftest.c -o conftest2.o
configure:3876: $? = 0
configure:3873: /home/liaoheng/android-ndk-r13b/toolchains/x86_64-4.9/prebuilt/linux-x86_64/bin/x86_64-linux-android-gcc --sysroot=/home/liaoheng/android-ndk-r13b/platforms/android-21/arch-x86_64 -c conftest.c -o conftest2.o
configure:3876: $? = 0
configure:3888: result: yes
configure:3916: checking for style of include used by make
configure:3944: result: GNU
configure:3970: checking dependency style of /home/liaoheng/android-ndk-r13b/toolchains/x86_64-4.9/prebuilt/linux-x86_64/bin/x86_64-linux-android-gcc --sysroot=/home/liaoheng/android-ndk-r13b/platforms/android-21/arch-x86_64
configure:4081: result: gcc3
configure:4208: checking for C++ compiler version
configure:4217: /home/liaoheng/android-ndk-r13b/toolchains/x86_64-4.9/prebuilt/linux-x86_64/bin/x86_64-linux-android-g++ --sysroot=/home/liaoheng/android-ndk-r13b/platforms/android-21/arch-x86_64 --version >&5
x86_64-linux-android-g++ (GCC) 4.9.x 20150123 (prerelease)
Copyright (C) 2014 Free Software Foundation, Inc.
This is free software; see the source for copying conditions.  There is NO
warranty; not even for MERCHANTABILITY or FITNESS FOR A PARTICULAR PURPOSE.

configure:4228: $? = 0
configure:4217: /home/liaoheng/android-ndk-r13b/toolchains/x86_64-4.9/prebuilt/linux-x86_64/bin/x86_64-linux-android-g++ --sysroot=/home/liaoheng/android-ndk-r13b/platforms/android-21/arch-x86_64 -v >&5
Using built-in specs.
COLLECT_GCC=/home/liaoheng/android-ndk-r13b/toolchains/x86_64-4.9/prebuilt/linux-x86_64/bin/x86_64-linux-android-g++
COLLECT_LTO_WRAPPER=/home/liaoheng/android-ndk-r13b/toolchains/x86_64-4.9/prebuilt/linux-x86_64/bin/../libexec/gcc/x86_64-linux-android/4.9.x/lto-wrapper
Target: x86_64-linux-android
Configured with: /usr/local/google/buildbot/src/android/gcc/toolchain/build/../gcc/gcc-4.9/configure --prefix=/tmp/ca8b1ea984a04012a16bb19760bc0d9a --target=x86_64-linux-android --host=x86_64-linux-gnu --build=x86_64-linux-gnu --with-gnu-as --with-gnu-ld --enable-languages=c,c++ --with-gmp=/buildbot/tmp/build/toolchain/temp-install --with-mpfr=/buildbot/tmp/build/toolchain/temp-install --with-mpc=/buildbot/tmp/build/toolchain/temp-install --with-cloog=/buildbot/tmp/build/toolchain/temp-install --with-isl=/buildbot/tmp/build/toolchain/temp-install --with-ppl=/buildbot/tmp/build/toolchain/temp-install --disable-ppl-version-check --disable-cloog-version-check --disable-isl-version-check --enable-cloog-backend=isl --with-host-libstdcxx='-static-libgcc -Wl,-Bstatic,-lstdc++,-Bdynamic -lm' --disable-libssp --enable-threads --disable-nls --disable-libmudflap --disable-libgomp --disable-libstdc__-v3 --disable-sjlj-exceptions --disable-shared --disable-tls --disable-libitm --with-arch=x86-64 --with-tune=intel --with-fpmath=sse --with-multilib-list=m32,m64,mx32 --enable-bionic-libs --enable-libatomic-ifuncs=no --enable-initfini-array --disable-nls --prefix=/tmp/ca8b1ea984a04012a16bb19760bc0d9a --with-sysroot=/tmp/ca8b1ea984a04012a16bb19760bc0d9a/sysroot --with-binutils-version=2.25 --with-mpfr-version=3.1.1 --with-mpc-version=1.0.1 --with-gmp-version=5.0.5 --with-gcc-version=4.9 --with-gdb-version=none --with-gxx-include-dir=/tmp/ca8b1ea984a04012a16bb19760bc0d9a/include/c++/4.9.x --with-bugurl=http://source.android.com/source/report-bugs.html --enable-languages=c,c++ --disable-bootstrap --enable-plugins --enable-libgomp --enable-gnu-indirect-function --disable-libcilkrts --disable-libsanitizer --enable-gold --enable-threads --enable-eh-frame-hdr-for-static --enable-graphite=yes --with-isl-version=0.11.1 --with-cloog-version=0.18.0 --program-transform-name='s&^&x86_64-linux-android-&' --enable-gold=default
Thread model: posix
gcc version 4.9.x 20150123 (prerelease) (GCC) 
configure:4228: $? = 0
configure:4217: /home/liaoheng/android-ndk-r13b/toolchains/x86_64-4.9/prebuilt/linux-x86_64/bin/x86_64-linux-android-g++ --sysroot=/home/liaoheng/android-ndk-r13b/platforms/android-21/arch-x86_64 -V >&5
x86_64-linux-android-g++: error: unrecognized command line option '-V'
x86_64-linux-android-g++: fatal error: no input files
compilation terminated.
configure:4228: $? = 1
configure:4217: /home/liaoheng/android-ndk-r13b/toolchains/x86_64-4.9/prebuilt/linux-x86_64/bin/x86_64-linux-android-g++ --sysroot=/home/liaoheng/android-ndk-r13b/platforms/android-21/arch-x86_64 -qversion >&5
x86_64-linux-android-g++: error: unrecognized command line option '-qversion'
x86_64-linux-android-g++: fatal error: no input files
compilation terminated.
configure:4228: $? = 1
configure:4232: checking whether we are using the GNU C++ compiler
configure:4251: /home/liaoheng/android-ndk-r13b/toolchains/x86_64-4.9/prebuilt/linux-x86_64/bin/x86_64-linux-android-g++ --sysroot=/home/liaoheng/android-ndk-r13b/platforms/android-21/arch-x86_64 -c   conftest.cpp >&5
configure:4251: $? = 0
configure:4260: result: yes
configure:4269: checking whether /home/liaoheng/android-ndk-r13b/toolchains/x86_64-4.9/prebuilt/linux-x86_64/bin/x86_64-linux-android-g++ --sysroot=/home/liaoheng/android-ndk-r13b/platforms/android-21/arch-x86_64 accepts -g
configure:4289: /home/liaoheng/android-ndk-r13b/toolchains/x86_64-4.9/prebuilt/linux-x86_64/bin/x86_64-linux-android-g++ --sysroot=/home/liaoheng/android-ndk-r13b/platforms/android-21/arch-x86_64 -c -g  conftest.cpp >&5
configure:4289: $? = 0
configure:4330: result: yes
configure:4355: checking dependency style of /home/liaoheng/android-ndk-r13b/toolchains/x86_64-4.9/prebuilt/linux-x86_64/bin/x86_64-linux-android-g++ --sysroot=/home/liaoheng/android-ndk-r13b/platforms/android-21/arch-x86_64
configure:4466: result: gcc3
configure:4510: checking build system type
configure:4524: result: x86_64-pc-linux-gnu
configure:4544: checking host system type
configure:4557: result: x86_64-pc-linux-gnu
configure:4598: checking how to print strings
configure:4625: result: printf
configure:4646: checking for a sed that does not truncate output
configure:4710: result: /bin/sed
configure:4728: checking for grep that handles long lines and -e
configure:4786: result: /bin/grep
configure:4791: checking for egrep
configure:4853: result: /bin/grep -E
configure:4858: checking for fgrep
configure:4920: result: /bin/grep -F
configure:4955: checking for ld used by /home/liaoheng/android-ndk-r13b/toolchains/x86_64-4.9/prebuilt/linux-x86_64/bin/x86_64-linux-android-gcc --sysroot=/home/liaoheng/android-ndk-r13b/platforms/android-21/arch-x86_64
configure:5022: result: /home/liaoheng/android-ndk-r13b/toolchains/x86_64-4.9/prebuilt/linux-x86_64/bin/x86_64-linux-android-ld
configure:5029: checking if the linker (/home/liaoheng/android-ndk-r13b/toolchains/x86_64-4.9/prebuilt/linux-x86_64/bin/x86_64-linux-android-ld) is GNU ld
configure:5044: result: yes
configure:5056: checking for BSD- or MS-compatible name lister (nm)
configure:5110: result: /usr/bin/nm -B
configure:5240: checking the name lister (/usr/bin/nm -B) interface
configure:5247: /home/liaoheng/android-ndk-r13b/toolchains/x86_64-4.9/prebuilt/linux-x86_64/bin/x86_64-linux-android-gcc --sysroot=/home/liaoheng/android-ndk-r13b/platforms/android-21/arch-x86_64 -c   conftest.c >&5
configure:5250: /usr/bin/nm -B "conftest.o"
configure:5253: output
0000000000000000 B some_variable
configure:5260: result: BSD nm
configure:5263: checking whether ln -s works
configure:5267: result: yes
configure:5275: checking the maximum length of command line arguments
configure:5406: result: 1572864
configure:5454: checking how to convert x86_64-pc-linux-gnu file names to x86_64-pc-linux-gnu format
configure:5494: result: func_convert_file_noop
configure:5501: checking how to convert x86_64-pc-linux-gnu file names to toolchain format
configure:5521: result: func_convert_file_noop
configure:5528: checking for /home/liaoheng/android-ndk-r13b/toolchains/x86_64-4.9/prebuilt/linux-x86_64/bin/x86_64-linux-android-ld option to reload object files
configure:5535: result: -r
configure:5569: checking for x86_64-linux-objdump
configure:5599: result: no
configure:5609: checking for objdump
configure:5625: found /usr/bin/objdump
configure:5636: result: objdump
configure:5648: WARNING: using cross tools not prefixed with host triplet
configure:5668: checking how to recognize dependent libraries
configure:5868: result: pass_all
configure:5913: checking for x86_64-linux-dlltool
configure:5943: result: no
configure:5953: checking for dlltool
configure:5983: result: no
configure:6013: checking how to associate runtime and link libraries
configure:6040: result: printf %s\n
configure:6057: checking for x86_64-linux-ar
configure:6084: result: /home/liaoheng/android-ndk-r13b/toolchains/x86_64-4.9/prebuilt/linux-x86_64/bin/x86_64-linux-android-ar
configure:6165: checking for archiver @FILE support
configure:6182: /home/liaoheng/android-ndk-r13b/toolchains/x86_64-4.9/prebuilt/linux-x86_64/bin/x86_64-linux-android-gcc --sysroot=/home/liaoheng/android-ndk-r13b/platforms/android-21/arch-x86_64 -c   conftest.c >&5
configure:6182: $? = 0
configure:6185: /home/liaoheng/android-ndk-r13b/toolchains/x86_64-4.9/prebuilt/linux-x86_64/bin/x86_64-linux-android-ar cru libconftest.a @conftest.lst >&5
configure:6188: $? = 0
configure:6193: /home/liaoheng/android-ndk-r13b/toolchains/x86_64-4.9/prebuilt/linux-x86_64/bin/x86_64-linux-android-ar cru libconftest.a @conftest.lst >&5
/home/liaoheng/android-ndk-r13b/toolchains/x86_64-4.9/prebuilt/linux-x86_64/bin/x86_64-linux-android-ar: conftest.o: No such file or directory
configure:6196: $? = 1
configure:6208: result: @
configure:6226: checking for x86_64-linux-strip
configure:6253: result: strip
configure:6325: checking for x86_64-linux-ranlib
configure:6355: result: no
configure:6365: checking for ranlib
configure:6381: found /usr/bin/ranlib
configure:6392: result: ranlib
configure:6494: checking command to parse /usr/bin/nm -B output from /home/liaoheng/android-ndk-r13b/toolchains/x86_64-4.9/prebuilt/linux-x86_64/bin/x86_64-linux-android-gcc --sysroot=/home/liaoheng/android-ndk-r13b/platforms/android-21/arch-x86_64 object
configure:6647: /home/liaoheng/android-ndk-r13b/toolchains/x86_64-4.9/prebuilt/linux-x86_64/bin/x86_64-linux-android-gcc --sysroot=/home/liaoheng/android-ndk-r13b/platforms/android-21/arch-x86_64 -c   conftest.c >&5
configure:6650: $? = 0
configure:6654: /usr/bin/nm -B conftest.o \| sed -n -e 's/^.*[ ]\([ABCDGIRSTW][ABCDGIRSTW]*\)[ ][ ]*\([_A-Za-z][_A-Za-z0-9]*\)$/\1 \2 \2/p' | sed '/ __gnu_lto/d' \> conftest.nm
configure:6657: $? = 0
configure:6723: /home/liaoheng/android-ndk-r13b/toolchains/x86_64-4.9/prebuilt/linux-x86_64/bin/x86_64-linux-android-gcc --sysroot=/home/liaoheng/android-ndk-r13b/platforms/android-21/arch-x86_64 -o conftest    -L/home/liaoheng/android-ndk-r13b/platforms/android-21/arch-x86_64/usr/lib     conftest.c conftstm.o >&5
/home/liaoheng/android-ndk-r13b/toolchains/x86_64-4.9/prebuilt/linux-x86_64/bin/../lib/gcc/x86_64-linux-android/4.9.x/../../../../x86_64-linux-android/bin/ld: warning: skipping incompatible /home/liaoheng/android-ndk-r13b/platforms/android-21/arch-x86_64/usr/lib/libc.so while searching for c
/home/liaoheng/android-ndk-r13b/toolchains/x86_64-4.9/prebuilt/linux-x86_64/bin/../lib/gcc/x86_64-linux-android/4.9.x/../../../../x86_64-linux-android/bin/ld: warning: skipping incompatible /home/liaoheng/android-ndk-r13b/platforms/android-21/arch-x86_64/usr/lib/libdl.so while searching for dl
configure:6726: $? = 0
configure:6764: result: ok
configure:6811: checking for sysroot
configure:6841: result: no
configure:6848: checking for a working dd
configure:6886: result: /bin/dd
configure:6890: checking how to truncate binary pipes
configure:6905: result: /bin/dd bs=4096 count=1
configure:7041: /home/liaoheng/android-ndk-r13b/toolchains/x86_64-4.9/prebuilt/linux-x86_64/bin/x86_64-linux-android-gcc --sysroot=/home/liaoheng/android-ndk-r13b/platforms/android-21/arch-x86_64 -c   conftest.c >&5
configure:7044: $? = 0
configure:7194: checking for x86_64-linux-mt
configure:7224: result: no
configure:7234: checking for mt
configure:7250: found /bin/mt
configure:7261: result: mt
configure:7284: checking if mt is a manifest tool
configure:7290: mt '-?'
configure:7298: result: no
configure:7975: checking how to run the C preprocessor
configure:8006: /home/liaoheng/android-ndk-r13b/toolchains/x86_64-4.9/prebuilt/linux-x86_64/bin/x86_64-linux-android-gcc --sysroot=/home/liaoheng/android-ndk-r13b/platforms/android-21/arch-x86_64 -E  conftest.c
configure:8006: $? = 0
configure:8020: /home/liaoheng/android-ndk-r13b/toolchains/x86_64-4.9/prebuilt/linux-x86_64/bin/x86_64-linux-android-gcc --sysroot=/home/liaoheng/android-ndk-r13b/platforms/android-21/arch-x86_64 -E  conftest.c
conftest.c:11:28: fatal error: ac_nonexistent.h: No such file or directory
 #include <ac_nonexistent.h>
                            ^
compilation terminated.
configure:8020: $? = 1
configure: failed program was:
| /* confdefs.h */
| #define PACKAGE_NAME "fdk-aac"
| #define PACKAGE_TARNAME "fdk-aac"
| #define PACKAGE_VERSION "0.1.6"
| #define PACKAGE_STRING "fdk-aac 0.1.6"
| #define PACKAGE_BUGREPORT "http://sourceforge.net/projects/opencore-amr/"
| #define PACKAGE_URL ""
| #define PACKAGE "fdk-aac"
| #define VERSION "0.1.6"
| /* end confdefs.h.  */
| #include <ac_nonexistent.h>
configure:8045: result: /home/liaoheng/android-ndk-r13b/toolchains/x86_64-4.9/prebuilt/linux-x86_64/bin/x86_64-linux-android-gcc --sysroot=/home/liaoheng/android-ndk-r13b/platforms/android-21/arch-x86_64 -E
configure:8065: /home/liaoheng/android-ndk-r13b/toolchains/x86_64-4.9/prebuilt/linux-x86_64/bin/x86_64-linux-android-gcc --sysroot=/home/liaoheng/android-ndk-r13b/platforms/android-21/arch-x86_64 -E  conftest.c
configure:8065: $? = 0
configure:8079: /home/liaoheng/android-ndk-r13b/toolchains/x86_64-4.9/prebuilt/linux-x86_64/bin/x86_64-linux-android-gcc --sysroot=/home/liaoheng/android-ndk-r13b/platforms/android-21/arch-x86_64 -E  conftest.c
conftest.c:11:28: fatal error: ac_nonexistent.h: No such file or directory
 #include <ac_nonexistent.h>
                            ^
compilation terminated.
configure:8079: $? = 1
configure: failed program was:
| /* confdefs.h */
| #define PACKAGE_NAME "fdk-aac"
| #define PACKAGE_TARNAME "fdk-aac"
| #define PACKAGE_VERSION "0.1.6"
| #define PACKAGE_STRING "fdk-aac 0.1.6"
| #define PACKAGE_BUGREPORT "http://sourceforge.net/projects/opencore-amr/"
| #define PACKAGE_URL ""
| #define PACKAGE "fdk-aac"
| #define VERSION "0.1.6"
| /* end confdefs.h.  */
| #include <ac_nonexistent.h>
configure:8108: checking for ANSI C header files
configure:8128: /home/liaoheng/android-ndk-r13b/toolchains/x86_64-4.9/prebuilt/linux-x86_64/bin/x86_64-linux-android-gcc --sysroot=/home/liaoheng/android-ndk-r13b/platforms/android-21/arch-x86_64 -c   conftest.c >&5
configure:8128: $? = 0
configure:8212: result: yes
configure:8225: checking for sys/types.h
configure:8225: /home/liaoheng/android-ndk-r13b/toolchains/x86_64-4.9/prebuilt/linux-x86_64/bin/x86_64-linux-android-gcc --sysroot=/home/liaoheng/android-ndk-r13b/platforms/android-21/arch-x86_64 -c   conftest.c >&5
configure:8225: $? = 0
configure:8225: result: yes
configure:8225: checking for sys/stat.h
configure:8225: /home/liaoheng/android-ndk-r13b/toolchains/x86_64-4.9/prebuilt/linux-x86_64/bin/x86_64-linux-android-gcc --sysroot=/home/liaoheng/android-ndk-r13b/platforms/android-21/arch-x86_64 -c   conftest.c >&5
configure:8225: $? = 0
configure:8225: result: yes
configure:8225: checking for stdlib.h
configure:8225: /home/liaoheng/android-ndk-r13b/toolchains/x86_64-4.9/prebuilt/linux-x86_64/bin/x86_64-linux-android-gcc --sysroot=/home/liaoheng/android-ndk-r13b/platforms/android-21/arch-x86_64 -c   conftest.c >&5
configure:8225: $? = 0
configure:8225: result: yes
configure:8225: checking for string.h
configure:8225: /home/liaoheng/android-ndk-r13b/toolchains/x86_64-4.9/prebuilt/linux-x86_64/bin/x86_64-linux-android-gcc --sysroot=/home/liaoheng/android-ndk-r13b/platforms/android-21/arch-x86_64 -c   conftest.c >&5
configure:8225: $? = 0
configure:8225: result: yes
configure:8225: checking for memory.h
configure:8225: /home/liaoheng/android-ndk-r13b/toolchains/x86_64-4.9/prebuilt/linux-x86_64/bin/x86_64-linux-android-gcc --sysroot=/home/liaoheng/android-ndk-r13b/platforms/android-21/arch-x86_64 -c   conftest.c >&5
configure:8225: $? = 0
configure:8225: result: yes
configure:8225: checking for strings.h
configure:8225: /home/liaoheng/android-ndk-r13b/toolchains/x86_64-4.9/prebuilt/linux-x86_64/bin/x86_64-linux-android-gcc --sysroot=/home/liaoheng/android-ndk-r13b/platforms/android-21/arch-x86_64 -c   conftest.c >&5
configure:8225: $? = 0
configure:8225: result: yes
configure:8225: checking for inttypes.h
configure:8225: /home/liaoheng/android-ndk-r13b/toolchains/x86_64-4.9/prebuilt/linux-x86_64/bin/x86_64-linux-android-gcc --sysroot=/home/liaoheng/android-ndk-r13b/platforms/android-21/arch-x86_64 -c   conftest.c >&5
configure:8225: $? = 0
configure:8225: result: yes
configure:8225: checking for stdint.h
configure:8225: /home/liaoheng/android-ndk-r13b/toolchains/x86_64-4.9/prebuilt/linux-x86_64/bin/x86_64-linux-android-gcc --sysroot=/home/liaoheng/android-ndk-r13b/platforms/android-21/arch-x86_64 -c   conftest.c >&5
configure:8225: $? = 0
configure:8225: result: yes
configure:8225: checking for unistd.h
configure:8225: /home/liaoheng/android-ndk-r13b/toolchains/x86_64-4.9/prebuilt/linux-x86_64/bin/x86_64-linux-android-gcc --sysroot=/home/liaoheng/android-ndk-r13b/platforms/android-21/arch-x86_64 -c   conftest.c >&5
configure:8225: $? = 0
configure:8225: result: yes
configure:8239: checking for dlfcn.h
configure:8239: /home/liaoheng/android-ndk-r13b/toolchains/x86_64-4.9/prebuilt/linux-x86_64/bin/x86_64-linux-android-gcc --sysroot=/home/liaoheng/android-ndk-r13b/platforms/android-21/arch-x86_64 -c   conftest.c >&5
configure:8239: $? = 0
configure:8239: result: yes
configure:8506: checking for objdir
configure:8521: result: .libs
configure:8785: checking if /home/liaoheng/android-ndk-r13b/toolchains/x86_64-4.9/prebuilt/linux-x86_64/bin/x86_64-linux-android-gcc --sysroot=/home/liaoheng/android-ndk-r13b/platforms/android-21/arch-x86_64 supports -fno-rtti -fno-exceptions
configure:8803: /home/liaoheng/android-ndk-r13b/toolchains/x86_64-4.9/prebuilt/linux-x86_64/bin/x86_64-linux-android-gcc --sysroot=/home/liaoheng/android-ndk-r13b/platforms/android-21/arch-x86_64 -c   -fno-rtti -fno-exceptions conftest.c >&5
cc1: warning: command line option '-fno-rtti' is valid for C++/ObjC++ but not for C
configure:8807: $? = 0
configure:8820: result: no
configure:9178: checking for /home/liaoheng/android-ndk-r13b/toolchains/x86_64-4.9/prebuilt/linux-x86_64/bin/x86_64-linux-android-gcc --sysroot=/home/liaoheng/android-ndk-r13b/platforms/android-21/arch-x86_64 option to produce PIC
configure:9185: result: -fPIC -DPIC
configure:9193: checking if /home/liaoheng/android-ndk-r13b/toolchains/x86_64-4.9/prebuilt/linux-x86_64/bin/x86_64-linux-android-gcc --sysroot=/home/liaoheng/android-ndk-r13b/platforms/android-21/arch-x86_64 PIC flag -fPIC -DPIC works
configure:9211: /home/liaoheng/android-ndk-r13b/toolchains/x86_64-4.9/prebuilt/linux-x86_64/bin/x86_64-linux-android-gcc --sysroot=/home/liaoheng/android-ndk-r13b/platforms/android-21/arch-x86_64 -c   -fPIC -DPIC -DPIC conftest.c >&5
configure:9215: $? = 0
configure:9228: result: yes
configure:9257: checking if /home/liaoheng/android-ndk-r13b/toolchains/x86_64-4.9/prebuilt/linux-x86_64/bin/x86_64-linux-android-gcc --sysroot=/home/liaoheng/android-ndk-r13b/platforms/android-21/arch-x86_64 static flag -static works
/home/liaoheng/android-ndk-r13b/toolchains/x86_64-4.9/prebuilt/linux-x86_64/bin/../lib/gcc/x86_64-linux-android/4.9.x/../../../../x86_64-linux-android/bin/ld: warning: skipping incompatible /home/liaoheng/android-ndk-r13b/platforms/android-21/arch-x86_64/usr/lib/libc.a while searching for c
configure:9285: result: no
configure:9300: checking if /home/liaoheng/android-ndk-r13b/toolchains/x86_64-4.9/prebuilt/linux-x86_64/bin/x86_64-linux-android-gcc --sysroot=/home/liaoheng/android-ndk-r13b/platforms/android-21/arch-x86_64 supports -c -o file.o
configure:9321: /home/liaoheng/android-ndk-r13b/toolchains/x86_64-4.9/prebuilt/linux-x86_64/bin/x86_64-linux-android-gcc --sysroot=/home/liaoheng/android-ndk-r13b/platforms/android-21/arch-x86_64 -c   -o out/conftest2.o conftest.c >&5
configure:9325: $? = 0
configure:9347: result: yes
configure:9355: checking if /home/liaoheng/android-ndk-r13b/toolchains/x86_64-4.9/prebuilt/linux-x86_64/bin/x86_64-linux-android-gcc --sysroot=/home/liaoheng/android-ndk-r13b/platforms/android-21/arch-x86_64 supports -c -o file.o
configure:9402: result: yes
configure:9435: checking whether the /home/liaoheng/android-ndk-r13b/toolchains/x86_64-4.9/prebuilt/linux-x86_64/bin/x86_64-linux-android-gcc --sysroot=/home/liaoheng/android-ndk-r13b/platforms/android-21/arch-x86_64 linker (/home/liaoheng/android-ndk-r13b/toolchains/x86_64-4.9/prebuilt/linux-x86_64/bin/x86_64-linux-android-ld -m elf_x86_64) supports shared libraries
configure:10698: result: yes
configure:10735: checking whether -lc should be explicitly linked in
configure:10743: /home/liaoheng/android-ndk-r13b/toolchains/x86_64-4.9/prebuilt/linux-x86_64/bin/x86_64-linux-android-gcc --sysroot=/home/liaoheng/android-ndk-r13b/platforms/android-21/arch-x86_64 -c   conftest.c >&5
configure:10746: $? = 0
configure:10761: /home/liaoheng/android-ndk-r13b/toolchains/x86_64-4.9/prebuilt/linux-x86_64/bin/x86_64-linux-android-gcc --sysroot=/home/liaoheng/android-ndk-r13b/platforms/android-21/arch-x86_64 -shared  -fPIC -DPIC conftest.o  -v -Wl,-soname -Wl,conftest -o conftest 2\>\&1 \| /bin/grep  -lc  \>/dev/null 2\>\&1
configure:10764: $? = 0
configure:10778: result: no
configure:10938: checking dynamic linker characteristics
configure:11519: /home/liaoheng/android-ndk-r13b/toolchains/x86_64-4.9/prebuilt/linux-x86_64/bin/x86_64-linux-android-gcc --sysroot=/home/liaoheng/android-ndk-r13b/platforms/android-21/arch-x86_64 -o conftest    -L/home/liaoheng/android-ndk-r13b/platforms/android-21/arch-x86_64/usr/lib     -Wl,-rpath -Wl,/foo conftest.c  >&5
/home/liaoheng/android-ndk-r13b/toolchains/x86_64-4.9/prebuilt/linux-x86_64/bin/../lib/gcc/x86_64-linux-android/4.9.x/../../../../x86_64-linux-android/bin/ld: warning: skipping incompatible /home/liaoheng/android-ndk-r13b/platforms/android-21/arch-x86_64/usr/lib/libc.so while searching for c
/home/liaoheng/android-ndk-r13b/toolchains/x86_64-4.9/prebuilt/linux-x86_64/bin/../lib/gcc/x86_64-linux-android/4.9.x/../../../../x86_64-linux-android/bin/ld: warning: skipping incompatible /home/liaoheng/android-ndk-r13b/platforms/android-21/arch-x86_64/usr/lib/libdl.so while searching for dl
configure:11519: $? = 0
configure:11768: result: GNU/Linux ld.so
configure:11890: checking how to hardcode library paths into programs
configure:11915: result: immediate
configure:12463: checking whether stripping libraries is possible
configure:12468: result: yes
configure:12503: checking if libtool supports shared libraries
configure:12505: result: yes
configure:12508: checking whether to build shared libraries
configure:12533: result: yes
configure:12536: checking whether to build static libraries
configure:12540: result: yes
configure:12563: checking how to run the C++ preprocessor
configure:12590: /home/liaoheng/android-ndk-r13b/toolchains/x86_64-4.9/prebuilt/linux-x86_64/bin/x86_64-linux-android-g++ --sysroot=/home/liaoheng/android-ndk-r13b/platforms/android-21/arch-x86_64 -E  conftest.cpp
configure:12590: $? = 0
configure:12604: /home/liaoheng/android-ndk-r13b/toolchains/x86_64-4.9/prebuilt/linux-x86_64/bin/x86_64-linux-android-g++ --sysroot=/home/liaoheng/android-ndk-r13b/platforms/android-21/arch-x86_64 -E  conftest.cpp
conftest.cpp:23:28: fatal error: ac_nonexistent.h: No such file or directory
 #include <ac_nonexistent.h>
                            ^
compilation terminated.
configure:12604: $? = 1
configure: failed program was:
| /* confdefs.h */
| #define PACKAGE_NAME "fdk-aac"
| #define PACKAGE_TARNAME "fdk-aac"
| #define PACKAGE_VERSION "0.1.6"
| #define PACKAGE_STRING "fdk-aac 0.1.6"
| #define PACKAGE_BUGREPORT "http://sourceforge.net/projects/opencore-amr/"
| #define PACKAGE_URL ""
| #define PACKAGE "fdk-aac"
| #define VERSION "0.1.6"
| #define STDC_HEADERS 1
| #define HAVE_SYS_TYPES_H 1
| #define HAVE_SYS_STAT_H 1
| #define HAVE_STDLIB_H 1
| #define HAVE_STRING_H 1
| #define HAVE_MEMORY_H 1
| #define HAVE_STRINGS_H 1
| #define HAVE_INTTYPES_H 1
| #define HAVE_STDINT_H 1
| #define HAVE_UNISTD_H 1
| #define HAVE_DLFCN_H 1
| #define LT_OBJDIR ".libs/"
| /* end confdefs.h.  */
| #include <ac_nonexistent.h>
configure:12629: result: /home/liaoheng/android-ndk-r13b/toolchains/x86_64-4.9/prebuilt/linux-x86_64/bin/x86_64-linux-android-g++ --sysroot=/home/liaoheng/android-ndk-r13b/platforms/android-21/arch-x86_64 -E
configure:12649: /home/liaoheng/android-ndk-r13b/toolchains/x86_64-4.9/prebuilt/linux-x86_64/bin/x86_64-linux-android-g++ --sysroot=/home/liaoheng/android-ndk-r13b/platforms/android-21/arch-x86_64 -E  conftest.cpp
configure:12649: $? = 0
configure:12663: /home/liaoheng/android-ndk-r13b/toolchains/x86_64-4.9/prebuilt/linux-x86_64/bin/x86_64-linux-android-g++ --sysroot=/home/liaoheng/android-ndk-r13b/platforms/android-21/arch-x86_64 -E  conftest.cpp
conftest.cpp:23:28: fatal error: ac_nonexistent.h: No such file or directory
 #include <ac_nonexistent.h>
                            ^
compilation terminated.
configure:12663: $? = 1
configure: failed program was:
| /* confdefs.h */
| #define PACKAGE_NAME "fdk-aac"
| #define PACKAGE_TARNAME "fdk-aac"
| #define PACKAGE_VERSION "0.1.6"
| #define PACKAGE_STRING "fdk-aac 0.1.6"
| #define PACKAGE_BUGREPORT "http://sourceforge.net/projects/opencore-amr/"
| #define PACKAGE_URL ""
| #define PACKAGE "fdk-aac"
| #define VERSION "0.1.6"
| #define STDC_HEADERS 1
| #define HAVE_SYS_TYPES_H 1
| #define HAVE_SYS_STAT_H 1
| #define HAVE_STDLIB_H 1
| #define HAVE_STRING_H 1
| #define HAVE_MEMORY_H 1
| #define HAVE_STRINGS_H 1
| #define HAVE_INTTYPES_H 1
| #define HAVE_STDINT_H 1
| #define HAVE_UNISTD_H 1
| #define HAVE_DLFCN_H 1
| #define LT_OBJDIR ".libs/"
| /* end confdefs.h.  */
| #include <ac_nonexistent.h>
configure:12825: checking for ld used by /home/liaoheng/android-ndk-r13b/toolchains/x86_64-4.9/prebuilt/linux-x86_64/bin/x86_64-linux-android-g++ --sysroot=/home/liaoheng/android-ndk-r13b/platforms/android-21/arch-x86_64
configure:12892: result: /home/liaoheng/android-ndk-r13b/toolchains/x86_64-4.9/prebuilt/linux-x86_64/bin/x86_64-linux-android-ld -m elf_x86_64
configure:12899: checking if the linker (/home/liaoheng/android-ndk-r13b/toolchains/x86_64-4.9/prebuilt/linux-x86_64/bin/x86_64-linux-android-ld -m elf_x86_64) is GNU ld
configure:12914: result: yes
configure:12969: checking whether the /home/liaoheng/android-ndk-r13b/toolchains/x86_64-4.9/prebuilt/linux-x86_64/bin/x86_64-linux-android-g++ --sysroot=/home/liaoheng/android-ndk-r13b/platforms/android-21/arch-x86_64 linker (/home/liaoheng/android-ndk-r13b/toolchains/x86_64-4.9/prebuilt/linux-x86_64/bin/x86_64-linux-android-ld -m elf_x86_64) supports shared libraries
configure:14042: result: yes
configure:14078: /home/liaoheng/android-ndk-r13b/toolchains/x86_64-4.9/prebuilt/linux-x86_64/bin/x86_64-linux-android-g++ --sysroot=/home/liaoheng/android-ndk-r13b/platforms/android-21/arch-x86_64 -c   conftest.cpp >&5
configure:14081: $? = 0
configure:14562: checking for /home/liaoheng/android-ndk-r13b/toolchains/x86_64-4.9/prebuilt/linux-x86_64/bin/x86_64-linux-android-g++ --sysroot=/home/liaoheng/android-ndk-r13b/platforms/android-21/arch-x86_64 option to produce PIC
configure:14569: result: -fPIC -DPIC
configure:14577: checking if /home/liaoheng/android-ndk-r13b/toolchains/x86_64-4.9/prebuilt/linux-x86_64/bin/x86_64-linux-android-g++ --sysroot=/home/liaoheng/android-ndk-r13b/platforms/android-21/arch-x86_64 PIC flag -fPIC -DPIC works
configure:14595: /home/liaoheng/android-ndk-r13b/toolchains/x86_64-4.9/prebuilt/linux-x86_64/bin/x86_64-linux-android-g++ --sysroot=/home/liaoheng/android-ndk-r13b/platforms/android-21/arch-x86_64 -c   -fPIC -DPIC -DPIC conftest.cpp >&5
configure:14599: $? = 0
configure:14612: result: yes
configure:14635: checking if /home/liaoheng/android-ndk-r13b/toolchains/x86_64-4.9/prebuilt/linux-x86_64/bin/x86_64-linux-android-g++ --sysroot=/home/liaoheng/android-ndk-r13b/platforms/android-21/arch-x86_64 static flag -static works
/home/liaoheng/android-ndk-r13b/toolchains/x86_64-4.9/prebuilt/linux-x86_64/bin/../lib/gcc/x86_64-linux-android/4.9.x/../../../../x86_64-linux-android/bin/ld: warning: skipping incompatible /home/liaoheng/android-ndk-r13b/platforms/android-21/arch-x86_64/usr/lib/libc.a while searching for c
configure:14663: result: no
configure:14675: checking if /home/liaoheng/android-ndk-r13b/toolchains/x86_64-4.9/prebuilt/linux-x86_64/bin/x86_64-linux-android-g++ --sysroot=/home/liaoheng/android-ndk-r13b/platforms/android-21/arch-x86_64 supports -c -o file.o
configure:14696: /home/liaoheng/android-ndk-r13b/toolchains/x86_64-4.9/prebuilt/linux-x86_64/bin/x86_64-linux-android-g++ --sysroot=/home/liaoheng/android-ndk-r13b/platforms/android-21/arch-x86_64 -c   -o out/conftest2.o conftest.cpp >&5
configure:14700: $? = 0
configure:14722: result: yes
configure:14727: checking if /home/liaoheng/android-ndk-r13b/toolchains/x86_64-4.9/prebuilt/linux-x86_64/bin/x86_64-linux-android-g++ --sysroot=/home/liaoheng/android-ndk-r13b/platforms/android-21/arch-x86_64 supports -c -o file.o
configure:14774: result: yes
configure:14804: checking whether the /home/liaoheng/android-ndk-r13b/toolchains/x86_64-4.9/prebuilt/linux-x86_64/bin/x86_64-linux-android-g++ --sysroot=/home/liaoheng/android-ndk-r13b/platforms/android-21/arch-x86_64 linker (/home/liaoheng/android-ndk-r13b/toolchains/x86_64-4.9/prebuilt/linux-x86_64/bin/x86_64-linux-android-ld -m elf_x86_64) supports shared libraries
configure:14847: result: yes
configure:14988: checking dynamic linker characteristics
configure:15745: result: GNU/Linux ld.so
configure:15810: checking how to hardcode library paths into programs
configure:15835: result: immediate
configure:15897: checking for library containing sin
configure:15928: /home/liaoheng/android-ndk-r13b/toolchains/x86_64-4.9/prebuilt/linux-x86_64/bin/x86_64-linux-android-gcc --sysroot=/home/liaoheng/android-ndk-r13b/platforms/android-21/arch-x86_64 -o conftest    -L/home/liaoheng/android-ndk-r13b/platforms/android-21/arch-x86_64/usr/lib     conftest.c  >&5
conftest.c:30:6: warning: conflicting types for built-in function 'sin'
 char sin ();
      ^
/home/liaoheng/android-ndk-r13b/toolchains/x86_64-4.9/prebuilt/linux-x86_64/bin/../lib/gcc/x86_64-linux-android/4.9.x/../../../../x86_64-linux-android/bin/ld: warning: skipping incompatible /home/liaoheng/android-ndk-r13b/platforms/android-21/arch-x86_64/usr/lib/libc.so while searching for c
/home/liaoheng/android-ndk-r13b/toolchains/x86_64-4.9/prebuilt/linux-x86_64/bin/../lib/gcc/x86_64-linux-android/4.9.x/../../../../x86_64-linux-android/bin/ld: warning: skipping incompatible /home/liaoheng/android-ndk-r13b/platforms/android-21/arch-x86_64/usr/lib/libdl.so while searching for dl
/home/liaoheng/ffmpeg-3.4.5/fdk-aac-0.1.6/build/android/temp/x86_64/ccK9nv3N.o:conftest.c:function main: error: undefined reference to 'sin'
collect2: error: ld returned 1 exit status
configure:15928: $? = 1
configure: failed program was:
| /* confdefs.h */
| #define PACKAGE_NAME "fdk-aac"
| #define PACKAGE_TARNAME "fdk-aac"
| #define PACKAGE_VERSION "0.1.6"
| #define PACKAGE_STRING "fdk-aac 0.1.6"
| #define PACKAGE_BUGREPORT "http://sourceforge.net/projects/opencore-amr/"
| #define PACKAGE_URL ""
| #define PACKAGE "fdk-aac"
| #define VERSION "0.1.6"
| #define STDC_HEADERS 1
| #define HAVE_SYS_TYPES_H 1
| #define HAVE_SYS_STAT_H 1
| #define HAVE_STDLIB_H 1
| #define HAVE_STRING_H 1
| #define HAVE_MEMORY_H 1
| #define HAVE_STRINGS_H 1
| #define HAVE_INTTYPES_H 1
| #define HAVE_STDINT_H 1
| #define HAVE_UNISTD_H 1
| #define HAVE_DLFCN_H 1
| #define LT_OBJDIR ".libs/"
| /* end confdefs.h.  */
| 
| /* Override any GCC internal prototype to avoid an error.
|    Use char because int might match the return type of a GCC
|    builtin and then its argument prototype would still apply.  */
| #ifdef __cplusplus
| extern "C"
| #endif
| char sin ();
| int
| main ()
| {
| return sin ();
|   ;
|   return 0;
| }
configure:15928: /home/liaoheng/android-ndk-r13b/toolchains/x86_64-4.9/prebuilt/linux-x86_64/bin/x86_64-linux-android-gcc --sysroot=/home/liaoheng/android-ndk-r13b/platforms/android-21/arch-x86_64 -o conftest    -L/home/liaoheng/android-ndk-r13b/platforms/android-21/arch-x86_64/usr/lib     conftest.c -lm   >&5
conftest.c:30:6: warning: conflicting types for built-in function 'sin'
 char sin ();
      ^
/home/liaoheng/android-ndk-r13b/toolchains/x86_64-4.9/prebuilt/linux-x86_64/bin/../lib/gcc/x86_64-linux-android/4.9.x/../../../../x86_64-linux-android/bin/ld: warning: skipping incompatible /home/liaoheng/android-ndk-r13b/platforms/android-21/arch-x86_64/usr/lib/libm.so while searching for m
/home/liaoheng/android-ndk-r13b/toolchains/x86_64-4.9/prebuilt/linux-x86_64/bin/../lib/gcc/x86_64-linux-android/4.9.x/../../../../x86_64-linux-android/bin/ld: warning: skipping incompatible /home/liaoheng/android-ndk-r13b/platforms/android-21/arch-x86_64/usr/lib/libc.so while searching for c
/home/liaoheng/android-ndk-r13b/toolchains/x86_64-4.9/prebuilt/linux-x86_64/bin/../lib/gcc/x86_64-linux-android/4.9.x/../../../../x86_64-linux-android/bin/ld: warning: skipping incompatible /home/liaoheng/android-ndk-r13b/platforms/android-21/arch-x86_64/usr/lib/libdl.so while searching for dl
configure:15928: $? = 0
configure:15945: result: -lm
configure:16112: checking that generated files are newer than configure
configure:16118: result: done
configure:16149: creating ./config.status

## ---------------------- ##
## Running config.status. ##
## ---------------------- ##

This file was extended by fdk-aac config.status 0.1.6, which was
generated by GNU Autoconf 2.69.  Invocation command line was

  CONFIG_FILES    = 
  CONFIG_HEADERS  = 
  CONFIG_LINKS    = 
  CONFIG_COMMANDS = 
  $ ./config.status 

on liaoheng-VirtualBox

config.status:1080: creating Makefile
config.status:1080: creating fdk-aac.pc
config.status:1252: executing depfiles commands
config.status:1252: executing libtool commands
configure:18367: WARNING: unrecognized options: --enable-pic, --enable-strip

## ---------------- ##
## Cache variables. ##
## ---------------- ##

ac_cv_build=x86_64-pc-linux-gnu
ac_cv_c_compiler_gnu=yes
ac_cv_cxx_compiler_gnu=yes
ac_cv_env_CCC_set=
ac_cv_env_CCC_value=
ac_cv_env_CC_set=set
ac_cv_env_CC_value='/home/liaoheng/android-ndk-r13b/toolchains/x86_64-4.9/prebuilt/linux-x86_64/bin/x86_64-linux-android-gcc --sysroot=/home/liaoheng/android-ndk-r13b/platforms/android-21/arch-x86_64'
ac_cv_env_CFLAGS_set=set
ac_cv_env_CFLAGS_value=
ac_cv_env_CPPFLAGS_set=
ac_cv_env_CPPFLAGS_value=
ac_cv_env_CPP_set=
ac_cv_env_CPP_value=
ac_cv_env_CXXCPP_set=
ac_cv_env_CXXCPP_value=
ac_cv_env_CXXFLAGS_set=set
ac_cv_env_CXXFLAGS_value=
ac_cv_env_CXX_set=set
ac_cv_env_CXX_value='/home/liaoheng/android-ndk-r13b/toolchains/x86_64-4.9/prebuilt/linux-x86_64/bin/x86_64-linux-android-g++ --sysroot=/home/liaoheng/android-ndk-r13b/platforms/android-21/arch-x86_64'
ac_cv_env_LDFLAGS_set=set
ac_cv_env_LDFLAGS_value=' -L/home/liaoheng/android-ndk-r13b/platforms/android-21/arch-x86_64/usr/lib    '
ac_cv_env_LIBS_set=
ac_cv_env_LIBS_value=
ac_cv_env_LT_SYS_LIBRARY_PATH_set=
ac_cv_env_LT_SYS_LIBRARY_PATH_value=
ac_cv_env_build_alias_set=
ac_cv_env_build_alias_value=
ac_cv_env_host_alias_set=set
ac_cv_env_host_alias_value=x86_64-linux
ac_cv_env_target_alias_set=set
ac_cv_env_target_alias_value=android
ac_cv_header_dlfcn_h=yes
ac_cv_header_inttypes_h=yes
ac_cv_header_memory_h=yes
ac_cv_header_stdc=yes
ac_cv_header_stdint_h=yes
ac_cv_header_stdlib_h=yes
ac_cv_header_string_h=yes
ac_cv_header_strings_h=yes
ac_cv_header_sys_stat_h=yes
ac_cv_header_sys_types_h=yes
ac_cv_header_unistd_h=yes
ac_cv_host=x86_64-pc-linux-gnu
ac_cv_objext=o
ac_cv_path_EGREP='/bin/grep -E'
ac_cv_path_FGREP='/bin/grep -F'
ac_cv_path_GREP=/bin/grep
ac_cv_path_SED=/bin/sed
ac_cv_path_install='/usr/bin/install -c'
ac_cv_path_lt_DD=/bin/dd
ac_cv_path_mkdir=/bin/mkdir
ac_cv_prog_AR=/home/liaoheng/android-ndk-r13b/toolchains/x86_64-4.9/prebuilt/linux-x86_64/bin/x86_64-linux-android-ar
ac_cv_prog_AWK=mawk
ac_cv_prog_CC='/home/liaoheng/android-ndk-r13b/toolchains/x86_64-4.9/prebuilt/linux-x86_64/bin/x86_64-linux-android-gcc --sysroot=/home/liaoheng/android-ndk-r13b/platforms/android-21/arch-x86_64'
ac_cv_prog_CPP='/home/liaoheng/android-ndk-r13b/toolchains/x86_64-4.9/prebuilt/linux-x86_64/bin/x86_64-linux-android-gcc --sysroot=/home/liaoheng/android-ndk-r13b/platforms/android-21/arch-x86_64 -E'
ac_cv_prog_CXXCPP='/home/liaoheng/android-ndk-r13b/toolchains/x86_64-4.9/prebuilt/linux-x86_64/bin/x86_64-linux-android-g++ --sysroot=/home/liaoheng/android-ndk-r13b/platforms/android-21/arch-x86_64 -E'
ac_cv_prog_STRIP=strip
ac_cv_prog_ac_ct_MANIFEST_TOOL=mt
ac_cv_prog_ac_ct_OBJDUMP=objdump
ac_cv_prog_ac_ct_RANLIB=ranlib
ac_cv_prog_ac_ct_STRIP=strip
ac_cv_prog_cc_c89=
ac_cv_prog_cc_g=yes
ac_cv_prog_cxx_g=yes
ac_cv_prog_make_make_set=yes
ac_cv_search_sin=-lm
am_cv_CC_dependencies_compiler_type=gcc3
am_cv_CXX_dependencies_compiler_type=gcc3
am_cv_make_support_nested_variables=yes
am_cv_prog_cc_c_o=yes
am_cv_prog_tar_ustar=gnutar
lt_cv_ar_at_file=@
lt_cv_archive_cmds_need_lc=no
lt_cv_deplibs_check_method=pass_all
lt_cv_file_magic_cmd='$MAGIC_CMD'
lt_cv_file_magic_test_file=
lt_cv_ld_reload_flag=-r
lt_cv_nm_interface='BSD nm'
lt_cv_objdir=.libs
lt_cv_path_LD=/home/liaoheng/android-ndk-r13b/toolchains/x86_64-4.9/prebuilt/linux-x86_64/bin/x86_64-linux-android-ld
lt_cv_path_LDCXX='/home/liaoheng/android-ndk-r13b/toolchains/x86_64-4.9/prebuilt/linux-x86_64/bin/x86_64-linux-android-ld -m elf_x86_64'
lt_cv_path_NM='/usr/bin/nm -B'
lt_cv_path_mainfest_tool=no
lt_cv_prog_compiler_c_o=yes
lt_cv_prog_compiler_c_o_CXX=yes
lt_cv_prog_compiler_pic='-fPIC -DPIC'
lt_cv_prog_compiler_pic_CXX='-fPIC -DPIC'
lt_cv_prog_compiler_pic_works=yes
lt_cv_prog_compiler_pic_works_CXX=yes
lt_cv_prog_compiler_rtti_exceptions=no
lt_cv_prog_compiler_static_works=no
lt_cv_prog_compiler_static_works_CXX=no
lt_cv_prog_gnu_ld=yes
lt_cv_prog_gnu_ldcxx=yes
lt_cv_sharedlib_from_linklib_cmd='printf %s\n'
lt_cv_shlibpath_overrides_runpath=no
lt_cv_sys_global_symbol_pipe='sed -n -e '\''s/^.*[	 ]\([ABCDGIRSTW][ABCDGIRSTW]*\)[	 ][	 ]*\([_A-Za-z][_A-Za-z0-9]*\)$/\1 \2 \2/p'\'' | sed '\''/ __gnu_lto/d'\'''
lt_cv_sys_global_symbol_to_c_name_address='sed -n -e '\''s/^: \(.*\) .*$/  {"\1", (void *) 0},/p'\'' -e '\''s/^[ABCDGIRSTW][ABCDGIRSTW]* .* \(.*\)$/  {"\1", (void *) \&\1},/p'\'''
lt_cv_sys_global_symbol_to_c_name_address_lib_prefix='sed -n -e '\''s/^: \(.*\) .*$/  {"\1", (void *) 0},/p'\'' -e '\''s/^[ABCDGIRSTW][ABCDGIRSTW]* .* \(lib.*\)$/  {"\1", (void *) \&\1},/p'\'' -e '\''s/^[ABCDGIRSTW][ABCDGIRSTW]* .* \(.*\)$/  {"lib\1", (void *) \&\1},/p'\'''
lt_cv_sys_global_symbol_to_cdecl='sed -n -e '\''s/^T .* \(.*\)$/extern int \1();/p'\'' -e '\''s/^[ABCDGIRSTW][ABCDGIRSTW]* .* \(.*\)$/extern char \1;/p'\'''
lt_cv_sys_global_symbol_to_import=
lt_cv_sys_max_cmd_len=1572864
lt_cv_to_host_file_cmd=func_convert_file_noop
lt_cv_to_tool_file_cmd=func_convert_file_noop
lt_cv_truncate_bin='/bin/dd bs=4096 count=1'

## ----------------- ##
## Output variables. ##
## ----------------- ##

ACLOCAL='${SHELL} /home/liaoheng/ffmpeg-3.4.5/fdk-aac-0.1.6/missing aclocal-1.15'
AMDEPBACKSLASH='\'
AMDEP_FALSE='#'
AMDEP_TRUE=''
AMTAR='$${TAR-tar}'
AM_BACKSLASH='\'
AM_DEFAULT_V='$(AM_DEFAULT_VERBOSITY)'
AM_DEFAULT_VERBOSITY='0'
AM_V='$(V)'
AR='/home/liaoheng/android-ndk-r13b/toolchains/x86_64-4.9/prebuilt/linux-x86_64/bin/x86_64-linux-android-ar'
AUTOCONF='${SHELL} /home/liaoheng/ffmpeg-3.4.5/fdk-aac-0.1.6/missing autoconf'
AUTOHEADER='${SHELL} /home/liaoheng/ffmpeg-3.4.5/fdk-aac-0.1.6/missing autoheader'
AUTOMAKE='${SHELL} /home/liaoheng/ffmpeg-3.4.5/fdk-aac-0.1.6/missing automake-1.15'
AWK='mawk'
CC='/home/liaoheng/android-ndk-r13b/toolchains/x86_64-4.9/prebuilt/linux-x86_64/bin/x86_64-linux-android-gcc --sysroot=/home/liaoheng/android-ndk-r13b/platforms/android-21/arch-x86_64'
CCDEPMODE='depmode=gcc3'
CFLAGS=''
CPP='/home/liaoheng/android-ndk-r13b/toolchains/x86_64-4.9/prebuilt/linux-x86_64/bin/x86_64-linux-android-gcc --sysroot=/home/liaoheng/android-ndk-r13b/platforms/android-21/arch-x86_64 -E'
CPPFLAGS=''
CXX='/home/liaoheng/android-ndk-r13b/toolchains/x86_64-4.9/prebuilt/linux-x86_64/bin/x86_64-linux-android-g++ --sysroot=/home/liaoheng/android-ndk-r13b/platforms/android-21/arch-x86_64'
CXXCPP='/home/liaoheng/android-ndk-r13b/toolchains/x86_64-4.9/prebuilt/linux-x86_64/bin/x86_64-linux-android-g++ --sysroot=/home/liaoheng/android-ndk-r13b/platforms/android-21/arch-x86_64 -E'
CXXDEPMODE='depmode=gcc3'
CXXFLAGS=''
CYGPATH_W='echo'
DEFS='-DPACKAGE_NAME=\"fdk-aac\" -DPACKAGE_TARNAME=\"fdk-aac\" -DPACKAGE_VERSION=\"0.1.6\" -DPACKAGE_STRING=\"fdk-aac\ 0.1.6\" -DPACKAGE_BUGREPORT=\"http://sourceforge.net/projects/opencore-amr/\" -DPACKAGE_URL=\"\" -DPACKAGE=\"fdk-aac\" -DVERSION=\"0.1.6\" -DSTDC_HEADERS=1 -DHAVE_SYS_TYPES_H=1 -DHAVE_SYS_STAT_H=1 -DHAVE_STDLIB_H=1 -DHAVE_STRING_H=1 -DHAVE_MEMORY_H=1 -DHAVE_STRINGS_H=1 -DHAVE_INTTYPES_H=1 -DHAVE_STDINT_H=1 -DHAVE_UNISTD_H=1 -DHAVE_DLFCN_H=1 -DLT_OBJDIR=\".libs/\"'
DEPDIR='.deps'
DLLTOOL='false'
DSYMUTIL=''
DUMPBIN=''
ECHO_C=''
ECHO_N='-n'
ECHO_T=''
EGREP='/bin/grep -E'
EXAMPLE_FALSE=''
EXAMPLE_TRUE='#'
EXEEXT=''
FDK_AAC_VERSION='1:1:0'
FGREP='/bin/grep -F'
GREP='/bin/grep'
INSTALL_DATA='${INSTALL} -m 644'
INSTALL_PROGRAM='${INSTALL}'
INSTALL_SCRIPT='${INSTALL}'
INSTALL_STRIP_PROGRAM='$(install_sh) -c -s'
LD='/home/liaoheng/android-ndk-r13b/toolchains/x86_64-4.9/prebuilt/linux-x86_64/bin/x86_64-linux-android-ld -m elf_x86_64'
LDFLAGS=' -L/home/liaoheng/android-ndk-r13b/platforms/android-21/arch-x86_64/usr/lib    '
LIBOBJS=''
LIBS='-lm '
LIBS_PRIVATE='-lm '
LIBS_PUBLIC=''
LIBTOOL='$(SHELL) $(top_builddir)/libtool'
LIPO=''
LN_S='ln -s'
LTLIBOBJS=''
LT_SYS_LIBRARY_PATH=''
MAKEINFO='${SHELL} /home/liaoheng/ffmpeg-3.4.5/fdk-aac-0.1.6/missing makeinfo'
MANIFEST_TOOL=':'
MKDIR_P='/bin/mkdir -p'
NM='/usr/bin/nm -B'
NMEDIT=''
OBJDUMP='objdump'
OBJEXT='o'
OTOOL64=''
OTOOL=''
PACKAGE='fdk-aac'
PACKAGE_BUGREPORT='http://sourceforge.net/projects/opencore-amr/'
PACKAGE_NAME='fdk-aac'
PACKAGE_STRING='fdk-aac 0.1.6'
PACKAGE_TARNAME='fdk-aac'
PACKAGE_URL=''
PACKAGE_VERSION='0.1.6'
PATH_SEPARATOR=':'
RANLIB='ranlib'
SED='/bin/sed'
SET_MAKE=''
SHELL='/bin/bash'
STRIP='strip'
VERSION='0.1.6'
ac_ct_AR=''
ac_ct_CC=''
ac_ct_CXX=''
ac_ct_DUMPBIN=''
am__EXEEXT_FALSE=''
am__EXEEXT_TRUE='#'
am__fastdepCC_FALSE='#'
am__fastdepCC_TRUE=''
am__fastdepCXX_FALSE='#'
am__fastdepCXX_TRUE=''
am__include='include'
am__isrc=''
am__leading_dot='.'
am__nodep='_no'
am__quote=''
am__tar='tar --format=ustar -chf - "$$tardir"'
am__untar='tar -xf -'
bindir='${exec_prefix}/bin'
build='x86_64-pc-linux-gnu'
build_alias=''
build_cpu='x86_64'
build_os='linux-gnu'
build_vendor='pc'
datadir='${datarootdir}'
datarootdir='${prefix}/share'
docdir='${datarootdir}/doc/${PACKAGE_TARNAME}'
dvidir='${docdir}'
exec_prefix='${prefix}'
host='x86_64-pc-linux-gnu'
host_alias='x86_64-linux'
host_cpu='x86_64'
host_os='linux-gnu'
host_vendor='pc'
htmldir='${docdir}'
includedir='${prefix}/include'
infodir='${datarootdir}/info'
install_sh='${SHELL} /home/liaoheng/ffmpeg-3.4.5/fdk-aac-0.1.6/install-sh'
libdir='${exec_prefix}/lib'
libexecdir='${exec_prefix}/libexec'
localedir='${datarootdir}/locale'
localstatedir='${prefix}/var'
mandir='${datarootdir}/man'
mkdir_p='$(MKDIR_P)'
oldincludedir='/usr/include'
pdfdir='${docdir}'
prefix='/home/liaoheng/ffmpeg-3.4.5/fdk-aac-0.1.6/build/android/x86_64'
program_transform_name='s,x,x,'
psdir='${docdir}'
runstatedir='${localstatedir}/run'
sbindir='${exec_prefix}/sbin'
sharedstatedir='${prefix}/com'
sysconfdir='${prefix}/etc'
target_alias='android'

## ----------- ##
## confdefs.h. ##
## ----------- ##

/* confdefs.h */
#define PACKAGE_NAME "fdk-aac"
#define PACKAGE_TARNAME "fdk-aac"
#define PACKAGE_VERSION "0.1.6"
#define PACKAGE_STRING "fdk-aac 0.1.6"
#define PACKAGE_BUGREPORT "http://sourceforge.net/projects/opencore-amr/"
#define PACKAGE_URL ""
#define PACKAGE "fdk-aac"
#define VERSION "0.1.6"
#define STDC_HEADERS 1
#define HAVE_SYS_TYPES_H 1
#define HAVE_SYS_STAT_H 1
#define HAVE_STDLIB_H 1
#define HAVE_STRING_H 1
#define HAVE_MEMORY_H 1
#define HAVE_STRINGS_H 1
#define HAVE_INTTYPES_H 1
#define HAVE_STDINT_H 1
#define HAVE_UNISTD_H 1
#define HAVE_DLFCN_H 1
#define LT_OBJDIR ".libs/"

configure: exit 0
