The target system is: Android - 21 - armv7-a
The host system is: Linux - 4.15.0-88-generic - x86_64
Compiling the C compiler identification source file "CMakeCCompilerId.c" succeeded.
Compiler: /home/liaoheng/android-ndk/toolchains/arm-linux-androideabi-4.9/prebuilt/linux-x86_64/bin/arm-linux-androideabi-gcc 
Build flags: 
Id flags: -c 

The output was:
0


Compilation of the C compiler identification source "CMakeCCompilerId.c" produced "CMakeCCompilerId.o"

The C compiler identification is GNU, found in "/home/liaoheng/ffmpeg-3.4.5/x265_2.7/build/android/temp/armeabi-v7a/CMakeFiles/3.10.2/CompilerIdC/CMakeCCompilerId.o"

Compiling the CXX compiler identification source file "CMakeCXXCompilerId.cpp" succeeded.
Compiler: /home/liaoheng/android-ndk/toolchains/arm-linux-androideabi-4.9/prebuilt/linux-x86_64/bin/arm-linux-androideabi-g++ 
Build flags: 
Id flags: -c 

The output was:
0


Compilation of the CXX compiler identification source "CMakeCXXCompilerId.cpp" produced "CMakeCXXCompilerId.o"

The CXX compiler identification is GNU, found in "/home/liaoheng/ffmpeg-3.4.5/x265_2.7/build/android/temp/armeabi-v7a/CMakeFiles/3.10.2/CompilerIdCXX/CMakeCXXCompilerId.o"

Determining if the C compiler works passed with the following output:
Change Dir: /home/liaoheng/ffmpeg-3.4.5/x265_2.7/build/android/temp/armeabi-v7a/CMakeFiles/CMakeTmp

Run Build Command:"/usr/bin/make" "cmTC_9e6bc/fast"
/usr/bin/make -f CMakeFiles/cmTC_9e6bc.dir/build.make CMakeFiles/cmTC_9e6bc.dir/build
make[1]: 进入目录“/home/liaoheng/ffmpeg-3.4.5/x265_2.7/build/android/temp/armeabi-v7a/CMakeFiles/CMakeTmp”
Building C object CMakeFiles/cmTC_9e6bc.dir/testCCompiler.c.o
/home/liaoheng/android-ndk/toolchains/arm-linux-androideabi-4.9/prebuilt/linux-x86_64/bin/arm-linux-androideabi-gcc --sysroot=/home/liaoheng/android-ndk/platforms/android-21/arch-arm  -isystem /home/liaoheng/android-ndk/platforms/android-21/arch-arm/usr/include  -march=armv7-a -mthumb -mfpu=vfpv3-d16 -mfloat-abi=softfp -funwind-tables -no-canonical-prefixes -fexceptions  -g -fPIE   -o CMakeFiles/cmTC_9e6bc.dir/testCCompiler.c.o   -c /home/liaoheng/ffmpeg-3.4.5/x265_2.7/build/android/temp/armeabi-v7a/CMakeFiles/CMakeTmp/testCCompiler.c
Linking C executable cmTC_9e6bc
/usr/bin/cmake -E cmake_link_script CMakeFiles/cmTC_9e6bc.dir/link.txt --verbose=1
/home/liaoheng/android-ndk/toolchains/arm-linux-androideabi-4.9/prebuilt/linux-x86_64/bin/arm-linux-androideabi-gcc --sysroot=/home/liaoheng/android-ndk/platforms/android-21/arch-arm -march=armv7-a -mthumb -mfpu=vfpv3-d16 -mfloat-abi=softfp -funwind-tables -no-canonical-prefixes -fexceptions  -g  -Wl,--fix-cortex-a8  -fPIE -pie -Wl,--gc-sections -Wl,-z,nocopyreloc  CMakeFiles/cmTC_9e6bc.dir/testCCompiler.c.o  -o cmTC_9e6bc 
make[1]: 离开目录“/home/liaoheng/ffmpeg-3.4.5/x265_2.7/build/android/temp/armeabi-v7a/CMakeFiles/CMakeTmp”


Detecting C compiler ABI info compiled with the following output:
Change Dir: /home/liaoheng/ffmpeg-3.4.5/x265_2.7/build/android/temp/armeabi-v7a/CMakeFiles/CMakeTmp

Run Build Command:"/usr/bin/make" "cmTC_08f54/fast"
/usr/bin/make -f CMakeFiles/cmTC_08f54.dir/build.make CMakeFiles/cmTC_08f54.dir/build
make[1]: 进入目录“/home/liaoheng/ffmpeg-3.4.5/x265_2.7/build/android/temp/armeabi-v7a/CMakeFiles/CMakeTmp”
Building C object CMakeFiles/cmTC_08f54.dir/CMakeCCompilerABI.c.o
/home/liaoheng/android-ndk/toolchains/arm-linux-androideabi-4.9/prebuilt/linux-x86_64/bin/arm-linux-androideabi-gcc --sysroot=/home/liaoheng/android-ndk/platforms/android-21/arch-arm  -isystem /home/liaoheng/android-ndk/platforms/android-21/arch-arm/usr/include  -march=armv7-a -mthumb -mfpu=vfpv3-d16 -mfloat-abi=softfp -funwind-tables -no-canonical-prefixes -fexceptions  -g -fPIE   -o CMakeFiles/cmTC_08f54.dir/CMakeCCompilerABI.c.o   -c /usr/share/cmake-3.10/Modules/CMakeCCompilerABI.c
Linking C executable cmTC_08f54
/usr/bin/cmake -E cmake_link_script CMakeFiles/cmTC_08f54.dir/link.txt --verbose=1
/home/liaoheng/android-ndk/toolchains/arm-linux-androideabi-4.9/prebuilt/linux-x86_64/bin/arm-linux-androideabi-gcc --sysroot=/home/liaoheng/android-ndk/platforms/android-21/arch-arm -march=armv7-a -mthumb -mfpu=vfpv3-d16 -mfloat-abi=softfp -funwind-tables -no-canonical-prefixes -fexceptions  -g  -Wl,--fix-cortex-a8  -fPIE -pie -Wl,--gc-sections -Wl,-z,nocopyreloc -v CMakeFiles/cmTC_08f54.dir/CMakeCCompilerABI.c.o  -o cmTC_08f54 
Using built-in specs.
COLLECT_GCC=/home/liaoheng/android-ndk/toolchains/arm-linux-androideabi-4.9/prebuilt/linux-x86_64/bin/arm-linux-androideabi-gcc
COLLECT_LTO_WRAPPER=/home/liaoheng/android-ndk/toolchains/arm-linux-androideabi-4.9/prebuilt/linux-x86_64/bin/../libexec/gcc/arm-linux-androideabi/4.9.x/lto-wrapper
Target: arm-linux-androideabi
Configured with: /usr/local/google/buildbot/src/android/gcc/toolchain/build/../gcc/gcc-4.9/configure --prefix=/tmp/59719db9ae19ff43aef46bbcb79596b6 --target=arm-linux-androideabi --host=x86_64-linux-gnu --build=x86_64-linux-gnu --with-gnu-as --with-gnu-ld --enable-languages=c,c++ --with-gmp=/buildbot/tmp/build/toolchain/temp-install --with-mpfr=/buildbot/tmp/build/toolchain/temp-install --with-mpc=/buildbot/tmp/build/toolchain/temp-install --with-cloog=/buildbot/tmp/build/toolchain/temp-install --with-isl=/buildbot/tmp/build/toolchain/temp-install --with-ppl=/buildbot/tmp/build/toolchain/temp-install --disable-ppl-version-check --disable-cloog-version-check --disable-isl-version-check --enable-cloog-backend=isl --with-host-libstdcxx='-static-libgcc -Wl,-Bstatic,-lstdc++,-Bdynamic -lm' --disable-libssp --enable-threads --disable-nls --disable-libmudflap --disable-libgomp --disable-libstdc__-v3 --disable-sjlj-exceptions --disable-shared --disable-tls --disable-libitm --with-float=soft --with-fpu=vfp --with-arch=armv5te --enable-target-optspace --enable-bionic-libs --enable-libatomic-ifuncs=no --enable-initfini-array --disable-nls --prefix=/tmp/59719db9ae19ff43aef46bbcb79596b6 --with-sysroot=/tmp/59719db9ae19ff43aef46bbcb79596b6/sysroot --with-binutils-version=2.25 --with-mpfr-version=3.1.1 --with-mpc-version=1.0.1 --with-gmp-version=5.0.5 --with-gcc-version=4.9 --with-gdb-version=none --with-gxx-include-dir=/tmp/59719db9ae19ff43aef46bbcb79596b6/include/c++/4.9.x --with-bugurl=http://source.android.com/source/report-bugs.html --enable-languages=c,c++ --disable-bootstrap --enable-plugins --enable-libgomp --enable-gnu-indirect-function --disable-libsanitizer --enable-gold --enable-threads --enable-eh-frame-hdr-for-static --enable-graphite=yes --with-isl-version=0.11.1 --with-cloog-version=0.18.0 --with-arch=armv5te --program-transform-name='s&^&arm-linux-androideabi-&' --enable-gold=default
Thread model: posix
gcc version 4.9.x 20150123 (prerelease) (GCC) 
COMPILER_PATH=/home/liaoheng/android-ndk/toolchains/arm-linux-androideabi-4.9/prebuilt/linux-x86_64/bin/../libexec/gcc/arm-linux-androideabi/4.9.x/:/home/liaoheng/android-ndk/toolchains/arm-linux-androideabi-4.9/prebuilt/linux-x86_64/bin/../libexec/gcc/:/home/liaoheng/android-ndk/toolchains/arm-linux-androideabi-4.9/prebuilt/linux-x86_64/bin/../lib/gcc/arm-linux-androideabi/4.9.x/../../../../arm-linux-androideabi/bin/
LIBRARY_PATH=/home/liaoheng/android-ndk/toolchains/arm-linux-androideabi-4.9/prebuilt/linux-x86_64/bin/../lib/gcc/arm-linux-androideabi/4.9.x/armv7-a/thumb/:/home/liaoheng/android-ndk/toolchains/arm-linux-androideabi-4.9/prebuilt/linux-x86_64/bin/../lib/gcc/arm-linux-androideabi/4.9.x/../../../../arm-linux-androideabi/lib/armv7-a/thumb/:/home/liaoheng/android-ndk/toolchains/arm-linux-androideabi-4.9/prebuilt/linux-x86_64/bin/../lib/gcc/arm-linux-androideabi/4.9.x/:/home/liaoheng/android-ndk/toolchains/arm-linux-androideabi-4.9/prebuilt/linux-x86_64/bin/../lib/gcc/:/home/liaoheng/android-ndk/toolchains/arm-linux-androideabi-4.9/prebuilt/linux-x86_64/bin/../lib/gcc/arm-linux-androideabi/4.9.x/../../../../arm-linux-androideabi/lib/:/home/liaoheng/android-ndk/platforms/android-21/arch-arm/usr/lib/
COLLECT_GCC_OPTIONS='-march=armv7-a' '-mthumb' '-mfpu=vfpv3-d16' '-mfloat-abi=softfp' '-funwind-tables' '-fexceptions' '-g' '-fPIE' '-pie' '-v' '-o' 'cmTC_08f54' '-mtls-dialect=gnu'
 /home/liaoheng/android-ndk/toolchains/arm-linux-androideabi-4.9/prebuilt/linux-x86_64/bin/../libexec/gcc/arm-linux-androideabi/4.9.x/collect2 -plugin /home/liaoheng/android-ndk/toolchains/arm-linux-androideabi-4.9/prebuilt/linux-x86_64/bin/../libexec/gcc/arm-linux-androideabi/4.9.x/liblto_plugin.so -plugin-opt=/home/liaoheng/android-ndk/toolchains/arm-linux-androideabi-4.9/prebuilt/linux-x86_64/bin/../libexec/gcc/arm-linux-androideabi/4.9.x/lto-wrapper -plugin-opt=-fresolution=/tmp/ccxiSVJj.res -plugin-opt=-pass-through=-lgcc -plugin-opt=-pass-through=-lc -plugin-opt=-pass-through=-ldl -plugin-opt=-pass-through=-lgcc --sysroot=/home/liaoheng/android-ndk/platforms/android-21/arch-arm --eh-frame-hdr -dynamic-linker /system/bin/linker -X -m armelf_linux_eabi -z noexecstack -z relro -z now -pie -o cmTC_08f54 /home/liaoheng/android-ndk/platforms/android-21/arch-arm/usr/lib/crtbegin_dynamic.o -L/home/liaoheng/android-ndk/toolchains/arm-linux-androideabi-4.9/prebuilt/linux-x86_64/bin/../lib/gcc/arm-linux-androideabi/4.9.x/armv7-a/thumb -L/home/liaoheng/android-ndk/toolchains/arm-linux-androideabi-4.9/prebuilt/linux-x86_64/bin/../lib/gcc/arm-linux-androideabi/4.9.x/../../../../arm-linux-androideabi/lib/armv7-a/thumb -L/home/liaoheng/android-ndk/toolchains/arm-linux-androideabi-4.9/prebuilt/linux-x86_64/bin/../lib/gcc/arm-linux-androideabi/4.9.x -L/home/liaoheng/android-ndk/toolchains/arm-linux-androideabi-4.9/prebuilt/linux-x86_64/bin/../lib/gcc -L/home/liaoheng/android-ndk/toolchains/arm-linux-androideabi-4.9/prebuilt/linux-x86_64/bin/../lib/gcc/arm-linux-androideabi/4.9.x/../../../../arm-linux-androideabi/lib -L/home/liaoheng/android-ndk/platforms/android-21/arch-arm/usr/lib --fix-cortex-a8 --gc-sections -z nocopyreloc CMakeFiles/cmTC_08f54.dir/CMakeCCompilerABI.c.o -lgcc -lc -ldl -lgcc /home/liaoheng/android-ndk/platforms/android-21/arch-arm/usr/lib/crtend_android.o
make[1]: 离开目录“/home/liaoheng/ffmpeg-3.4.5/x265_2.7/build/android/temp/armeabi-v7a/CMakeFiles/CMakeTmp”


Parsed C implicit link information from above output:
  link line regex: [^( *|.*[/\])(arm-linux-androideabi-ld|CMAKE_LINK_STARTFILE-NOTFOUND|([^/\]+-)?ld|collect2)[^/\]*( |$)]
  ignore line: [Change Dir: /home/liaoheng/ffmpeg-3.4.5/x265_2.7/build/android/temp/armeabi-v7a/CMakeFiles/CMakeTmp]
  ignore line: []
  ignore line: [Run Build Command:"/usr/bin/make" "cmTC_08f54/fast"]
  ignore line: [/usr/bin/make -f CMakeFiles/cmTC_08f54.dir/build.make CMakeFiles/cmTC_08f54.dir/build]
  ignore line: [make[1]: 进入目录“/home/liaoheng/ffmpeg-3.4.5/x265_2.7/build/android/temp/armeabi-v7a/CMakeFiles/CMakeTmp”]
  ignore line: [Building C object CMakeFiles/cmTC_08f54.dir/CMakeCCompilerABI.c.o]
  ignore line: [/home/liaoheng/android-ndk/toolchains/arm-linux-androideabi-4.9/prebuilt/linux-x86_64/bin/arm-linux-androideabi-gcc --sysroot=/home/liaoheng/android-ndk/platforms/android-21/arch-arm  -isystem /home/liaoheng/android-ndk/platforms/android-21/arch-arm/usr/include  -march=armv7-a -mthumb -mfpu=vfpv3-d16 -mfloat-abi=softfp -funwind-tables -no-canonical-prefixes -fexceptions  -g -fPIE   -o CMakeFiles/cmTC_08f54.dir/CMakeCCompilerABI.c.o   -c /usr/share/cmake-3.10/Modules/CMakeCCompilerABI.c]
  ignore line: [Linking C executable cmTC_08f54]
  ignore line: [/usr/bin/cmake -E cmake_link_script CMakeFiles/cmTC_08f54.dir/link.txt --verbose=1]
  ignore line: [/home/liaoheng/android-ndk/toolchains/arm-linux-androideabi-4.9/prebuilt/linux-x86_64/bin/arm-linux-androideabi-gcc --sysroot=/home/liaoheng/android-ndk/platforms/android-21/arch-arm -march=armv7-a -mthumb -mfpu=vfpv3-d16 -mfloat-abi=softfp -funwind-tables -no-canonical-prefixes -fexceptions  -g  -Wl,--fix-cortex-a8  -fPIE -pie -Wl,--gc-sections -Wl,-z,nocopyreloc -v CMakeFiles/cmTC_08f54.dir/CMakeCCompilerABI.c.o  -o cmTC_08f54 ]
  ignore line: [Using built-in specs.]
  ignore line: [COLLECT_GCC=/home/liaoheng/android-ndk/toolchains/arm-linux-androideabi-4.9/prebuilt/linux-x86_64/bin/arm-linux-androideabi-gcc]
  ignore line: [COLLECT_LTO_WRAPPER=/home/liaoheng/android-ndk/toolchains/arm-linux-androideabi-4.9/prebuilt/linux-x86_64/bin/../libexec/gcc/arm-linux-androideabi/4.9.x/lto-wrapper]
  ignore line: [Target: arm-linux-androideabi]
  ignore line: [Configured with: /usr/local/google/buildbot/src/android/gcc/toolchain/build/../gcc/gcc-4.9/configure --prefix=/tmp/59719db9ae19ff43aef46bbcb79596b6 --target=arm-linux-androideabi --host=x86_64-linux-gnu --build=x86_64-linux-gnu --with-gnu-as --with-gnu-ld --enable-languages=c,c++ --with-gmp=/buildbot/tmp/build/toolchain/temp-install --with-mpfr=/buildbot/tmp/build/toolchain/temp-install --with-mpc=/buildbot/tmp/build/toolchain/temp-install --with-cloog=/buildbot/tmp/build/toolchain/temp-install --with-isl=/buildbot/tmp/build/toolchain/temp-install --with-ppl=/buildbot/tmp/build/toolchain/temp-install --disable-ppl-version-check --disable-cloog-version-check --disable-isl-version-check --enable-cloog-backend=isl --with-host-libstdcxx='-static-libgcc -Wl,-Bstatic,-lstdc++,-Bdynamic -lm' --disable-libssp --enable-threads --disable-nls --disable-libmudflap --disable-libgomp --disable-libstdc__-v3 --disable-sjlj-exceptions --disable-shared --disable-tls --disable-libitm --with-float=soft --with-fpu=vfp --with-arch=armv5te --enable-target-optspace --enable-bionic-libs --enable-libatomic-ifuncs=no --enable-initfini-array --disable-nls --prefix=/tmp/59719db9ae19ff43aef46bbcb79596b6 --with-sysroot=/tmp/59719db9ae19ff43aef46bbcb79596b6/sysroot --with-binutils-version=2.25 --with-mpfr-version=3.1.1 --with-mpc-version=1.0.1 --with-gmp-version=5.0.5 --with-gcc-version=4.9 --with-gdb-version=none --with-gxx-include-dir=/tmp/59719db9ae19ff43aef46bbcb79596b6/include/c++/4.9.x --with-bugurl=http://source.android.com/source/report-bugs.html --enable-languages=c,c++ --disable-bootstrap --enable-plugins --enable-libgomp --enable-gnu-indirect-function --disable-libsanitizer --enable-gold --enable-threads --enable-eh-frame-hdr-for-static --enable-graphite=yes --with-isl-version=0.11.1 --with-cloog-version=0.18.0 --with-arch=armv5te --program-transform-name='s&^&arm-linux-androideabi-&' --enable-gold=default]
  ignore line: [Thread model: posix]
  ignore line: [gcc version 4.9.x 20150123 (prerelease) (GCC) ]
  ignore line: [COMPILER_PATH=/home/liaoheng/android-ndk/toolchains/arm-linux-androideabi-4.9/prebuilt/linux-x86_64/bin/../libexec/gcc/arm-linux-androideabi/4.9.x/:/home/liaoheng/android-ndk/toolchains/arm-linux-androideabi-4.9/prebuilt/linux-x86_64/bin/../libexec/gcc/:/home/liaoheng/android-ndk/toolchains/arm-linux-androideabi-4.9/prebuilt/linux-x86_64/bin/../lib/gcc/arm-linux-androideabi/4.9.x/../../../../arm-linux-androideabi/bin/]
  ignore line: [LIBRARY_PATH=/home/liaoheng/android-ndk/toolchains/arm-linux-androideabi-4.9/prebuilt/linux-x86_64/bin/../lib/gcc/arm-linux-androideabi/4.9.x/armv7-a/thumb/:/home/liaoheng/android-ndk/toolchains/arm-linux-androideabi-4.9/prebuilt/linux-x86_64/bin/../lib/gcc/arm-linux-androideabi/4.9.x/../../../../arm-linux-androideabi/lib/armv7-a/thumb/:/home/liaoheng/android-ndk/toolchains/arm-linux-androideabi-4.9/prebuilt/linux-x86_64/bin/../lib/gcc/arm-linux-androideabi/4.9.x/:/home/liaoheng/android-ndk/toolchains/arm-linux-androideabi-4.9/prebuilt/linux-x86_64/bin/../lib/gcc/:/home/liaoheng/android-ndk/toolchains/arm-linux-androideabi-4.9/prebuilt/linux-x86_64/bin/../lib/gcc/arm-linux-androideabi/4.9.x/../../../../arm-linux-androideabi/lib/:/home/liaoheng/android-ndk/platforms/android-21/arch-arm/usr/lib/]
  ignore line: [COLLECT_GCC_OPTIONS='-march=armv7-a' '-mthumb' '-mfpu=vfpv3-d16' '-mfloat-abi=softfp' '-funwind-tables' '-fexceptions' '-g' '-fPIE' '-pie' '-v' '-o' 'cmTC_08f54' '-mtls-dialect=gnu']
  link line: [ /home/liaoheng/android-ndk/toolchains/arm-linux-androideabi-4.9/prebuilt/linux-x86_64/bin/../libexec/gcc/arm-linux-androideabi/4.9.x/collect2 -plugin /home/liaoheng/android-ndk/toolchains/arm-linux-androideabi-4.9/prebuilt/linux-x86_64/bin/../libexec/gcc/arm-linux-androideabi/4.9.x/liblto_plugin.so -plugin-opt=/home/liaoheng/android-ndk/toolchains/arm-linux-androideabi-4.9/prebuilt/linux-x86_64/bin/../libexec/gcc/arm-linux-androideabi/4.9.x/lto-wrapper -plugin-opt=-fresolution=/tmp/ccxiSVJj.res -plugin-opt=-pass-through=-lgcc -plugin-opt=-pass-through=-lc -plugin-opt=-pass-through=-ldl -plugin-opt=-pass-through=-lgcc --sysroot=/home/liaoheng/android-ndk/platforms/android-21/arch-arm --eh-frame-hdr -dynamic-linker /system/bin/linker -X -m armelf_linux_eabi -z noexecstack -z relro -z now -pie -o cmTC_08f54 /home/liaoheng/android-ndk/platforms/android-21/arch-arm/usr/lib/crtbegin_dynamic.o -L/home/liaoheng/android-ndk/toolchains/arm-linux-androideabi-4.9/prebuilt/linux-x86_64/bin/../lib/gcc/arm-linux-androideabi/4.9.x/armv7-a/thumb -L/home/liaoheng/android-ndk/toolchains/arm-linux-androideabi-4.9/prebuilt/linux-x86_64/bin/../lib/gcc/arm-linux-androideabi/4.9.x/../../../../arm-linux-androideabi/lib/armv7-a/thumb -L/home/liaoheng/android-ndk/toolchains/arm-linux-androideabi-4.9/prebuilt/linux-x86_64/bin/../lib/gcc/arm-linux-androideabi/4.9.x -L/home/liaoheng/android-ndk/toolchains/arm-linux-androideabi-4.9/prebuilt/linux-x86_64/bin/../lib/gcc -L/home/liaoheng/android-ndk/toolchains/arm-linux-androideabi-4.9/prebuilt/linux-x86_64/bin/../lib/gcc/arm-linux-androideabi/4.9.x/../../../../arm-linux-androideabi/lib -L/home/liaoheng/android-ndk/platforms/android-21/arch-arm/usr/lib --fix-cortex-a8 --gc-sections -z nocopyreloc CMakeFiles/cmTC_08f54.dir/CMakeCCompilerABI.c.o -lgcc -lc -ldl -lgcc /home/liaoheng/android-ndk/platforms/android-21/arch-arm/usr/lib/crtend_android.o]
    arg [/home/liaoheng/android-ndk/toolchains/arm-linux-androideabi-4.9/prebuilt/linux-x86_64/bin/../libexec/gcc/arm-linux-androideabi/4.9.x/collect2] ==> ignore
    arg [-plugin] ==> ignore
    arg [/home/liaoheng/android-ndk/toolchains/arm-linux-androideabi-4.9/prebuilt/linux-x86_64/bin/../libexec/gcc/arm-linux-androideabi/4.9.x/liblto_plugin.so] ==> ignore
    arg [-plugin-opt=/home/liaoheng/android-ndk/toolchains/arm-linux-androideabi-4.9/prebuilt/linux-x86_64/bin/../libexec/gcc/arm-linux-androideabi/4.9.x/lto-wrapper] ==> ignore
    arg [-plugin-opt=-fresolution=/tmp/ccxiSVJj.res] ==> ignore
    arg [-plugin-opt=-pass-through=-lgcc] ==> ignore
    arg [-plugin-opt=-pass-through=-lc] ==> ignore
    arg [-plugin-opt=-pass-through=-ldl] ==> ignore
    arg [-plugin-opt=-pass-through=-lgcc] ==> ignore
    arg [--sysroot=/home/liaoheng/android-ndk/platforms/android-21/arch-arm] ==> ignore
    arg [--eh-frame-hdr] ==> ignore
    arg [-dynamic-linker] ==> ignore
    arg [/system/bin/linker] ==> ignore
    arg [-X] ==> ignore
    arg [-m] ==> ignore
    arg [armelf_linux_eabi] ==> ignore
    arg [-znoexecstack] ==> ignore
    arg [-zrelro] ==> ignore
    arg [-znow] ==> ignore
    arg [-pie] ==> ignore
    arg [-o] ==> ignore
    arg [cmTC_08f54] ==> ignore
    arg [/home/liaoheng/android-ndk/platforms/android-21/arch-arm/usr/lib/crtbegin_dynamic.o] ==> ignore
    arg [-L/home/liaoheng/android-ndk/toolchains/arm-linux-androideabi-4.9/prebuilt/linux-x86_64/bin/../lib/gcc/arm-linux-androideabi/4.9.x/armv7-a/thumb] ==> dir [/home/liaoheng/android-ndk/toolchains/arm-linux-androideabi-4.9/prebuilt/linux-x86_64/bin/../lib/gcc/arm-linux-androideabi/4.9.x/armv7-a/thumb]
    arg [-L/home/liaoheng/android-ndk/toolchains/arm-linux-androideabi-4.9/prebuilt/linux-x86_64/bin/../lib/gcc/arm-linux-androideabi/4.9.x/../../../../arm-linux-androideabi/lib/armv7-a/thumb] ==> dir [/home/liaoheng/android-ndk/toolchains/arm-linux-androideabi-4.9/prebuilt/linux-x86_64/bin/../lib/gcc/arm-linux-androideabi/4.9.x/../../../../arm-linux-androideabi/lib/armv7-a/thumb]
    arg [-L/home/liaoheng/android-ndk/toolchains/arm-linux-androideabi-4.9/prebuilt/linux-x86_64/bin/../lib/gcc/arm-linux-androideabi/4.9.x] ==> dir [/home/liaoheng/android-ndk/toolchains/arm-linux-androideabi-4.9/prebuilt/linux-x86_64/bin/../lib/gcc/arm-linux-androideabi/4.9.x]
    arg [-L/home/liaoheng/android-ndk/toolchains/arm-linux-androideabi-4.9/prebuilt/linux-x86_64/bin/../lib/gcc] ==> dir [/home/liaoheng/android-ndk/toolchains/arm-linux-androideabi-4.9/prebuilt/linux-x86_64/bin/../lib/gcc]
    arg [-L/home/liaoheng/android-ndk/toolchains/arm-linux-androideabi-4.9/prebuilt/linux-x86_64/bin/../lib/gcc/arm-linux-androideabi/4.9.x/../../../../arm-linux-androideabi/lib] ==> dir [/home/liaoheng/android-ndk/toolchains/arm-linux-androideabi-4.9/prebuilt/linux-x86_64/bin/../lib/gcc/arm-linux-androideabi/4.9.x/../../../../arm-linux-androideabi/lib]
    arg [-L/home/liaoheng/android-ndk/platforms/android-21/arch-arm/usr/lib] ==> dir [/home/liaoheng/android-ndk/platforms/android-21/arch-arm/usr/lib]
    arg [--fix-cortex-a8] ==> ignore
    arg [--gc-sections] ==> ignore
    arg [-znocopyreloc] ==> ignore
    arg [CMakeFiles/cmTC_08f54.dir/CMakeCCompilerABI.c.o] ==> ignore
    arg [-lgcc] ==> lib [gcc]
    arg [-lc] ==> lib [c]
    arg [-ldl] ==> lib [dl]
    arg [-lgcc] ==> lib [gcc]
    arg [/home/liaoheng/android-ndk/platforms/android-21/arch-arm/usr/lib/crtend_android.o] ==> ignore
  collapse library dir [/home/liaoheng/android-ndk/toolchains/arm-linux-androideabi-4.9/prebuilt/linux-x86_64/bin/../lib/gcc/arm-linux-androideabi/4.9.x/armv7-a/thumb] ==> [/home/liaoheng/android-ndk/toolchains/arm-linux-androideabi-4.9/prebuilt/linux-x86_64/lib/gcc/arm-linux-androideabi/4.9.x/armv7-a/thumb]
  collapse library dir [/home/liaoheng/android-ndk/toolchains/arm-linux-androideabi-4.9/prebuilt/linux-x86_64/bin/../lib/gcc/arm-linux-androideabi/4.9.x/../../../../arm-linux-androideabi/lib/armv7-a/thumb] ==> [/home/liaoheng/android-ndk/toolchains/arm-linux-androideabi-4.9/prebuilt/linux-x86_64/arm-linux-androideabi/lib/armv7-a/thumb]
  collapse library dir [/home/liaoheng/android-ndk/toolchains/arm-linux-androideabi-4.9/prebuilt/linux-x86_64/bin/../lib/gcc/arm-linux-androideabi/4.9.x] ==> [/home/liaoheng/android-ndk/toolchains/arm-linux-androideabi-4.9/prebuilt/linux-x86_64/lib/gcc/arm-linux-androideabi/4.9.x]
  collapse library dir [/home/liaoheng/android-ndk/toolchains/arm-linux-androideabi-4.9/prebuilt/linux-x86_64/bin/../lib/gcc] ==> [/home/liaoheng/android-ndk/toolchains/arm-linux-androideabi-4.9/prebuilt/linux-x86_64/lib/gcc]
  collapse library dir [/home/liaoheng/android-ndk/toolchains/arm-linux-androideabi-4.9/prebuilt/linux-x86_64/bin/../lib/gcc/arm-linux-androideabi/4.9.x/../../../../arm-linux-androideabi/lib] ==> [/home/liaoheng/android-ndk/toolchains/arm-linux-androideabi-4.9/prebuilt/linux-x86_64/arm-linux-androideabi/lib]
  collapse library dir [/home/liaoheng/android-ndk/platforms/android-21/arch-arm/usr/lib] ==> [/home/liaoheng/android-ndk/platforms/android-21/arch-arm/usr/lib]
  implicit libs: [gcc;c;dl;gcc]
  implicit dirs: [/home/liaoheng/android-ndk/toolchains/arm-linux-androideabi-4.9/prebuilt/linux-x86_64/lib/gcc/arm-linux-androideabi/4.9.x/armv7-a/thumb;/home/liaoheng/android-ndk/toolchains/arm-linux-androideabi-4.9/prebuilt/linux-x86_64/arm-linux-androideabi/lib/armv7-a/thumb;/home/liaoheng/android-ndk/toolchains/arm-linux-androideabi-4.9/prebuilt/linux-x86_64/lib/gcc/arm-linux-androideabi/4.9.x;/home/liaoheng/android-ndk/toolchains/arm-linux-androideabi-4.9/prebuilt/linux-x86_64/lib/gcc;/home/liaoheng/android-ndk/toolchains/arm-linux-androideabi-4.9/prebuilt/linux-x86_64/arm-linux-androideabi/lib;/home/liaoheng/android-ndk/platforms/android-21/arch-arm/usr/lib]
  implicit fwks: []




Detecting C [-std=c11] compiler features compiled with the following output:
Change Dir: /home/liaoheng/ffmpeg-3.4.5/x265_2.7/build/android/temp/armeabi-v7a/CMakeFiles/CMakeTmp

Run Build Command:"/usr/bin/make" "cmTC_4ea02/fast"
/usr/bin/make -f CMakeFiles/cmTC_4ea02.dir/build.make CMakeFiles/cmTC_4ea02.dir/build
make[1]: 进入目录“/home/liaoheng/ffmpeg-3.4.5/x265_2.7/build/android/temp/armeabi-v7a/CMakeFiles/CMakeTmp”
Building C object CMakeFiles/cmTC_4ea02.dir/feature_tests.c.o
/home/liaoheng/android-ndk/toolchains/arm-linux-androideabi-4.9/prebuilt/linux-x86_64/bin/arm-linux-androideabi-gcc --sysroot=/home/liaoheng/android-ndk/platforms/android-21/arch-arm  -isystem /home/liaoheng/android-ndk/platforms/android-21/arch-arm/usr/include  -march=armv7-a -mthumb -mfpu=vfpv3-d16 -mfloat-abi=softfp -funwind-tables -no-canonical-prefixes -fexceptions  -g -fPIE   -std=c11 -o CMakeFiles/cmTC_4ea02.dir/feature_tests.c.o   -c /home/liaoheng/ffmpeg-3.4.5/x265_2.7/build/android/temp/armeabi-v7a/CMakeFiles/feature_tests.c
Linking C executable cmTC_4ea02
/usr/bin/cmake -E cmake_link_script CMakeFiles/cmTC_4ea02.dir/link.txt --verbose=1
/home/liaoheng/android-ndk/toolchains/arm-linux-androideabi-4.9/prebuilt/linux-x86_64/bin/arm-linux-androideabi-gcc --sysroot=/home/liaoheng/android-ndk/platforms/android-21/arch-arm -march=armv7-a -mthumb -mfpu=vfpv3-d16 -mfloat-abi=softfp -funwind-tables -no-canonical-prefixes -fexceptions  -g  -Wl,--fix-cortex-a8  -fPIE -pie -Wl,--gc-sections -Wl,-z,nocopyreloc  CMakeFiles/cmTC_4ea02.dir/feature_tests.c.o  -o cmTC_4ea02 
make[1]: 离开目录“/home/liaoheng/ffmpeg-3.4.5/x265_2.7/build/android/temp/armeabi-v7a/CMakeFiles/CMakeTmp”


    Feature record: C_FEATURE:1c_function_prototypes
    Feature record: C_FEATURE:1c_restrict
    Feature record: C_FEATURE:1c_static_assert
    Feature record: C_FEATURE:1c_variadic_macros


Detecting C [-std=c99] compiler features compiled with the following output:
Change Dir: /home/liaoheng/ffmpeg-3.4.5/x265_2.7/build/android/temp/armeabi-v7a/CMakeFiles/CMakeTmp

Run Build Command:"/usr/bin/make" "cmTC_550b2/fast"
/usr/bin/make -f CMakeFiles/cmTC_550b2.dir/build.make CMakeFiles/cmTC_550b2.dir/build
make[1]: 进入目录“/home/liaoheng/ffmpeg-3.4.5/x265_2.7/build/android/temp/armeabi-v7a/CMakeFiles/CMakeTmp”
Building C object CMakeFiles/cmTC_550b2.dir/feature_tests.c.o
/home/liaoheng/android-ndk/toolchains/arm-linux-androideabi-4.9/prebuilt/linux-x86_64/bin/arm-linux-androideabi-gcc --sysroot=/home/liaoheng/android-ndk/platforms/android-21/arch-arm  -isystem /home/liaoheng/android-ndk/platforms/android-21/arch-arm/usr/include  -march=armv7-a -mthumb -mfpu=vfpv3-d16 -mfloat-abi=softfp -funwind-tables -no-canonical-prefixes -fexceptions  -g -fPIE   -std=c99 -o CMakeFiles/cmTC_550b2.dir/feature_tests.c.o   -c /home/liaoheng/ffmpeg-3.4.5/x265_2.7/build/android/temp/armeabi-v7a/CMakeFiles/feature_tests.c
Linking C executable cmTC_550b2
/usr/bin/cmake -E cmake_link_script CMakeFiles/cmTC_550b2.dir/link.txt --verbose=1
/home/liaoheng/android-ndk/toolchains/arm-linux-androideabi-4.9/prebuilt/linux-x86_64/bin/arm-linux-androideabi-gcc --sysroot=/home/liaoheng/android-ndk/platforms/android-21/arch-arm -march=armv7-a -mthumb -mfpu=vfpv3-d16 -mfloat-abi=softfp -funwind-tables -no-canonical-prefixes -fexceptions  -g  -Wl,--fix-cortex-a8  -fPIE -pie -Wl,--gc-sections -Wl,-z,nocopyreloc  CMakeFiles/cmTC_550b2.dir/feature_tests.c.o  -o cmTC_550b2 
make[1]: 离开目录“/home/liaoheng/ffmpeg-3.4.5/x265_2.7/build/android/temp/armeabi-v7a/CMakeFiles/CMakeTmp”


    Feature record: C_FEATURE:1c_function_prototypes
    Feature record: C_FEATURE:1c_restrict
    Feature record: C_FEATURE:0c_static_assert
    Feature record: C_FEATURE:1c_variadic_macros


Detecting C [-std=c90] compiler features compiled with the following output:
Change Dir: /home/liaoheng/ffmpeg-3.4.5/x265_2.7/build/android/temp/armeabi-v7a/CMakeFiles/CMakeTmp

Run Build Command:"/usr/bin/make" "cmTC_c4f66/fast"
/usr/bin/make -f CMakeFiles/cmTC_c4f66.dir/build.make CMakeFiles/cmTC_c4f66.dir/build
make[1]: 进入目录“/home/liaoheng/ffmpeg-3.4.5/x265_2.7/build/android/temp/armeabi-v7a/CMakeFiles/CMakeTmp”
Building C object CMakeFiles/cmTC_c4f66.dir/feature_tests.c.o
/home/liaoheng/android-ndk/toolchains/arm-linux-androideabi-4.9/prebuilt/linux-x86_64/bin/arm-linux-androideabi-gcc --sysroot=/home/liaoheng/android-ndk/platforms/android-21/arch-arm  -isystem /home/liaoheng/android-ndk/platforms/android-21/arch-arm/usr/include  -march=armv7-a -mthumb -mfpu=vfpv3-d16 -mfloat-abi=softfp -funwind-tables -no-canonical-prefixes -fexceptions  -g -fPIE   -std=c90 -o CMakeFiles/cmTC_c4f66.dir/feature_tests.c.o   -c /home/liaoheng/ffmpeg-3.4.5/x265_2.7/build/android/temp/armeabi-v7a/CMakeFiles/feature_tests.c
Linking C executable cmTC_c4f66
/usr/bin/cmake -E cmake_link_script CMakeFiles/cmTC_c4f66.dir/link.txt --verbose=1
/home/liaoheng/android-ndk/toolchains/arm-linux-androideabi-4.9/prebuilt/linux-x86_64/bin/arm-linux-androideabi-gcc --sysroot=/home/liaoheng/android-ndk/platforms/android-21/arch-arm -march=armv7-a -mthumb -mfpu=vfpv3-d16 -mfloat-abi=softfp -funwind-tables -no-canonical-prefixes -fexceptions  -g  -Wl,--fix-cortex-a8  -fPIE -pie -Wl,--gc-sections -Wl,-z,nocopyreloc  CMakeFiles/cmTC_c4f66.dir/feature_tests.c.o  -o cmTC_c4f66 
make[1]: 离开目录“/home/liaoheng/ffmpeg-3.4.5/x265_2.7/build/android/temp/armeabi-v7a/CMakeFiles/CMakeTmp”


    Feature record: C_FEATURE:1c_function_prototypes
    Feature record: C_FEATURE:0c_restrict
    Feature record: C_FEATURE:0c_static_assert
    Feature record: C_FEATURE:0c_variadic_macros
Determining if the CXX compiler works passed with the following output:
Change Dir: /home/liaoheng/ffmpeg-3.4.5/x265_2.7/build/android/temp/armeabi-v7a/CMakeFiles/CMakeTmp

Run Build Command:"/usr/bin/make" "cmTC_73cd5/fast"
/usr/bin/make -f CMakeFiles/cmTC_73cd5.dir/build.make CMakeFiles/cmTC_73cd5.dir/build
make[1]: 进入目录“/home/liaoheng/ffmpeg-3.4.5/x265_2.7/build/android/temp/armeabi-v7a/CMakeFiles/CMakeTmp”
Building CXX object CMakeFiles/cmTC_73cd5.dir/testCXXCompiler.cxx.o
/home/liaoheng/android-ndk/toolchains/arm-linux-androideabi-4.9/prebuilt/linux-x86_64/bin/arm-linux-androideabi-g++ --sysroot=/home/liaoheng/android-ndk/platforms/android-21/arch-arm   -isystem /home/liaoheng/android-ndk/sources/cxx-stl/gnu-libstdc++/4.9/include -isystem /home/liaoheng/android-ndk/sources/cxx-stl/gnu-libstdc++/4.9/libs/armeabi-v7a/include -isystem /home/liaoheng/android-ndk/sources/cxx-stl/gnu-libstdc++/4.9/include/backward -isystem /home/liaoheng/android-ndk/platforms/android-21/arch-arm/usr/include  -march=armv7-a -mthumb -mfpu=vfpv3-d16 -mfloat-abi=softfp -funwind-tables -no-canonical-prefixes -fexceptions -frtti  -g -fPIE   -o CMakeFiles/cmTC_73cd5.dir/testCXXCompiler.cxx.o -c /home/liaoheng/ffmpeg-3.4.5/x265_2.7/build/android/temp/armeabi-v7a/CMakeFiles/CMakeTmp/testCXXCompiler.cxx
Linking CXX executable cmTC_73cd5
/usr/bin/cmake -E cmake_link_script CMakeFiles/cmTC_73cd5.dir/link.txt --verbose=1
/home/liaoheng/android-ndk/toolchains/arm-linux-androideabi-4.9/prebuilt/linux-x86_64/bin/arm-linux-androideabi-g++ --sysroot=/home/liaoheng/android-ndk/platforms/android-21/arch-arm  -march=armv7-a -mthumb -mfpu=vfpv3-d16 -mfloat-abi=softfp -funwind-tables -no-canonical-prefixes -fexceptions -frtti  -g  -Wl,--fix-cortex-a8  -fPIE -pie -Wl,--gc-sections -Wl,-z,nocopyreloc  CMakeFiles/cmTC_73cd5.dir/testCXXCompiler.cxx.o  -o cmTC_73cd5  "/home/liaoheng/android-ndk/sources/cxx-stl/gnu-libstdc++/4.9/libs/armeabi-v7a/libgnustl_static.a" 
make[1]: 离开目录“/home/liaoheng/ffmpeg-3.4.5/x265_2.7/build/android/temp/armeabi-v7a/CMakeFiles/CMakeTmp”


Detecting CXX compiler ABI info compiled with the following output:
Change Dir: /home/liaoheng/ffmpeg-3.4.5/x265_2.7/build/android/temp/armeabi-v7a/CMakeFiles/CMakeTmp

Run Build Command:"/usr/bin/make" "cmTC_9defa/fast"
/usr/bin/make -f CMakeFiles/cmTC_9defa.dir/build.make CMakeFiles/cmTC_9defa.dir/build
make[1]: 进入目录“/home/liaoheng/ffmpeg-3.4.5/x265_2.7/build/android/temp/armeabi-v7a/CMakeFiles/CMakeTmp”
Building CXX object CMakeFiles/cmTC_9defa.dir/CMakeCXXCompilerABI.cpp.o
/home/liaoheng/android-ndk/toolchains/arm-linux-androideabi-4.9/prebuilt/linux-x86_64/bin/arm-linux-androideabi-g++ --sysroot=/home/liaoheng/android-ndk/platforms/android-21/arch-arm   -isystem /home/liaoheng/android-ndk/sources/cxx-stl/gnu-libstdc++/4.9/include -isystem /home/liaoheng/android-ndk/sources/cxx-stl/gnu-libstdc++/4.9/libs/armeabi-v7a/include -isystem /home/liaoheng/android-ndk/sources/cxx-stl/gnu-libstdc++/4.9/include/backward -isystem /home/liaoheng/android-ndk/platforms/android-21/arch-arm/usr/include  -march=armv7-a -mthumb -mfpu=vfpv3-d16 -mfloat-abi=softfp -funwind-tables -no-canonical-prefixes -fexceptions -frtti  -g -fPIE   -o CMakeFiles/cmTC_9defa.dir/CMakeCXXCompilerABI.cpp.o -c /usr/share/cmake-3.10/Modules/CMakeCXXCompilerABI.cpp
Linking CXX executable cmTC_9defa
/usr/bin/cmake -E cmake_link_script CMakeFiles/cmTC_9defa.dir/link.txt --verbose=1
/home/liaoheng/android-ndk/toolchains/arm-linux-androideabi-4.9/prebuilt/linux-x86_64/bin/arm-linux-androideabi-g++ --sysroot=/home/liaoheng/android-ndk/platforms/android-21/arch-arm  -march=armv7-a -mthumb -mfpu=vfpv3-d16 -mfloat-abi=softfp -funwind-tables -no-canonical-prefixes -fexceptions -frtti  -g  -Wl,--fix-cortex-a8  -fPIE -pie -Wl,--gc-sections -Wl,-z,nocopyreloc -v CMakeFiles/cmTC_9defa.dir/CMakeCXXCompilerABI.cpp.o  -o cmTC_9defa  "/home/liaoheng/android-ndk/sources/cxx-stl/gnu-libstdc++/4.9/libs/armeabi-v7a/libgnustl_static.a" 
Using built-in specs.
COLLECT_GCC=/home/liaoheng/android-ndk/toolchains/arm-linux-androideabi-4.9/prebuilt/linux-x86_64/bin/arm-linux-androideabi-g++
COLLECT_LTO_WRAPPER=/home/liaoheng/android-ndk/toolchains/arm-linux-androideabi-4.9/prebuilt/linux-x86_64/bin/../libexec/gcc/arm-linux-androideabi/4.9.x/lto-wrapper
Target: arm-linux-androideabi
Configured with: /usr/local/google/buildbot/src/android/gcc/toolchain/build/../gcc/gcc-4.9/configure --prefix=/tmp/59719db9ae19ff43aef46bbcb79596b6 --target=arm-linux-androideabi --host=x86_64-linux-gnu --build=x86_64-linux-gnu --with-gnu-as --with-gnu-ld --enable-languages=c,c++ --with-gmp=/buildbot/tmp/build/toolchain/temp-install --with-mpfr=/buildbot/tmp/build/toolchain/temp-install --with-mpc=/buildbot/tmp/build/toolchain/temp-install --with-cloog=/buildbot/tmp/build/toolchain/temp-install --with-isl=/buildbot/tmp/build/toolchain/temp-install --with-ppl=/buildbot/tmp/build/toolchain/temp-install --disable-ppl-version-check --disable-cloog-version-check --disable-isl-version-check --enable-cloog-backend=isl --with-host-libstdcxx='-static-libgcc -Wl,-Bstatic,-lstdc++,-Bdynamic -lm' --disable-libssp --enable-threads --disable-nls --disable-libmudflap --disable-libgomp --disable-libstdc__-v3 --disable-sjlj-exceptions --disable-shared --disable-tls --disable-libitm --with-float=soft --with-fpu=vfp --with-arch=armv5te --enable-target-optspace --enable-bionic-libs --enable-libatomic-ifuncs=no --enable-initfini-array --disable-nls --prefix=/tmp/59719db9ae19ff43aef46bbcb79596b6 --with-sysroot=/tmp/59719db9ae19ff43aef46bbcb79596b6/sysroot --with-binutils-version=2.25 --with-mpfr-version=3.1.1 --with-mpc-version=1.0.1 --with-gmp-version=5.0.5 --with-gcc-version=4.9 --with-gdb-version=none --with-gxx-include-dir=/tmp/59719db9ae19ff43aef46bbcb79596b6/include/c++/4.9.x --with-bugurl=http://source.android.com/source/report-bugs.html --enable-languages=c,c++ --disable-bootstrap --enable-plugins --enable-libgomp --enable-gnu-indirect-function --disable-libsanitizer --enable-gold --enable-threads --enable-eh-frame-hdr-for-static --enable-graphite=yes --with-isl-version=0.11.1 --with-cloog-version=0.18.0 --with-arch=armv5te --program-transform-name='s&^&arm-linux-androideabi-&' --enable-gold=default
Thread model: posix
gcc version 4.9.x 20150123 (prerelease) (GCC) 
COMPILER_PATH=/home/liaoheng/android-ndk/toolchains/arm-linux-androideabi-4.9/prebuilt/linux-x86_64/bin/../libexec/gcc/arm-linux-androideabi/4.9.x/:/home/liaoheng/android-ndk/toolchains/arm-linux-androideabi-4.9/prebuilt/linux-x86_64/bin/../libexec/gcc/:/home/liaoheng/android-ndk/toolchains/arm-linux-androideabi-4.9/prebuilt/linux-x86_64/bin/../lib/gcc/arm-linux-androideabi/4.9.x/../../../../arm-linux-androideabi/bin/
LIBRARY_PATH=/home/liaoheng/android-ndk/toolchains/arm-linux-androideabi-4.9/prebuilt/linux-x86_64/bin/../lib/gcc/arm-linux-androideabi/4.9.x/armv7-a/thumb/:/home/liaoheng/android-ndk/toolchains/arm-linux-androideabi-4.9/prebuilt/linux-x86_64/bin/../lib/gcc/arm-linux-androideabi/4.9.x/../../../../arm-linux-androideabi/lib/armv7-a/thumb/:/home/liaoheng/android-ndk/toolchains/arm-linux-androideabi-4.9/prebuilt/linux-x86_64/bin/../lib/gcc/arm-linux-androideabi/4.9.x/:/home/liaoheng/android-ndk/toolchains/arm-linux-androideabi-4.9/prebuilt/linux-x86_64/bin/../lib/gcc/:/home/liaoheng/android-ndk/toolchains/arm-linux-androideabi-4.9/prebuilt/linux-x86_64/bin/../lib/gcc/arm-linux-androideabi/4.9.x/../../../../arm-linux-androideabi/lib/:/home/liaoheng/android-ndk/platforms/android-21/arch-arm/usr/lib/
COLLECT_GCC_OPTIONS='-march=armv7-a' '-mthumb' '-mfpu=vfpv3-d16' '-mfloat-abi=softfp' '-funwind-tables' '-fexceptions' '-frtti' '-g' '-fPIE' '-pie' '-v' '-o' 'cmTC_9defa' '-mtls-dialect=gnu'
 /home/liaoheng/android-ndk/toolchains/arm-linux-androideabi-4.9/prebuilt/linux-x86_64/bin/../libexec/gcc/arm-linux-androideabi/4.9.x/collect2 -plugin /home/liaoheng/android-ndk/toolchains/arm-linux-androideabi-4.9/prebuilt/linux-x86_64/bin/../libexec/gcc/arm-linux-androideabi/4.9.x/liblto_plugin.so -plugin-opt=/home/liaoheng/android-ndk/toolchains/arm-linux-androideabi-4.9/prebuilt/linux-x86_64/bin/../libexec/gcc/arm-linux-androideabi/4.9.x/lto-wrapper -plugin-opt=-fresolution=/tmp/cc73NweD.res -plugin-opt=-pass-through=-lgcc -plugin-opt=-pass-through=-lc -plugin-opt=-pass-through=-ldl -plugin-opt=-pass-through=-lgcc --sysroot=/home/liaoheng/android-ndk/platforms/android-21/arch-arm --eh-frame-hdr -dynamic-linker /system/bin/linker -X -m armelf_linux_eabi -z noexecstack -z relro -z now -pie -o cmTC_9defa /home/liaoheng/android-ndk/platforms/android-21/arch-arm/usr/lib/crtbegin_dynamic.o -L/home/liaoheng/android-ndk/toolchains/arm-linux-androideabi-4.9/prebuilt/linux-x86_64/bin/../lib/gcc/arm-linux-androideabi/4.9.x/armv7-a/thumb -L/home/liaoheng/android-ndk/toolchains/arm-linux-androideabi-4.9/prebuilt/linux-x86_64/bin/../lib/gcc/arm-linux-androideabi/4.9.x/../../../../arm-linux-androideabi/lib/armv7-a/thumb -L/home/liaoheng/android-ndk/toolchains/arm-linux-androideabi-4.9/prebuilt/linux-x86_64/bin/../lib/gcc/arm-linux-androideabi/4.9.x -L/home/liaoheng/android-ndk/toolchains/arm-linux-androideabi-4.9/prebuilt/linux-x86_64/bin/../lib/gcc -L/home/liaoheng/android-ndk/toolchains/arm-linux-androideabi-4.9/prebuilt/linux-x86_64/bin/../lib/gcc/arm-linux-androideabi/4.9.x/../../../../arm-linux-androideabi/lib -L/home/liaoheng/android-ndk/platforms/android-21/arch-arm/usr/lib --fix-cortex-a8 --gc-sections -z nocopyreloc CMakeFiles/cmTC_9defa.dir/CMakeCXXCompilerABI.cpp.o /home/liaoheng/android-ndk/sources/cxx-stl/gnu-libstdc++/4.9/libs/armeabi-v7a/libgnustl_static.a -lstdc++ -lm -lgcc -lc -ldl -lgcc /home/liaoheng/android-ndk/platforms/android-21/arch-arm/usr/lib/crtend_android.o
make[1]: 离开目录“/home/liaoheng/ffmpeg-3.4.5/x265_2.7/build/android/temp/armeabi-v7a/CMakeFiles/CMakeTmp”


Parsed CXX implicit link information from above output:
  link line regex: [^( *|.*[/\])(arm-linux-androideabi-ld|CMAKE_LINK_STARTFILE-NOTFOUND|([^/\]+-)?ld|collect2)[^/\]*( |$)]
  ignore line: [Change Dir: /home/liaoheng/ffmpeg-3.4.5/x265_2.7/build/android/temp/armeabi-v7a/CMakeFiles/CMakeTmp]
  ignore line: []
  ignore line: [Run Build Command:"/usr/bin/make" "cmTC_9defa/fast"]
  ignore line: [/usr/bin/make -f CMakeFiles/cmTC_9defa.dir/build.make CMakeFiles/cmTC_9defa.dir/build]
  ignore line: [make[1]: 进入目录“/home/liaoheng/ffmpeg-3.4.5/x265_2.7/build/android/temp/armeabi-v7a/CMakeFiles/CMakeTmp”]
  ignore line: [Building CXX object CMakeFiles/cmTC_9defa.dir/CMakeCXXCompilerABI.cpp.o]
  ignore line: [/home/liaoheng/android-ndk/toolchains/arm-linux-androideabi-4.9/prebuilt/linux-x86_64/bin/arm-linux-androideabi-g++ --sysroot=/home/liaoheng/android-ndk/platforms/android-21/arch-arm   -isystem /home/liaoheng/android-ndk/sources/cxx-stl/gnu-libstdc++/4.9/include -isystem /home/liaoheng/android-ndk/sources/cxx-stl/gnu-libstdc++/4.9/libs/armeabi-v7a/include -isystem /home/liaoheng/android-ndk/sources/cxx-stl/gnu-libstdc++/4.9/include/backward -isystem /home/liaoheng/android-ndk/platforms/android-21/arch-arm/usr/include  -march=armv7-a -mthumb -mfpu=vfpv3-d16 -mfloat-abi=softfp -funwind-tables -no-canonical-prefixes -fexceptions -frtti  -g -fPIE   -o CMakeFiles/cmTC_9defa.dir/CMakeCXXCompilerABI.cpp.o -c /usr/share/cmake-3.10/Modules/CMakeCXXCompilerABI.cpp]
  ignore line: [Linking CXX executable cmTC_9defa]
  ignore line: [/usr/bin/cmake -E cmake_link_script CMakeFiles/cmTC_9defa.dir/link.txt --verbose=1]
  ignore line: [/home/liaoheng/android-ndk/toolchains/arm-linux-androideabi-4.9/prebuilt/linux-x86_64/bin/arm-linux-androideabi-g++ --sysroot=/home/liaoheng/android-ndk/platforms/android-21/arch-arm  -march=armv7-a -mthumb -mfpu=vfpv3-d16 -mfloat-abi=softfp -funwind-tables -no-canonical-prefixes -fexceptions -frtti  -g  -Wl,--fix-cortex-a8  -fPIE -pie -Wl,--gc-sections -Wl,-z,nocopyreloc -v CMakeFiles/cmTC_9defa.dir/CMakeCXXCompilerABI.cpp.o  -o cmTC_9defa  "/home/liaoheng/android-ndk/sources/cxx-stl/gnu-libstdc++/4.9/libs/armeabi-v7a/libgnustl_static.a" ]
  ignore line: [Using built-in specs.]
  ignore line: [COLLECT_GCC=/home/liaoheng/android-ndk/toolchains/arm-linux-androideabi-4.9/prebuilt/linux-x86_64/bin/arm-linux-androideabi-g++]
  ignore line: [COLLECT_LTO_WRAPPER=/home/liaoheng/android-ndk/toolchains/arm-linux-androideabi-4.9/prebuilt/linux-x86_64/bin/../libexec/gcc/arm-linux-androideabi/4.9.x/lto-wrapper]
  ignore line: [Target: arm-linux-androideabi]
  ignore line: [Configured with: /usr/local/google/buildbot/src/android/gcc/toolchain/build/../gcc/gcc-4.9/configure --prefix=/tmp/59719db9ae19ff43aef46bbcb79596b6 --target=arm-linux-androideabi --host=x86_64-linux-gnu --build=x86_64-linux-gnu --with-gnu-as --with-gnu-ld --enable-languages=c,c++ --with-gmp=/buildbot/tmp/build/toolchain/temp-install --with-mpfr=/buildbot/tmp/build/toolchain/temp-install --with-mpc=/buildbot/tmp/build/toolchain/temp-install --with-cloog=/buildbot/tmp/build/toolchain/temp-install --with-isl=/buildbot/tmp/build/toolchain/temp-install --with-ppl=/buildbot/tmp/build/toolchain/temp-install --disable-ppl-version-check --disable-cloog-version-check --disable-isl-version-check --enable-cloog-backend=isl --with-host-libstdcxx='-static-libgcc -Wl,-Bstatic,-lstdc++,-Bdynamic -lm' --disable-libssp --enable-threads --disable-nls --disable-libmudflap --disable-libgomp --disable-libstdc__-v3 --disable-sjlj-exceptions --disable-shared --disable-tls --disable-libitm --with-float=soft --with-fpu=vfp --with-arch=armv5te --enable-target-optspace --enable-bionic-libs --enable-libatomic-ifuncs=no --enable-initfini-array --disable-nls --prefix=/tmp/59719db9ae19ff43aef46bbcb79596b6 --with-sysroot=/tmp/59719db9ae19ff43aef46bbcb79596b6/sysroot --with-binutils-version=2.25 --with-mpfr-version=3.1.1 --with-mpc-version=1.0.1 --with-gmp-version=5.0.5 --with-gcc-version=4.9 --with-gdb-version=none --with-gxx-include-dir=/tmp/59719db9ae19ff43aef46bbcb79596b6/include/c++/4.9.x --with-bugurl=http://source.android.com/source/report-bugs.html --enable-languages=c,c++ --disable-bootstrap --enable-plugins --enable-libgomp --enable-gnu-indirect-function --disable-libsanitizer --enable-gold --enable-threads --enable-eh-frame-hdr-for-static --enable-graphite=yes --with-isl-version=0.11.1 --with-cloog-version=0.18.0 --with-arch=armv5te --program-transform-name='s&^&arm-linux-androideabi-&' --enable-gold=default]
  ignore line: [Thread model: posix]
  ignore line: [gcc version 4.9.x 20150123 (prerelease) (GCC) ]
  ignore line: [COMPILER_PATH=/home/liaoheng/android-ndk/toolchains/arm-linux-androideabi-4.9/prebuilt/linux-x86_64/bin/../libexec/gcc/arm-linux-androideabi/4.9.x/:/home/liaoheng/android-ndk/toolchains/arm-linux-androideabi-4.9/prebuilt/linux-x86_64/bin/../libexec/gcc/:/home/liaoheng/android-ndk/toolchains/arm-linux-androideabi-4.9/prebuilt/linux-x86_64/bin/../lib/gcc/arm-linux-androideabi/4.9.x/../../../../arm-linux-androideabi/bin/]
  ignore line: [LIBRARY_PATH=/home/liaoheng/android-ndk/toolchains/arm-linux-androideabi-4.9/prebuilt/linux-x86_64/bin/../lib/gcc/arm-linux-androideabi/4.9.x/armv7-a/thumb/:/home/liaoheng/android-ndk/toolchains/arm-linux-androideabi-4.9/prebuilt/linux-x86_64/bin/../lib/gcc/arm-linux-androideabi/4.9.x/../../../../arm-linux-androideabi/lib/armv7-a/thumb/:/home/liaoheng/android-ndk/toolchains/arm-linux-androideabi-4.9/prebuilt/linux-x86_64/bin/../lib/gcc/arm-linux-androideabi/4.9.x/:/home/liaoheng/android-ndk/toolchains/arm-linux-androideabi-4.9/prebuilt/linux-x86_64/bin/../lib/gcc/:/home/liaoheng/android-ndk/toolchains/arm-linux-androideabi-4.9/prebuilt/linux-x86_64/bin/../lib/gcc/arm-linux-androideabi/4.9.x/../../../../arm-linux-androideabi/lib/:/home/liaoheng/android-ndk/platforms/android-21/arch-arm/usr/lib/]
  ignore line: [COLLECT_GCC_OPTIONS='-march=armv7-a' '-mthumb' '-mfpu=vfpv3-d16' '-mfloat-abi=softfp' '-funwind-tables' '-fexceptions' '-frtti' '-g' '-fPIE' '-pie' '-v' '-o' 'cmTC_9defa' '-mtls-dialect=gnu']
  link line: [ /home/liaoheng/android-ndk/toolchains/arm-linux-androideabi-4.9/prebuilt/linux-x86_64/bin/../libexec/gcc/arm-linux-androideabi/4.9.x/collect2 -plugin /home/liaoheng/android-ndk/toolchains/arm-linux-androideabi-4.9/prebuilt/linux-x86_64/bin/../libexec/gcc/arm-linux-androideabi/4.9.x/liblto_plugin.so -plugin-opt=/home/liaoheng/android-ndk/toolchains/arm-linux-androideabi-4.9/prebuilt/linux-x86_64/bin/../libexec/gcc/arm-linux-androideabi/4.9.x/lto-wrapper -plugin-opt=-fresolution=/tmp/cc73NweD.res -plugin-opt=-pass-through=-lgcc -plugin-opt=-pass-through=-lc -plugin-opt=-pass-through=-ldl -plugin-opt=-pass-through=-lgcc --sysroot=/home/liaoheng/android-ndk/platforms/android-21/arch-arm --eh-frame-hdr -dynamic-linker /system/bin/linker -X -m armelf_linux_eabi -z noexecstack -z relro -z now -pie -o cmTC_9defa /home/liaoheng/android-ndk/platforms/android-21/arch-arm/usr/lib/crtbegin_dynamic.o -L/home/liaoheng/android-ndk/toolchains/arm-linux-androideabi-4.9/prebuilt/linux-x86_64/bin/../lib/gcc/arm-linux-androideabi/4.9.x/armv7-a/thumb -L/home/liaoheng/android-ndk/toolchains/arm-linux-androideabi-4.9/prebuilt/linux-x86_64/bin/../lib/gcc/arm-linux-androideabi/4.9.x/../../../../arm-linux-androideabi/lib/armv7-a/thumb -L/home/liaoheng/android-ndk/toolchains/arm-linux-androideabi-4.9/prebuilt/linux-x86_64/bin/../lib/gcc/arm-linux-androideabi/4.9.x -L/home/liaoheng/android-ndk/toolchains/arm-linux-androideabi-4.9/prebuilt/linux-x86_64/bin/../lib/gcc -L/home/liaoheng/android-ndk/toolchains/arm-linux-androideabi-4.9/prebuilt/linux-x86_64/bin/../lib/gcc/arm-linux-androideabi/4.9.x/../../../../arm-linux-androideabi/lib -L/home/liaoheng/android-ndk/platforms/android-21/arch-arm/usr/lib --fix-cortex-a8 --gc-sections -z nocopyreloc CMakeFiles/cmTC_9defa.dir/CMakeCXXCompilerABI.cpp.o /home/liaoheng/android-ndk/sources/cxx-stl/gnu-libstdc++/4.9/libs/armeabi-v7a/libgnustl_static.a -lstdc++ -lm -lgcc -lc -ldl -lgcc /home/liaoheng/android-ndk/platforms/android-21/arch-arm/usr/lib/crtend_android.o]
    arg [/home/liaoheng/android-ndk/toolchains/arm-linux-androideabi-4.9/prebuilt/linux-x86_64/bin/../libexec/gcc/arm-linux-androideabi/4.9.x/collect2] ==> ignore
    arg [-plugin] ==> ignore
    arg [/home/liaoheng/android-ndk/toolchains/arm-linux-androideabi-4.9/prebuilt/linux-x86_64/bin/../libexec/gcc/arm-linux-androideabi/4.9.x/liblto_plugin.so] ==> ignore
    arg [-plugin-opt=/home/liaoheng/android-ndk/toolchains/arm-linux-androideabi-4.9/prebuilt/linux-x86_64/bin/../libexec/gcc/arm-linux-androideabi/4.9.x/lto-wrapper] ==> ignore
    arg [-plugin-opt=-fresolution=/tmp/cc73NweD.res] ==> ignore
    arg [-plugin-opt=-pass-through=-lgcc] ==> ignore
    arg [-plugin-opt=-pass-through=-lc] ==> ignore
    arg [-plugin-opt=-pass-through=-ldl] ==> ignore
    arg [-plugin-opt=-pass-through=-lgcc] ==> ignore
    arg [--sysroot=/home/liaoheng/android-ndk/platforms/android-21/arch-arm] ==> ignore
    arg [--eh-frame-hdr] ==> ignore
    arg [-dynamic-linker] ==> ignore
    arg [/system/bin/linker] ==> ignore
    arg [-X] ==> ignore
    arg [-m] ==> ignore
    arg [armelf_linux_eabi] ==> ignore
    arg [-znoexecstack] ==> ignore
    arg [-zrelro] ==> ignore
    arg [-znow] ==> ignore
    arg [-pie] ==> ignore
    arg [-o] ==> ignore
    arg [cmTC_9defa] ==> ignore
    arg [/home/liaoheng/android-ndk/platforms/android-21/arch-arm/usr/lib/crtbegin_dynamic.o] ==> ignore
    arg [-L/home/liaoheng/android-ndk/toolchains/arm-linux-androideabi-4.9/prebuilt/linux-x86_64/bin/../lib/gcc/arm-linux-androideabi/4.9.x/armv7-a/thumb] ==> dir [/home/liaoheng/android-ndk/toolchains/arm-linux-androideabi-4.9/prebuilt/linux-x86_64/bin/../lib/gcc/arm-linux-androideabi/4.9.x/armv7-a/thumb]
    arg [-L/home/liaoheng/android-ndk/toolchains/arm-linux-androideabi-4.9/prebuilt/linux-x86_64/bin/../lib/gcc/arm-linux-androideabi/4.9.x/../../../../arm-linux-androideabi/lib/armv7-a/thumb] ==> dir [/home/liaoheng/android-ndk/toolchains/arm-linux-androideabi-4.9/prebuilt/linux-x86_64/bin/../lib/gcc/arm-linux-androideabi/4.9.x/../../../../arm-linux-androideabi/lib/armv7-a/thumb]
    arg [-L/home/liaoheng/android-ndk/toolchains/arm-linux-androideabi-4.9/prebuilt/linux-x86_64/bin/../lib/gcc/arm-linux-androideabi/4.9.x] ==> dir [/home/liaoheng/android-ndk/toolchains/arm-linux-androideabi-4.9/prebuilt/linux-x86_64/bin/../lib/gcc/arm-linux-androideabi/4.9.x]
    arg [-L/home/liaoheng/android-ndk/toolchains/arm-linux-androideabi-4.9/prebuilt/linux-x86_64/bin/../lib/gcc] ==> dir [/home/liaoheng/android-ndk/toolchains/arm-linux-androideabi-4.9/prebuilt/linux-x86_64/bin/../lib/gcc]
    arg [-L/home/liaoheng/android-ndk/toolchains/arm-linux-androideabi-4.9/prebuilt/linux-x86_64/bin/../lib/gcc/arm-linux-androideabi/4.9.x/../../../../arm-linux-androideabi/lib] ==> dir [/home/liaoheng/android-ndk/toolchains/arm-linux-androideabi-4.9/prebuilt/linux-x86_64/bin/../lib/gcc/arm-linux-androideabi/4.9.x/../../../../arm-linux-androideabi/lib]
    arg [-L/home/liaoheng/android-ndk/platforms/android-21/arch-arm/usr/lib] ==> dir [/home/liaoheng/android-ndk/platforms/android-21/arch-arm/usr/lib]
    arg [--fix-cortex-a8] ==> ignore
    arg [--gc-sections] ==> ignore
    arg [-znocopyreloc] ==> ignore
    arg [CMakeFiles/cmTC_9defa.dir/CMakeCXXCompilerABI.cpp.o] ==> ignore
    arg [/home/liaoheng/android-ndk/sources/cxx-stl/gnu-libstdc++/4.9/libs/armeabi-v7a/libgnustl_static.a] ==> lib [/home/liaoheng/android-ndk/sources/cxx-stl/gnu-libstdc++/4.9/libs/armeabi-v7a/libgnustl_static.a]
    arg [-lstdc++] ==> lib [stdc++]
    arg [-lm] ==> lib [m]
    arg [-lgcc] ==> lib [gcc]
    arg [-lc] ==> lib [c]
    arg [-ldl] ==> lib [dl]
    arg [-lgcc] ==> lib [gcc]
    arg [/home/liaoheng/android-ndk/platforms/android-21/arch-arm/usr/lib/crtend_android.o] ==> ignore
  collapse library dir [/home/liaoheng/android-ndk/toolchains/arm-linux-androideabi-4.9/prebuilt/linux-x86_64/bin/../lib/gcc/arm-linux-androideabi/4.9.x/armv7-a/thumb] ==> [/home/liaoheng/android-ndk/toolchains/arm-linux-androideabi-4.9/prebuilt/linux-x86_64/lib/gcc/arm-linux-androideabi/4.9.x/armv7-a/thumb]
  collapse library dir [/home/liaoheng/android-ndk/toolchains/arm-linux-androideabi-4.9/prebuilt/linux-x86_64/bin/../lib/gcc/arm-linux-androideabi/4.9.x/../../../../arm-linux-androideabi/lib/armv7-a/thumb] ==> [/home/liaoheng/android-ndk/toolchains/arm-linux-androideabi-4.9/prebuilt/linux-x86_64/arm-linux-androideabi/lib/armv7-a/thumb]
  collapse library dir [/home/liaoheng/android-ndk/toolchains/arm-linux-androideabi-4.9/prebuilt/linux-x86_64/bin/../lib/gcc/arm-linux-androideabi/4.9.x] ==> [/home/liaoheng/android-ndk/toolchains/arm-linux-androideabi-4.9/prebuilt/linux-x86_64/lib/gcc/arm-linux-androideabi/4.9.x]
  collapse library dir [/home/liaoheng/android-ndk/toolchains/arm-linux-androideabi-4.9/prebuilt/linux-x86_64/bin/../lib/gcc] ==> [/home/liaoheng/android-ndk/toolchains/arm-linux-androideabi-4.9/prebuilt/linux-x86_64/lib/gcc]
  collapse library dir [/home/liaoheng/android-ndk/toolchains/arm-linux-androideabi-4.9/prebuilt/linux-x86_64/bin/../lib/gcc/arm-linux-androideabi/4.9.x/../../../../arm-linux-androideabi/lib] ==> [/home/liaoheng/android-ndk/toolchains/arm-linux-androideabi-4.9/prebuilt/linux-x86_64/arm-linux-androideabi/lib]
  collapse library dir [/home/liaoheng/android-ndk/platforms/android-21/arch-arm/usr/lib] ==> [/home/liaoheng/android-ndk/platforms/android-21/arch-arm/usr/lib]
  implicit libs: [/home/liaoheng/android-ndk/sources/cxx-stl/gnu-libstdc++/4.9/libs/armeabi-v7a/libgnustl_static.a;stdc++;m;gcc;c;dl;gcc]
  implicit dirs: [/home/liaoheng/android-ndk/toolchains/arm-linux-androideabi-4.9/prebuilt/linux-x86_64/lib/gcc/arm-linux-androideabi/4.9.x/armv7-a/thumb;/home/liaoheng/android-ndk/toolchains/arm-linux-androideabi-4.9/prebuilt/linux-x86_64/arm-linux-androideabi/lib/armv7-a/thumb;/home/liaoheng/android-ndk/toolchains/arm-linux-androideabi-4.9/prebuilt/linux-x86_64/lib/gcc/arm-linux-androideabi/4.9.x;/home/liaoheng/android-ndk/toolchains/arm-linux-androideabi-4.9/prebuilt/linux-x86_64/lib/gcc;/home/liaoheng/android-ndk/toolchains/arm-linux-androideabi-4.9/prebuilt/linux-x86_64/arm-linux-androideabi/lib;/home/liaoheng/android-ndk/platforms/android-21/arch-arm/usr/lib]
  implicit fwks: []




Detecting CXX [-std=c++14] compiler features compiled with the following output:
Change Dir: /home/liaoheng/ffmpeg-3.4.5/x265_2.7/build/android/temp/armeabi-v7a/CMakeFiles/CMakeTmp

Run Build Command:"/usr/bin/make" "cmTC_72595/fast"
/usr/bin/make -f CMakeFiles/cmTC_72595.dir/build.make CMakeFiles/cmTC_72595.dir/build
make[1]: 进入目录“/home/liaoheng/ffmpeg-3.4.5/x265_2.7/build/android/temp/armeabi-v7a/CMakeFiles/CMakeTmp”
Building CXX object CMakeFiles/cmTC_72595.dir/feature_tests.cxx.o
/home/liaoheng/android-ndk/toolchains/arm-linux-androideabi-4.9/prebuilt/linux-x86_64/bin/arm-linux-androideabi-g++ --sysroot=/home/liaoheng/android-ndk/platforms/android-21/arch-arm   -isystem /home/liaoheng/android-ndk/sources/cxx-stl/gnu-libstdc++/4.9/include -isystem /home/liaoheng/android-ndk/sources/cxx-stl/gnu-libstdc++/4.9/libs/armeabi-v7a/include -isystem /home/liaoheng/android-ndk/sources/cxx-stl/gnu-libstdc++/4.9/include/backward -isystem /home/liaoheng/android-ndk/platforms/android-21/arch-arm/usr/include  -march=armv7-a -mthumb -mfpu=vfpv3-d16 -mfloat-abi=softfp -funwind-tables -no-canonical-prefixes -fexceptions -frtti  -g -fPIE   -std=c++14 -o CMakeFiles/cmTC_72595.dir/feature_tests.cxx.o -c /home/liaoheng/ffmpeg-3.4.5/x265_2.7/build/android/temp/armeabi-v7a/CMakeFiles/feature_tests.cxx
Linking CXX executable cmTC_72595
/usr/bin/cmake -E cmake_link_script CMakeFiles/cmTC_72595.dir/link.txt --verbose=1
/home/liaoheng/android-ndk/toolchains/arm-linux-androideabi-4.9/prebuilt/linux-x86_64/bin/arm-linux-androideabi-g++ --sysroot=/home/liaoheng/android-ndk/platforms/android-21/arch-arm  -march=armv7-a -mthumb -mfpu=vfpv3-d16 -mfloat-abi=softfp -funwind-tables -no-canonical-prefixes -fexceptions -frtti  -g  -Wl,--fix-cortex-a8  -fPIE -pie -Wl,--gc-sections -Wl,-z,nocopyreloc  CMakeFiles/cmTC_72595.dir/feature_tests.cxx.o  -o cmTC_72595  "/home/liaoheng/android-ndk/sources/cxx-stl/gnu-libstdc++/4.9/libs/armeabi-v7a/libgnustl_static.a" 
make[1]: 离开目录“/home/liaoheng/ffmpeg-3.4.5/x265_2.7/build/android/temp/armeabi-v7a/CMakeFiles/CMakeTmp”


    Feature record: CXX_FEATURE:0cxx_aggregate_default_initializers
    Feature record: CXX_FEATURE:1cxx_alias_templates
    Feature record: CXX_FEATURE:1cxx_alignas
    Feature record: CXX_FEATURE:1cxx_alignof
    Feature record: CXX_FEATURE:1cxx_attributes
    Feature record: CXX_FEATURE:1cxx_attribute_deprecated
    Feature record: CXX_FEATURE:1cxx_auto_type
    Feature record: CXX_FEATURE:1cxx_binary_literals
    Feature record: CXX_FEATURE:1cxx_constexpr
    Feature record: CXX_FEATURE:1cxx_contextual_conversions
    Feature record: CXX_FEATURE:1cxx_decltype
    Feature record: CXX_FEATURE:1cxx_decltype_auto
    Feature record: CXX_FEATURE:1cxx_decltype_incomplete_return_types
    Feature record: CXX_FEATURE:1cxx_default_function_template_args
    Feature record: CXX_FEATURE:1cxx_defaulted_functions
    Feature record: CXX_FEATURE:1cxx_defaulted_move_initializers
    Feature record: CXX_FEATURE:1cxx_delegating_constructors
    Feature record: CXX_FEATURE:1cxx_deleted_functions
    Feature record: CXX_FEATURE:1cxx_digit_separators
    Feature record: CXX_FEATURE:1cxx_enum_forward_declarations
    Feature record: CXX_FEATURE:1cxx_explicit_conversions
    Feature record: CXX_FEATURE:1cxx_extended_friend_declarations
    Feature record: CXX_FEATURE:1cxx_extern_templates
    Feature record: CXX_FEATURE:1cxx_final
    Feature record: CXX_FEATURE:1cxx_func_identifier
    Feature record: CXX_FEATURE:1cxx_generalized_initializers
    Feature record: CXX_FEATURE:1cxx_generic_lambdas
    Feature record: CXX_FEATURE:1cxx_inheriting_constructors
    Feature record: CXX_FEATURE:1cxx_inline_namespaces
    Feature record: CXX_FEATURE:1cxx_lambdas
    Feature record: CXX_FEATURE:1cxx_lambda_init_captures
    Feature record: CXX_FEATURE:1cxx_local_type_template_args
    Feature record: CXX_FEATURE:1cxx_long_long_type
    Feature record: CXX_FEATURE:1cxx_noexcept
    Feature record: CXX_FEATURE:1cxx_nonstatic_member_init
    Feature record: CXX_FEATURE:1cxx_nullptr
    Feature record: CXX_FEATURE:1cxx_override
    Feature record: CXX_FEATURE:1cxx_range_for
    Feature record: CXX_FEATURE:1cxx_raw_string_literals
    Feature record: CXX_FEATURE:1cxx_reference_qualified_functions
    Feature record: CXX_FEATURE:0cxx_relaxed_constexpr
    Feature record: CXX_FEATURE:1cxx_return_type_deduction
    Feature record: CXX_FEATURE:1cxx_right_angle_brackets
    Feature record: CXX_FEATURE:1cxx_rvalue_references
    Feature record: CXX_FEATURE:1cxx_sizeof_member
    Feature record: CXX_FEATURE:1cxx_static_assert
    Feature record: CXX_FEATURE:1cxx_strong_enums
    Feature record: CXX_FEATURE:1cxx_template_template_parameters
    Feature record: CXX_FEATURE:1cxx_thread_local
    Feature record: CXX_FEATURE:1cxx_trailing_return_types
    Feature record: CXX_FEATURE:1cxx_unicode_literals
    Feature record: CXX_FEATURE:1cxx_uniform_initialization
    Feature record: CXX_FEATURE:1cxx_unrestricted_unions
    Feature record: CXX_FEATURE:1cxx_user_literals
    Feature record: CXX_FEATURE:0cxx_variable_templates
    Feature record: CXX_FEATURE:1cxx_variadic_macros
    Feature record: CXX_FEATURE:1cxx_variadic_templates


Detecting CXX [-std=c++11] compiler features compiled with the following output:
Change Dir: /home/liaoheng/ffmpeg-3.4.5/x265_2.7/build/android/temp/armeabi-v7a/CMakeFiles/CMakeTmp

Run Build Command:"/usr/bin/make" "cmTC_8739a/fast"
/usr/bin/make -f CMakeFiles/cmTC_8739a.dir/build.make CMakeFiles/cmTC_8739a.dir/build
make[1]: 进入目录“/home/liaoheng/ffmpeg-3.4.5/x265_2.7/build/android/temp/armeabi-v7a/CMakeFiles/CMakeTmp”
Building CXX object CMakeFiles/cmTC_8739a.dir/feature_tests.cxx.o
/home/liaoheng/android-ndk/toolchains/arm-linux-androideabi-4.9/prebuilt/linux-x86_64/bin/arm-linux-androideabi-g++ --sysroot=/home/liaoheng/android-ndk/platforms/android-21/arch-arm   -isystem /home/liaoheng/android-ndk/sources/cxx-stl/gnu-libstdc++/4.9/include -isystem /home/liaoheng/android-ndk/sources/cxx-stl/gnu-libstdc++/4.9/libs/armeabi-v7a/include -isystem /home/liaoheng/android-ndk/sources/cxx-stl/gnu-libstdc++/4.9/include/backward -isystem /home/liaoheng/android-ndk/platforms/android-21/arch-arm/usr/include  -march=armv7-a -mthumb -mfpu=vfpv3-d16 -mfloat-abi=softfp -funwind-tables -no-canonical-prefixes -fexceptions -frtti  -g -fPIE   -std=c++11 -o CMakeFiles/cmTC_8739a.dir/feature_tests.cxx.o -c /home/liaoheng/ffmpeg-3.4.5/x265_2.7/build/android/temp/armeabi-v7a/CMakeFiles/feature_tests.cxx
Linking CXX executable cmTC_8739a
/usr/bin/cmake -E cmake_link_script CMakeFiles/cmTC_8739a.dir/link.txt --verbose=1
/home/liaoheng/android-ndk/toolchains/arm-linux-androideabi-4.9/prebuilt/linux-x86_64/bin/arm-linux-androideabi-g++ --sysroot=/home/liaoheng/android-ndk/platforms/android-21/arch-arm  -march=armv7-a -mthumb -mfpu=vfpv3-d16 -mfloat-abi=softfp -funwind-tables -no-canonical-prefixes -fexceptions -frtti  -g  -Wl,--fix-cortex-a8  -fPIE -pie -Wl,--gc-sections -Wl,-z,nocopyreloc  CMakeFiles/cmTC_8739a.dir/feature_tests.cxx.o  -o cmTC_8739a  "/home/liaoheng/android-ndk/sources/cxx-stl/gnu-libstdc++/4.9/libs/armeabi-v7a/libgnustl_static.a" 
make[1]: 离开目录“/home/liaoheng/ffmpeg-3.4.5/x265_2.7/build/android/temp/armeabi-v7a/CMakeFiles/CMakeTmp”


    Feature record: CXX_FEATURE:0cxx_aggregate_default_initializers
    Feature record: CXX_FEATURE:1cxx_alias_templates
    Feature record: CXX_FEATURE:1cxx_alignas
    Feature record: CXX_FEATURE:1cxx_alignof
    Feature record: CXX_FEATURE:1cxx_attributes
    Feature record: CXX_FEATURE:0cxx_attribute_deprecated
    Feature record: CXX_FEATURE:1cxx_auto_type
    Feature record: CXX_FEATURE:0cxx_binary_literals
    Feature record: CXX_FEATURE:1cxx_constexpr
    Feature record: CXX_FEATURE:0cxx_contextual_conversions
    Feature record: CXX_FEATURE:1cxx_decltype
    Feature record: CXX_FEATURE:0cxx_decltype_auto
    Feature record: CXX_FEATURE:1cxx_decltype_incomplete_return_types
    Feature record: CXX_FEATURE:1cxx_default_function_template_args
    Feature record: CXX_FEATURE:1cxx_defaulted_functions
    Feature record: CXX_FEATURE:1cxx_defaulted_move_initializers
    Feature record: CXX_FEATURE:1cxx_delegating_constructors
    Feature record: CXX_FEATURE:1cxx_deleted_functions
    Feature record: CXX_FEATURE:0cxx_digit_separators
    Feature record: CXX_FEATURE:1cxx_enum_forward_declarations
    Feature record: CXX_FEATURE:1cxx_explicit_conversions
    Feature record: CXX_FEATURE:1cxx_extended_friend_declarations
    Feature record: CXX_FEATURE:1cxx_extern_templates
    Feature record: CXX_FEATURE:1cxx_final
    Feature record: CXX_FEATURE:1cxx_func_identifier
    Feature record: CXX_FEATURE:1cxx_generalized_initializers
    Feature record: CXX_FEATURE:0cxx_generic_lambdas
    Feature record: CXX_FEATURE:1cxx_inheriting_constructors
    Feature record: CXX_FEATURE:1cxx_inline_namespaces
    Feature record: CXX_FEATURE:1cxx_lambdas
    Feature record: CXX_FEATURE:0cxx_lambda_init_captures
    Feature record: CXX_FEATURE:1cxx_local_type_template_args
    Feature record: CXX_FEATURE:1cxx_long_long_type
    Feature record: CXX_FEATURE:1cxx_noexcept
    Feature record: CXX_FEATURE:1cxx_nonstatic_member_init
    Feature record: CXX_FEATURE:1cxx_nullptr
    Feature record: CXX_FEATURE:1cxx_override
    Feature record: CXX_FEATURE:1cxx_range_for
    Feature record: CXX_FEATURE:1cxx_raw_string_literals
    Feature record: CXX_FEATURE:1cxx_reference_qualified_functions
    Feature record: CXX_FEATURE:0cxx_relaxed_constexpr
    Feature record: CXX_FEATURE:0cxx_return_type_deduction
    Feature record: CXX_FEATURE:1cxx_right_angle_brackets
    Feature record: CXX_FEATURE:1cxx_rvalue_references
    Feature record: CXX_FEATURE:1cxx_sizeof_member
    Feature record: CXX_FEATURE:1cxx_static_assert
    Feature record: CXX_FEATURE:1cxx_strong_enums
    Feature record: CXX_FEATURE:1cxx_template_template_parameters
    Feature record: CXX_FEATURE:1cxx_thread_local
    Feature record: CXX_FEATURE:1cxx_trailing_return_types
    Feature record: CXX_FEATURE:1cxx_unicode_literals
    Feature record: CXX_FEATURE:1cxx_uniform_initialization
    Feature record: CXX_FEATURE:1cxx_unrestricted_unions
    Feature record: CXX_FEATURE:1cxx_user_literals
    Feature record: CXX_FEATURE:0cxx_variable_templates
    Feature record: CXX_FEATURE:1cxx_variadic_macros
    Feature record: CXX_FEATURE:1cxx_variadic_templates


Detecting CXX [-std=c++98] compiler features compiled with the following output:
Change Dir: /home/liaoheng/ffmpeg-3.4.5/x265_2.7/build/android/temp/armeabi-v7a/CMakeFiles/CMakeTmp

Run Build Command:"/usr/bin/make" "cmTC_9218c/fast"
/usr/bin/make -f CMakeFiles/cmTC_9218c.dir/build.make CMakeFiles/cmTC_9218c.dir/build
make[1]: 进入目录“/home/liaoheng/ffmpeg-3.4.5/x265_2.7/build/android/temp/armeabi-v7a/CMakeFiles/CMakeTmp”
Building CXX object CMakeFiles/cmTC_9218c.dir/feature_tests.cxx.o
/home/liaoheng/android-ndk/toolchains/arm-linux-androideabi-4.9/prebuilt/linux-x86_64/bin/arm-linux-androideabi-g++ --sysroot=/home/liaoheng/android-ndk/platforms/android-21/arch-arm   -isystem /home/liaoheng/android-ndk/sources/cxx-stl/gnu-libstdc++/4.9/include -isystem /home/liaoheng/android-ndk/sources/cxx-stl/gnu-libstdc++/4.9/libs/armeabi-v7a/include -isystem /home/liaoheng/android-ndk/sources/cxx-stl/gnu-libstdc++/4.9/include/backward -isystem /home/liaoheng/android-ndk/platforms/android-21/arch-arm/usr/include  -march=armv7-a -mthumb -mfpu=vfpv3-d16 -mfloat-abi=softfp -funwind-tables -no-canonical-prefixes -fexceptions -frtti  -g -fPIE   -std=c++98 -o CMakeFiles/cmTC_9218c.dir/feature_tests.cxx.o -c /home/liaoheng/ffmpeg-3.4.5/x265_2.7/build/android/temp/armeabi-v7a/CMakeFiles/feature_tests.cxx
Linking CXX executable cmTC_9218c
/usr/bin/cmake -E cmake_link_script CMakeFiles/cmTC_9218c.dir/link.txt --verbose=1
/home/liaoheng/android-ndk/toolchains/arm-linux-androideabi-4.9/prebuilt/linux-x86_64/bin/arm-linux-androideabi-g++ --sysroot=/home/liaoheng/android-ndk/platforms/android-21/arch-arm  -march=armv7-a -mthumb -mfpu=vfpv3-d16 -mfloat-abi=softfp -funwind-tables -no-canonical-prefixes -fexceptions -frtti  -g  -Wl,--fix-cortex-a8  -fPIE -pie -Wl,--gc-sections -Wl,-z,nocopyreloc  CMakeFiles/cmTC_9218c.dir/feature_tests.cxx.o  -o cmTC_9218c  "/home/liaoheng/android-ndk/sources/cxx-stl/gnu-libstdc++/4.9/libs/armeabi-v7a/libgnustl_static.a" 
make[1]: 离开目录“/home/liaoheng/ffmpeg-3.4.5/x265_2.7/build/android/temp/armeabi-v7a/CMakeFiles/CMakeTmp”


    Feature record: CXX_FEATURE:0cxx_aggregate_default_initializers
    Feature record: CXX_FEATURE:0cxx_alias_templates
    Feature record: CXX_FEATURE:0cxx_alignas
    Feature record: CXX_FEATURE:0cxx_alignof
    Feature record: CXX_FEATURE:0cxx_attributes
    Feature record: CXX_FEATURE:0cxx_attribute_deprecated
    Feature record: CXX_FEATURE:0cxx_auto_type
    Feature record: CXX_FEATURE:0cxx_binary_literals
    Feature record: CXX_FEATURE:0cxx_constexpr
    Feature record: CXX_FEATURE:0cxx_contextual_conversions
    Feature record: CXX_FEATURE:0cxx_decltype
    Feature record: CXX_FEATURE:0cxx_decltype_auto
    Feature record: CXX_FEATURE:0cxx_decltype_incomplete_return_types
    Feature record: CXX_FEATURE:0cxx_default_function_template_args
    Feature record: CXX_FEATURE:0cxx_defaulted_functions
    Feature record: CXX_FEATURE:0cxx_defaulted_move_initializers
    Feature record: CXX_FEATURE:0cxx_delegating_constructors
    Feature record: CXX_FEATURE:0cxx_deleted_functions
    Feature record: CXX_FEATURE:0cxx_digit_separators
    Feature record: CXX_FEATURE:0cxx_enum_forward_declarations
    Feature record: CXX_FEATURE:0cxx_explicit_conversions
    Feature record: CXX_FEATURE:0cxx_extended_friend_declarations
    Feature record: CXX_FEATURE:0cxx_extern_templates
    Feature record: CXX_FEATURE:0cxx_final
    Feature record: CXX_FEATURE:0cxx_func_identifier
    Feature record: CXX_FEATURE:0cxx_generalized_initializers
    Feature record: CXX_FEATURE:0cxx_generic_lambdas
    Feature record: CXX_FEATURE:0cxx_inheriting_constructors
    Feature record: CXX_FEATURE:0cxx_inline_namespaces
    Feature record: CXX_FEATURE:0cxx_lambdas
    Feature record: CXX_FEATURE:0cxx_lambda_init_captures
    Feature record: CXX_FEATURE:0cxx_local_type_template_args
    Feature record: CXX_FEATURE:0cxx_long_long_type
    Feature record: CXX_FEATURE:0cxx_noexcept
    Feature record: CXX_FEATURE:0cxx_nonstatic_member_init
    Feature record: CXX_FEATURE:0cxx_nullptr
    Feature record: CXX_FEATURE:0cxx_override
    Feature record: CXX_FEATURE:0cxx_range_for
    Feature record: CXX_FEATURE:0cxx_raw_string_literals
    Feature record: CXX_FEATURE:0cxx_reference_qualified_functions
    Feature record: CXX_FEATURE:0cxx_relaxed_constexpr
    Feature record: CXX_FEATURE:0cxx_return_type_deduction
    Feature record: CXX_FEATURE:0cxx_right_angle_brackets
    Feature record: CXX_FEATURE:0cxx_rvalue_references
    Feature record: CXX_FEATURE:0cxx_sizeof_member
    Feature record: CXX_FEATURE:0cxx_static_assert
    Feature record: CXX_FEATURE:0cxx_strong_enums
    Feature record: CXX_FEATURE:1cxx_template_template_parameters
    Feature record: CXX_FEATURE:0cxx_thread_local
    Feature record: CXX_FEATURE:0cxx_trailing_return_types
    Feature record: CXX_FEATURE:0cxx_unicode_literals
    Feature record: CXX_FEATURE:0cxx_uniform_initialization
    Feature record: CXX_FEATURE:0cxx_unrestricted_unions
    Feature record: CXX_FEATURE:0cxx_user_literals
    Feature record: CXX_FEATURE:0cxx_variable_templates
    Feature record: CXX_FEATURE:0cxx_variadic_macros
    Feature record: CXX_FEATURE:0cxx_variadic_templates
Determining if files inttypes.h exist passed with the following output:
Change Dir: /home/liaoheng/ffmpeg-3.4.5/x265_2.7/build/android/temp/armeabi-v7a/CMakeFiles/CMakeTmp

Run Build Command:"/usr/bin/make" "cmTC_220d6/fast"
/usr/bin/make -f CMakeFiles/cmTC_220d6.dir/build.make CMakeFiles/cmTC_220d6.dir/build
make[1]: 进入目录“/home/liaoheng/ffmpeg-3.4.5/x265_2.7/build/android/temp/armeabi-v7a/CMakeFiles/CMakeTmp”
Building C object CMakeFiles/cmTC_220d6.dir/CheckIncludeFiles.c.o
/home/liaoheng/android-ndk/toolchains/arm-linux-androideabi-4.9/prebuilt/linux-x86_64/bin/arm-linux-androideabi-gcc --sysroot=/home/liaoheng/android-ndk/platforms/android-21/arch-arm  -isystem /home/liaoheng/android-ndk/platforms/android-21/arch-arm/usr/include  -march=armv7-a -mthumb -mfpu=vfpv3-d16 -mfloat-abi=softfp -funwind-tables -no-canonical-prefixes -fexceptions  -g -fPIE   -o CMakeFiles/cmTC_220d6.dir/CheckIncludeFiles.c.o   -c /home/liaoheng/ffmpeg-3.4.5/x265_2.7/build/android/temp/armeabi-v7a/CMakeFiles/CMakeTmp/CheckIncludeFiles.c
Linking C executable cmTC_220d6
/usr/bin/cmake -E cmake_link_script CMakeFiles/cmTC_220d6.dir/link.txt --verbose=1
/home/liaoheng/android-ndk/toolchains/arm-linux-androideabi-4.9/prebuilt/linux-x86_64/bin/arm-linux-androideabi-gcc --sysroot=/home/liaoheng/android-ndk/platforms/android-21/arch-arm -march=armv7-a -mthumb -mfpu=vfpv3-d16 -mfloat-abi=softfp -funwind-tables -no-canonical-prefixes -fexceptions  -g  -Wl,--fix-cortex-a8  -fPIE -pie -Wl,--gc-sections -Wl,-z,nocopyreloc  CMakeFiles/cmTC_220d6.dir/CheckIncludeFiles.c.o  -o cmTC_220d6 
make[1]: 离开目录“/home/liaoheng/ffmpeg-3.4.5/x265_2.7/build/android/temp/armeabi-v7a/CMakeFiles/CMakeTmp”


Performing C++ SOURCE FILE Test CC_HAS_NO_STRICT_OVERFLOW succeeded with the following output:
Change Dir: /home/liaoheng/ffmpeg-3.4.5/x265_2.7/build/android/temp/armeabi-v7a/CMakeFiles/CMakeTmp

Run Build Command:"/usr/bin/make" "cmTC_5877a/fast"
/usr/bin/make -f CMakeFiles/cmTC_5877a.dir/build.make CMakeFiles/cmTC_5877a.dir/build
make[1]: Entering directory '/home/liaoheng/ffmpeg-3.4.5/x265_2.7/build/android/temp/armeabi-v7a/CMakeFiles/CMakeTmp'
Building CXX object CMakeFiles/cmTC_5877a.dir/src.cxx.o
/home/liaoheng/android-ndk/toolchains/arm-linux-androideabi-4.9/prebuilt/linux-x86_64/bin/arm-linux-androideabi-g++ --sysroot=/home/liaoheng/android-ndk/platforms/android-21/arch-arm   -isystem /home/liaoheng/android-ndk/sources/cxx-stl/gnu-libstdc++/4.9/include -isystem /home/liaoheng/android-ndk/sources/cxx-stl/gnu-libstdc++/4.9/libs/armeabi-v7a/include -isystem /home/liaoheng/android-ndk/sources/cxx-stl/gnu-libstdc++/4.9/include/backward -isystem /home/liaoheng/android-ndk/platforms/android-21/arch-arm/usr/include  -march=armv7-a -mthumb -mfpu=vfpv3-d16 -mfloat-abi=softfp -funwind-tables -no-canonical-prefixes -fexceptions -frtti -DCC_HAS_NO_STRICT_OVERFLOW -g -fPIE   -Wno-strict-overflow -o CMakeFiles/cmTC_5877a.dir/src.cxx.o -c /home/liaoheng/ffmpeg-3.4.5/x265_2.7/build/android/temp/armeabi-v7a/CMakeFiles/CMakeTmp/src.cxx
Linking CXX executable cmTC_5877a
/usr/bin/cmake -E cmake_link_script CMakeFiles/cmTC_5877a.dir/link.txt --verbose=1
/home/liaoheng/android-ndk/toolchains/arm-linux-androideabi-4.9/prebuilt/linux-x86_64/bin/arm-linux-androideabi-g++ --sysroot=/home/liaoheng/android-ndk/platforms/android-21/arch-arm  -march=armv7-a -mthumb -mfpu=vfpv3-d16 -mfloat-abi=softfp -funwind-tables -no-canonical-prefixes -fexceptions -frtti -DCC_HAS_NO_STRICT_OVERFLOW -g  -Wl,--fix-cortex-a8  -fPIE -pie -Wl,--gc-sections -Wl,-z,nocopyreloc  CMakeFiles/cmTC_5877a.dir/src.cxx.o  -o cmTC_5877a  "/home/liaoheng/android-ndk/sources/cxx-stl/gnu-libstdc++/4.9/libs/armeabi-v7a/libgnustl_static.a" 
make[1]: Leaving directory '/home/liaoheng/ffmpeg-3.4.5/x265_2.7/build/android/temp/armeabi-v7a/CMakeFiles/CMakeTmp'

Source file was:
int main() { return 0; }
Performing C++ SOURCE FILE Test CC_HAS_NO_NARROWING succeeded with the following output:
Change Dir: /home/liaoheng/ffmpeg-3.4.5/x265_2.7/build/android/temp/armeabi-v7a/CMakeFiles/CMakeTmp

Run Build Command:"/usr/bin/make" "cmTC_4f143/fast"
/usr/bin/make -f CMakeFiles/cmTC_4f143.dir/build.make CMakeFiles/cmTC_4f143.dir/build
make[1]: Entering directory '/home/liaoheng/ffmpeg-3.4.5/x265_2.7/build/android/temp/armeabi-v7a/CMakeFiles/CMakeTmp'
Building CXX object CMakeFiles/cmTC_4f143.dir/src.cxx.o
/home/liaoheng/android-ndk/toolchains/arm-linux-androideabi-4.9/prebuilt/linux-x86_64/bin/arm-linux-androideabi-g++ --sysroot=/home/liaoheng/android-ndk/platforms/android-21/arch-arm   -isystem /home/liaoheng/android-ndk/sources/cxx-stl/gnu-libstdc++/4.9/include -isystem /home/liaoheng/android-ndk/sources/cxx-stl/gnu-libstdc++/4.9/libs/armeabi-v7a/include -isystem /home/liaoheng/android-ndk/sources/cxx-stl/gnu-libstdc++/4.9/include/backward -isystem /home/liaoheng/android-ndk/platforms/android-21/arch-arm/usr/include  -march=armv7-a -mthumb -mfpu=vfpv3-d16 -mfloat-abi=softfp -funwind-tables -no-canonical-prefixes -fexceptions -frtti -DCC_HAS_NO_NARROWING -g -fPIE   -Wno-narrowing -o CMakeFiles/cmTC_4f143.dir/src.cxx.o -c /home/liaoheng/ffmpeg-3.4.5/x265_2.7/build/android/temp/armeabi-v7a/CMakeFiles/CMakeTmp/src.cxx
Linking CXX executable cmTC_4f143
/usr/bin/cmake -E cmake_link_script CMakeFiles/cmTC_4f143.dir/link.txt --verbose=1
/home/liaoheng/android-ndk/toolchains/arm-linux-androideabi-4.9/prebuilt/linux-x86_64/bin/arm-linux-androideabi-g++ --sysroot=/home/liaoheng/android-ndk/platforms/android-21/arch-arm  -march=armv7-a -mthumb -mfpu=vfpv3-d16 -mfloat-abi=softfp -funwind-tables -no-canonical-prefixes -fexceptions -frtti -DCC_HAS_NO_NARROWING -g  -Wl,--fix-cortex-a8  -fPIE -pie -Wl,--gc-sections -Wl,-z,nocopyreloc  CMakeFiles/cmTC_4f143.dir/src.cxx.o  -o cmTC_4f143  "/home/liaoheng/android-ndk/sources/cxx-stl/gnu-libstdc++/4.9/libs/armeabi-v7a/libgnustl_static.a" 
make[1]: Leaving directory '/home/liaoheng/ffmpeg-3.4.5/x265_2.7/build/android/temp/armeabi-v7a/CMakeFiles/CMakeTmp'

Source file was:
int main() { return 0; }
Performing C++ SOURCE FILE Test CC_HAS_NO_ARRAY_BOUNDS succeeded with the following output:
Change Dir: /home/liaoheng/ffmpeg-3.4.5/x265_2.7/build/android/temp/armeabi-v7a/CMakeFiles/CMakeTmp

Run Build Command:"/usr/bin/make" "cmTC_40ab8/fast"
/usr/bin/make -f CMakeFiles/cmTC_40ab8.dir/build.make CMakeFiles/cmTC_40ab8.dir/build
make[1]: Entering directory '/home/liaoheng/ffmpeg-3.4.5/x265_2.7/build/android/temp/armeabi-v7a/CMakeFiles/CMakeTmp'
Building CXX object CMakeFiles/cmTC_40ab8.dir/src.cxx.o
/home/liaoheng/android-ndk/toolchains/arm-linux-androideabi-4.9/prebuilt/linux-x86_64/bin/arm-linux-androideabi-g++ --sysroot=/home/liaoheng/android-ndk/platforms/android-21/arch-arm   -isystem /home/liaoheng/android-ndk/sources/cxx-stl/gnu-libstdc++/4.9/include -isystem /home/liaoheng/android-ndk/sources/cxx-stl/gnu-libstdc++/4.9/libs/armeabi-v7a/include -isystem /home/liaoheng/android-ndk/sources/cxx-stl/gnu-libstdc++/4.9/include/backward -isystem /home/liaoheng/android-ndk/platforms/android-21/arch-arm/usr/include  -march=armv7-a -mthumb -mfpu=vfpv3-d16 -mfloat-abi=softfp -funwind-tables -no-canonical-prefixes -fexceptions -frtti -DCC_HAS_NO_ARRAY_BOUNDS -g -fPIE   -Wno-array-bounds -o CMakeFiles/cmTC_40ab8.dir/src.cxx.o -c /home/liaoheng/ffmpeg-3.4.5/x265_2.7/build/android/temp/armeabi-v7a/CMakeFiles/CMakeTmp/src.cxx
Linking CXX executable cmTC_40ab8
/usr/bin/cmake -E cmake_link_script CMakeFiles/cmTC_40ab8.dir/link.txt --verbose=1
/home/liaoheng/android-ndk/toolchains/arm-linux-androideabi-4.9/prebuilt/linux-x86_64/bin/arm-linux-androideabi-g++ --sysroot=/home/liaoheng/android-ndk/platforms/android-21/arch-arm  -march=armv7-a -mthumb -mfpu=vfpv3-d16 -mfloat-abi=softfp -funwind-tables -no-canonical-prefixes -fexceptions -frtti -DCC_HAS_NO_ARRAY_BOUNDS -g  -Wl,--fix-cortex-a8  -fPIE -pie -Wl,--gc-sections -Wl,-z,nocopyreloc  CMakeFiles/cmTC_40ab8.dir/src.cxx.o  -o cmTC_40ab8  "/home/liaoheng/android-ndk/sources/cxx-stl/gnu-libstdc++/4.9/libs/armeabi-v7a/libgnustl_static.a" 
make[1]: Leaving directory '/home/liaoheng/ffmpeg-3.4.5/x265_2.7/build/android/temp/armeabi-v7a/CMakeFiles/CMakeTmp'

Source file was:
int main() { return 0; }
Performing C++ SOURCE FILE Test CC_HAS_FAST_MATH succeeded with the following output:
Change Dir: /home/liaoheng/ffmpeg-3.4.5/x265_2.7/build/android/temp/armeabi-v7a/CMakeFiles/CMakeTmp

Run Build Command:"/usr/bin/make" "cmTC_53ac0/fast"
/usr/bin/make -f CMakeFiles/cmTC_53ac0.dir/build.make CMakeFiles/cmTC_53ac0.dir/build
make[1]: Entering directory '/home/liaoheng/ffmpeg-3.4.5/x265_2.7/build/android/temp/armeabi-v7a/CMakeFiles/CMakeTmp'
Building CXX object CMakeFiles/cmTC_53ac0.dir/src.cxx.o
/home/liaoheng/android-ndk/toolchains/arm-linux-androideabi-4.9/prebuilt/linux-x86_64/bin/arm-linux-androideabi-g++ --sysroot=/home/liaoheng/android-ndk/platforms/android-21/arch-arm   -isystem /home/liaoheng/android-ndk/sources/cxx-stl/gnu-libstdc++/4.9/include -isystem /home/liaoheng/android-ndk/sources/cxx-stl/gnu-libstdc++/4.9/libs/armeabi-v7a/include -isystem /home/liaoheng/android-ndk/sources/cxx-stl/gnu-libstdc++/4.9/include/backward -isystem /home/liaoheng/android-ndk/platforms/android-21/arch-arm/usr/include  -march=armv7-a -mthumb -mfpu=vfpv3-d16 -mfloat-abi=softfp -funwind-tables -no-canonical-prefixes -fexceptions -frtti -DCC_HAS_FAST_MATH -g -fPIE   -ffast-math -o CMakeFiles/cmTC_53ac0.dir/src.cxx.o -c /home/liaoheng/ffmpeg-3.4.5/x265_2.7/build/android/temp/armeabi-v7a/CMakeFiles/CMakeTmp/src.cxx
Linking CXX executable cmTC_53ac0
/usr/bin/cmake -E cmake_link_script CMakeFiles/cmTC_53ac0.dir/link.txt --verbose=1
/home/liaoheng/android-ndk/toolchains/arm-linux-androideabi-4.9/prebuilt/linux-x86_64/bin/arm-linux-androideabi-g++ --sysroot=/home/liaoheng/android-ndk/platforms/android-21/arch-arm  -march=armv7-a -mthumb -mfpu=vfpv3-d16 -mfloat-abi=softfp -funwind-tables -no-canonical-prefixes -fexceptions -frtti -DCC_HAS_FAST_MATH -g  -Wl,--fix-cortex-a8  -fPIE -pie -Wl,--gc-sections -Wl,-z,nocopyreloc  CMakeFiles/cmTC_53ac0.dir/src.cxx.o  -o cmTC_53ac0  "/home/liaoheng/android-ndk/sources/cxx-stl/gnu-libstdc++/4.9/libs/armeabi-v7a/libgnustl_static.a" 
make[1]: Leaving directory '/home/liaoheng/ffmpeg-3.4.5/x265_2.7/build/android/temp/armeabi-v7a/CMakeFiles/CMakeTmp'

Source file was:
int main() { return 0; }
Performing C++ SOURCE FILE Test CC_HAS_FNO_EXCEPTIONS_FLAG succeeded with the following output:
Change Dir: /home/liaoheng/ffmpeg-3.4.5/x265_2.7/build/android/temp/armeabi-v7a/CMakeFiles/CMakeTmp

Run Build Command:"/usr/bin/make" "cmTC_5192a/fast"
/usr/bin/make -f CMakeFiles/cmTC_5192a.dir/build.make CMakeFiles/cmTC_5192a.dir/build
make[1]: Entering directory '/home/liaoheng/ffmpeg-3.4.5/x265_2.7/build/android/temp/armeabi-v7a/CMakeFiles/CMakeTmp'
Building CXX object CMakeFiles/cmTC_5192a.dir/src.cxx.o
/home/liaoheng/android-ndk/toolchains/arm-linux-androideabi-4.9/prebuilt/linux-x86_64/bin/arm-linux-androideabi-g++ --sysroot=/home/liaoheng/android-ndk/platforms/android-21/arch-arm   -isystem /home/liaoheng/android-ndk/sources/cxx-stl/gnu-libstdc++/4.9/include -isystem /home/liaoheng/android-ndk/sources/cxx-stl/gnu-libstdc++/4.9/libs/armeabi-v7a/include -isystem /home/liaoheng/android-ndk/sources/cxx-stl/gnu-libstdc++/4.9/include/backward -isystem /home/liaoheng/android-ndk/platforms/android-21/arch-arm/usr/include  -march=armv7-a -mthumb -mfpu=vfpv3-d16 -mfloat-abi=softfp -funwind-tables -no-canonical-prefixes -fexceptions -frtti -DCC_HAS_FNO_EXCEPTIONS_FLAG -g -fPIE   -fno-exceptions -o CMakeFiles/cmTC_5192a.dir/src.cxx.o -c /home/liaoheng/ffmpeg-3.4.5/x265_2.7/build/android/temp/armeabi-v7a/CMakeFiles/CMakeTmp/src.cxx
Linking CXX executable cmTC_5192a
/usr/bin/cmake -E cmake_link_script CMakeFiles/cmTC_5192a.dir/link.txt --verbose=1
/home/liaoheng/android-ndk/toolchains/arm-linux-androideabi-4.9/prebuilt/linux-x86_64/bin/arm-linux-androideabi-g++ --sysroot=/home/liaoheng/android-ndk/platforms/android-21/arch-arm  -march=armv7-a -mthumb -mfpu=vfpv3-d16 -mfloat-abi=softfp -funwind-tables -no-canonical-prefixes -fexceptions -frtti -DCC_HAS_FNO_EXCEPTIONS_FLAG -g  -Wl,--fix-cortex-a8  -fPIE -pie -Wl,--gc-sections -Wl,-z,nocopyreloc  CMakeFiles/cmTC_5192a.dir/src.cxx.o  -o cmTC_5192a  "/home/liaoheng/android-ndk/sources/cxx-stl/gnu-libstdc++/4.9/libs/armeabi-v7a/libgnustl_static.a" 
make[1]: Leaving directory '/home/liaoheng/ffmpeg-3.4.5/x265_2.7/build/android/temp/armeabi-v7a/CMakeFiles/CMakeTmp'

Source file was:
int main() { return 0; }
Determining if the strtok_r exist passed with the following output:
Change Dir: /home/liaoheng/ffmpeg-3.4.5/x265_2.7/build/android/temp/armeabi-v7a/CMakeFiles/CMakeTmp

Run Build Command:"/usr/bin/make" "cmTC_5c66f/fast"
/usr/bin/make -f CMakeFiles/cmTC_5c66f.dir/build.make CMakeFiles/cmTC_5c66f.dir/build
make[1]: 进入目录“/home/liaoheng/ffmpeg-3.4.5/x265_2.7/build/android/temp/armeabi-v7a/CMakeFiles/CMakeTmp”
Building C object CMakeFiles/cmTC_5c66f.dir/CheckSymbolExists.c.o
/home/liaoheng/android-ndk/toolchains/arm-linux-androideabi-4.9/prebuilt/linux-x86_64/bin/arm-linux-androideabi-gcc --sysroot=/home/liaoheng/android-ndk/platforms/android-21/arch-arm  -isystem /home/liaoheng/android-ndk/platforms/android-21/arch-arm/usr/include  -march=armv7-a -mthumb -mfpu=vfpv3-d16 -mfloat-abi=softfp -funwind-tables -no-canonical-prefixes -fexceptions  -g -fPIE   -o CMakeFiles/cmTC_5c66f.dir/CheckSymbolExists.c.o   -c /home/liaoheng/ffmpeg-3.4.5/x265_2.7/build/android/temp/armeabi-v7a/CMakeFiles/CMakeTmp/CheckSymbolExists.c
Linking C executable cmTC_5c66f
/usr/bin/cmake -E cmake_link_script CMakeFiles/cmTC_5c66f.dir/link.txt --verbose=1
/home/liaoheng/android-ndk/toolchains/arm-linux-androideabi-4.9/prebuilt/linux-x86_64/bin/arm-linux-androideabi-gcc --sysroot=/home/liaoheng/android-ndk/platforms/android-21/arch-arm -march=armv7-a -mthumb -mfpu=vfpv3-d16 -mfloat-abi=softfp -funwind-tables -no-canonical-prefixes -fexceptions  -g  -Wl,--fix-cortex-a8  -fPIE -pie -Wl,--gc-sections -Wl,-z,nocopyreloc  CMakeFiles/cmTC_5c66f.dir/CheckSymbolExists.c.o  -o cmTC_5c66f 
make[1]: 离开目录“/home/liaoheng/ffmpeg-3.4.5/x265_2.7/build/android/temp/armeabi-v7a/CMakeFiles/CMakeTmp”

File /home/liaoheng/ffmpeg-3.4.5/x265_2.7/build/android/temp/armeabi-v7a/CMakeFiles/CMakeTmp/CheckSymbolExists.c:
/* */
#include <string.h>

int main(int argc, char** argv)
{
  (void)argv;
#ifndef strtok_r
  return ((int*)(&strtok_r))[argc];
#else
  (void)argc;
  return 0;
#endif
}

Determining if files getopt.h exist passed with the following output:
Change Dir: /home/liaoheng/ffmpeg-3.4.5/x265_2.7/build/android/temp/armeabi-v7a/CMakeFiles/CMakeTmp

Run Build Command:"/usr/bin/make" "cmTC_6ad89/fast"
/usr/bin/make -f CMakeFiles/cmTC_6ad89.dir/build.make CMakeFiles/cmTC_6ad89.dir/build
make[1]: 进入目录“/home/liaoheng/ffmpeg-3.4.5/x265_2.7/build/android/temp/armeabi-v7a/CMakeFiles/CMakeTmp”
Building C object CMakeFiles/cmTC_6ad89.dir/CheckIncludeFiles.c.o
/home/liaoheng/android-ndk/toolchains/arm-linux-androideabi-4.9/prebuilt/linux-x86_64/bin/arm-linux-androideabi-gcc --sysroot=/home/liaoheng/android-ndk/platforms/android-21/arch-arm  -isystem /home/liaoheng/android-ndk/platforms/android-21/arch-arm/usr/include  -march=armv7-a -mthumb -mfpu=vfpv3-d16 -mfloat-abi=softfp -funwind-tables -no-canonical-prefixes -fexceptions  -g -fPIE   -o CMakeFiles/cmTC_6ad89.dir/CheckIncludeFiles.c.o   -c /home/liaoheng/ffmpeg-3.4.5/x265_2.7/build/android/temp/armeabi-v7a/CMakeFiles/CMakeTmp/CheckIncludeFiles.c
Linking C executable cmTC_6ad89
/usr/bin/cmake -E cmake_link_script CMakeFiles/cmTC_6ad89.dir/link.txt --verbose=1
/home/liaoheng/android-ndk/toolchains/arm-linux-androideabi-4.9/prebuilt/linux-x86_64/bin/arm-linux-androideabi-gcc --sysroot=/home/liaoheng/android-ndk/platforms/android-21/arch-arm -march=armv7-a -mthumb -mfpu=vfpv3-d16 -mfloat-abi=softfp -funwind-tables -no-canonical-prefixes -fexceptions  -g  -Wl,--fix-cortex-a8  -fPIE -pie -Wl,--gc-sections -Wl,-z,nocopyreloc  CMakeFiles/cmTC_6ad89.dir/CheckIncludeFiles.c.o  -o cmTC_6ad89 
make[1]: 离开目录“/home/liaoheng/ffmpeg-3.4.5/x265_2.7/build/android/temp/armeabi-v7a/CMakeFiles/CMakeTmp”


